<testsuites id="" name="" tests="130" failures="60" skipped="0" errors="0" time="116.596252">
<testsuite name="auth.setup.ts" timestamp="2026-01-09T10:38:08.014Z" hostname="setup" tests="1" failures="0" skipped="0" time="3.246" errors="0">
<testcase name="authenticate" classname="auth.setup.ts" time="3.246">
<system-out>
<![CDATA[Note: App may require actual OAuth. Using mock auth for E2E.

[[ATTACHMENT|../../test-results/auth.setup.ts-authenticate-setup/video.webm]]

[[ATTACHMENT|../../test-results/auth.setup.ts-authenticate-setup/trace.zip]]
]]>
</system-out>
</testcase>
</testsuite>
<testsuite name="auth.e2e.ts" timestamp="2026-01-09T10:38:08.014Z" hostname="chromium" tests="9" failures="4" skipped="0" time="69.624" errors="0">
<testcase name="Authentication › Login Page › should display login page for unauthenticated users" classname="auth.e2e.ts" time="13.108">
<failure message="auth.e2e.ts:14:5 should display login page for unauthenticated users" type="FAILURE">
<![CDATA[  [chromium] › auth.e2e.ts:14:5 › Authentication › Login Page › should display login page for unauthenticated users 

    Error: expect(locator).toContainText(expected) failed

    Locator: locator('h1')
    Expected pattern: /OneEdge|Login|Sign/i
    Received string:  "Unified AI Platform"
    Timeout: 10000ms

    Call log:
      - Expect "toContainText" with timeout 10000ms
      - waiting for locator('h1')
        14 × locator resolved to <h1 class="text-xl lg:text-2xl font-semibold text-foreground">Unified AI Platform</h1>
           - unexpected value "Unified AI Platform"


      16 |
      17 |       // Should show login page
    > 18 |       await expect(page.locator('h1')).toContainText(/OneEdge|Login|Sign/i);
         |                                        ^
      19 |
      20 |       // Should have Google SSO button
      21 |       await expect(
        at /mnt/nas/projects/one-ai-chat/tests/e2e/auth.e2e.ts:18:40

    attachment #1: screenshot (image/png) ──────────────────────────────────────────────────────────
    ../../test-results/auth.e2e.ts-Authentication-aa70d-e-for-unauthenticated-users-chromium/test-failed-1.png
    ────────────────────────────────────────────────────────────────────────────────────────────────

    attachment #2: video (video/webm) ──────────────────────────────────────────────────────────────
    ../../test-results/auth.e2e.ts-Authentication-aa70d-e-for-unauthenticated-users-chromium/video.webm
    ────────────────────────────────────────────────────────────────────────────────────────────────

    Error Context: ../../test-results/auth.e2e.ts-Authentication-aa70d-e-for-unauthenticated-users-chromium/error-context.md

    attachment #4: trace (application/zip) ─────────────────────────────────────────────────────────
    ../../test-results/auth.e2e.ts-Authentication-aa70d-e-for-unauthenticated-users-chromium/trace.zip
    Usage:

        pnpm exec playwright show-trace ../../test-results/auth.e2e.ts-Authentication-aa70d-e-for-unauthenticated-users-chromium/trace.zip

    ────────────────────────────────────────────────────────────────────────────────────────────────
]]>
</failure>
<system-out>
<![CDATA[
[[ATTACHMENT|../../test-results/auth.e2e.ts-Authentication-aa70d-e-for-unauthenticated-users-chromium/test-failed-1.png]]

[[ATTACHMENT|../../test-results/auth.e2e.ts-Authentication-aa70d-e-for-unauthenticated-users-chromium/video.webm]]

[[ATTACHMENT|../../test-results/auth.e2e.ts-Authentication-aa70d-e-for-unauthenticated-users-chromium/error-context.md]]

[[ATTACHMENT|../../test-results/auth.e2e.ts-Authentication-aa70d-e-for-unauthenticated-users-chromium/trace.zip]]
]]>
</system-out>
</testcase>
<testcase name="Authentication › Login Page › should display email input option" classname="auth.e2e.ts" time="2.921">
<system-out>
<![CDATA[
[[ATTACHMENT|../../test-results/auth.e2e.ts-Authentication-42cbb--display-email-input-option-chromium/video.webm]]

[[ATTACHMENT|../../test-results/auth.e2e.ts-Authentication-42cbb--display-email-input-option-chromium/trace.zip]]
]]>
</system-out>
</testcase>
<testcase name="Authentication › Login Page › should have proper branding" classname="auth.e2e.ts" time="2.881">
<system-out>
<![CDATA[
[[ATTACHMENT|../../test-results/auth.e2e.ts-Authentication-d57da-should-have-proper-branding-chromium/video.webm]]

[[ATTACHMENT|../../test-results/auth.e2e.ts-Authentication-d57da-should-have-proper-branding-chromium/trace.zip]]
]]>
</system-out>
</testcase>
<testcase name="Authentication › Login Page › should show login when accessing protected routes unauthenticated" classname="auth.e2e.ts" time="4.106">
<system-out>
<![CDATA[
[[ATTACHMENT|../../test-results/auth.e2e.ts-Authentication-247b7-cted-routes-unauthenticated-chromium/video.webm]]

[[ATTACHMENT|../../test-results/auth.e2e.ts-Authentication-247b7-cted-routes-unauthenticated-chromium/trace.zip]]
]]>
</system-out>
</testcase>
<testcase name="Authentication › Authenticated User › should access protected routes when authenticated" classname="auth.e2e.ts" time="13.013">
<failure message="auth.e2e.ts:61:5 should access protected routes when authenticated" type="FAILURE">
<![CDATA[  [chromium] › auth.e2e.ts:61:5 › Authentication › Authenticated User › should access protected routes when authenticated 

    Error: expect(locator).toBeVisible() failed

    Locator: locator('[data-testid="chat-container"]').or(locator('nav'))
    Expected: visible
    Timeout: 10000ms
    Error: element(s) not found

    Call log:
      - Expect "toBeVisible" with timeout 10000ms
      - waiting for locator('[data-testid="chat-container"]').or(locator('nav'))


      63 |
      64 |       // Should be on chat page or show chat interface
    > 65 |       await expect(page.locator('[data-testid="chat-container"]').or(page.locator('nav'))).toBeVisible();
         |                                                                                            ^
      66 |     });
      67 |
      68 |     test('should display user information', async ({ page }) => {
        at /mnt/nas/projects/one-ai-chat/tests/e2e/auth.e2e.ts:65:92

    attachment #1: screenshot (image/png) ──────────────────────────────────────────────────────────
    ../../test-results/auth.e2e.ts-Authentication-15d3e-d-routes-when-authenticated-chromium/test-failed-1.png
    ────────────────────────────────────────────────────────────────────────────────────────────────

    attachment #2: video (video/webm) ──────────────────────────────────────────────────────────────
    ../../test-results/auth.e2e.ts-Authentication-15d3e-d-routes-when-authenticated-chromium/video.webm
    ────────────────────────────────────────────────────────────────────────────────────────────────

    Error Context: ../../test-results/auth.e2e.ts-Authentication-15d3e-d-routes-when-authenticated-chromium/error-context.md

    attachment #4: trace (application/zip) ─────────────────────────────────────────────────────────
    ../../test-results/auth.e2e.ts-Authentication-15d3e-d-routes-when-authenticated-chromium/trace.zip
    Usage:

        pnpm exec playwright show-trace ../../test-results/auth.e2e.ts-Authentication-15d3e-d-routes-when-authenticated-chromium/trace.zip

    ────────────────────────────────────────────────────────────────────────────────────────────────
]]>
</failure>
<system-out>
<![CDATA[
[[ATTACHMENT|../../test-results/auth.e2e.ts-Authentication-15d3e-d-routes-when-authenticated-chromium/test-failed-1.png]]

[[ATTACHMENT|../../test-results/auth.e2e.ts-Authentication-15d3e-d-routes-when-authenticated-chromium/video.webm]]

[[ATTACHMENT|../../test-results/auth.e2e.ts-Authentication-15d3e-d-routes-when-authenticated-chromium/error-context.md]]

[[ATTACHMENT|../../test-results/auth.e2e.ts-Authentication-15d3e-d-routes-when-authenticated-chromium/trace.zip]]
]]>
</system-out>
</testcase>
<testcase name="Authentication › Authenticated User › should display user information" classname="auth.e2e.ts" time="12.857">
<failure message="auth.e2e.ts:68:5 should display user information" type="FAILURE">
<![CDATA[  [chromium] › auth.e2e.ts:68:5 › Authentication › Authenticated User › should display user information 

    Error: expect(locator).toBeVisible() failed

    Locator: locator('[data-testid="user-menu"]').or(getByRole('button', { name: /user|profile|avatar/i })).or(locator('[aria-label*="user" i]')).first()
    Expected: visible
    Timeout: 10000ms
    Error: element(s) not found

    Call log:
      - Expect "toBeVisible" with timeout 10000ms
      - waiting for locator('[data-testid="user-menu"]').or(getByRole('button', { name: /user|profile|avatar/i })).or(locator('[aria-label*="user" i]')).first()


      75 |         .or(page.locator('[aria-label*="user" i]'));
      76 |
    > 77 |       await expect(userElement.first()).toBeVisible();
         |                                         ^
      78 |     });
      79 |
      80 |     test('should be able to logout', async ({ page }) => {
        at /mnt/nas/projects/one-ai-chat/tests/e2e/auth.e2e.ts:77:41

    attachment #1: screenshot (image/png) ──────────────────────────────────────────────────────────
    ../../test-results/auth.e2e.ts-Authentication-40c83-ld-display-user-information-chromium/test-failed-1.png
    ────────────────────────────────────────────────────────────────────────────────────────────────

    attachment #2: video (video/webm) ──────────────────────────────────────────────────────────────
    ../../test-results/auth.e2e.ts-Authentication-40c83-ld-display-user-information-chromium/video.webm
    ────────────────────────────────────────────────────────────────────────────────────────────────

    Error Context: ../../test-results/auth.e2e.ts-Authentication-40c83-ld-display-user-information-chromium/error-context.md

    attachment #4: trace (application/zip) ─────────────────────────────────────────────────────────
    ../../test-results/auth.e2e.ts-Authentication-40c83-ld-display-user-information-chromium/trace.zip
    Usage:

        pnpm exec playwright show-trace ../../test-results/auth.e2e.ts-Authentication-40c83-ld-display-user-information-chromium/trace.zip

    ────────────────────────────────────────────────────────────────────────────────────────────────
]]>
</failure>
<system-out>
<![CDATA[
[[ATTACHMENT|../../test-results/auth.e2e.ts-Authentication-40c83-ld-display-user-information-chromium/test-failed-1.png]]

[[ATTACHMENT|../../test-results/auth.e2e.ts-Authentication-40c83-ld-display-user-information-chromium/video.webm]]

[[ATTACHMENT|../../test-results/auth.e2e.ts-Authentication-40c83-ld-display-user-information-chromium/error-context.md]]

[[ATTACHMENT|../../test-results/auth.e2e.ts-Authentication-40c83-ld-display-user-information-chromium/trace.zip]]
]]>
</system-out>
</testcase>
<testcase name="Authentication › Authenticated User › should be able to logout" classname="auth.e2e.ts" time="13.665">
<failure message="auth.e2e.ts:80:5 should be able to logout" type="FAILURE">
<![CDATA[  [chromium] › auth.e2e.ts:80:5 › Authentication › Authenticated User › should be able to logout ───

    Error: expect(locator).toBeVisible() failed

    Locator: locator('[data-testid="user-menu"]')
    Expected: visible
    Timeout: 10000ms
    Error: element(s) not found

    Call log:
      - Expect "toBeVisible" with timeout 10000ms
      - waiting for locator('[data-testid="user-menu"]')


      85 |       const userButton = page.locator('[data-testid="user-menu"]');
      86 |
    > 87 |       await expect(userButton).toBeVisible({ timeout: 10000 });
         |                                ^
      88 |       await userButton.click();
      89 |
      90 |       // Look for logout/sign out option in the dropdown
        at /mnt/nas/projects/one-ai-chat/tests/e2e/auth.e2e.ts:87:32

    attachment #1: screenshot (image/png) ──────────────────────────────────────────────────────────
    ../../test-results/auth.e2e.ts-Authentication-2e941-er-should-be-able-to-logout-chromium/test-failed-1.png
    ────────────────────────────────────────────────────────────────────────────────────────────────

    attachment #2: video (video/webm) ──────────────────────────────────────────────────────────────
    ../../test-results/auth.e2e.ts-Authentication-2e941-er-should-be-able-to-logout-chromium/video.webm
    ────────────────────────────────────────────────────────────────────────────────────────────────

    Error Context: ../../test-results/auth.e2e.ts-Authentication-2e941-er-should-be-able-to-logout-chromium/error-context.md

    attachment #4: trace (application/zip) ─────────────────────────────────────────────────────────
    ../../test-results/auth.e2e.ts-Authentication-2e941-er-should-be-able-to-logout-chromium/trace.zip
    Usage:

        pnpm exec playwright show-trace ../../test-results/auth.e2e.ts-Authentication-2e941-er-should-be-able-to-logout-chromium/trace.zip

    ────────────────────────────────────────────────────────────────────────────────────────────────
]]>
</failure>
<system-out>
<![CDATA[
[[ATTACHMENT|../../test-results/auth.e2e.ts-Authentication-2e941-er-should-be-able-to-logout-chromium/test-failed-1.png]]

[[ATTACHMENT|../../test-results/auth.e2e.ts-Authentication-2e941-er-should-be-able-to-logout-chromium/video.webm]]

[[ATTACHMENT|../../test-results/auth.e2e.ts-Authentication-2e941-er-should-be-able-to-logout-chromium/error-context.md]]

[[ATTACHMENT|../../test-results/auth.e2e.ts-Authentication-2e941-er-should-be-able-to-logout-chromium/trace.zip]]
]]>
</system-out>
</testcase>
<testcase name="Authentication › Session Persistence › should maintain session across page reloads" classname="auth.e2e.ts" time="3.426">
<system-out>
<![CDATA[
[[ATTACHMENT|../../test-results/auth.e2e.ts-Authentication-6ab3e-session-across-page-reloads-chromium/video.webm]]

[[ATTACHMENT|../../test-results/auth.e2e.ts-Authentication-6ab3e-session-across-page-reloads-chromium/trace.zip]]
]]>
</system-out>
</testcase>
<testcase name="Authentication › Session Persistence › should handle session expiry gracefully" classname="auth.e2e.ts" time="3.647">
<system-out>
<![CDATA[
[[ATTACHMENT|../../test-results/auth.e2e.ts-Authentication-33a8d-e-session-expiry-gracefully-chromium/video.webm]]

[[ATTACHMENT|../../test-results/auth.e2e.ts-Authentication-33a8d-e-session-expiry-gracefully-chromium/trace.zip]]
]]>
</system-out>
</testcase>
</testsuite>
<testsuite name="chat.e2e.ts" timestamp="2026-01-09T10:38:08.014Z" hostname="chromium" tests="14" failures="8" skipped="0" time="135.997" errors="0">
<testcase name="Chat › Chat Interface › should display chat interface components" classname="chat.e2e.ts" time="13.676">
<failure message="chat.e2e.ts:17:5 should display chat interface components" type="FAILURE">
<![CDATA[  [chromium] › chat.e2e.ts:17:5 › Chat › Chat Interface › should display chat interface components ─

    Error: expect(locator).toBeVisible() failed

    Locator: locator('[data-testid="message-input"]').or(getByPlaceholder(/message|type|ask/i)).or(locator('textarea')).first()
    Expected: visible
    Timeout: 10000ms
    Error: element(s) not found

    Call log:
      - Expect "toBeVisible" with timeout 10000ms
      - waiting for locator('[data-testid="message-input"]').or(getByPlaceholder(/message|type|ask/i)).or(locator('textarea')).first()


      22 |         .or(page.locator('textarea'));
      23 |
    > 24 |       await expect(messageInput.first()).toBeVisible();
         |                                          ^
      25 |
      26 |       // Check for send button
      27 |       const sendButton = page
        at /mnt/nas/projects/one-ai-chat/tests/e2e/chat.e2e.ts:24:42

    attachment #1: screenshot (image/png) ──────────────────────────────────────────────────────────
    ../../test-results/chat.e2e.ts-Chat-Chat-Inte-26a69-y-chat-interface-components-chromium/test-failed-1.png
    ────────────────────────────────────────────────────────────────────────────────────────────────

    attachment #2: video (video/webm) ──────────────────────────────────────────────────────────────
    ../../test-results/chat.e2e.ts-Chat-Chat-Inte-26a69-y-chat-interface-components-chromium/video.webm
    ────────────────────────────────────────────────────────────────────────────────────────────────

    Error Context: ../../test-results/chat.e2e.ts-Chat-Chat-Inte-26a69-y-chat-interface-components-chromium/error-context.md

    attachment #4: trace (application/zip) ─────────────────────────────────────────────────────────
    ../../test-results/chat.e2e.ts-Chat-Chat-Inte-26a69-y-chat-interface-components-chromium/trace.zip
    Usage:

        pnpm exec playwright show-trace ../../test-results/chat.e2e.ts-Chat-Chat-Inte-26a69-y-chat-interface-components-chromium/trace.zip

    ────────────────────────────────────────────────────────────────────────────────────────────────
]]>
</failure>
<system-out>
<![CDATA[
[[ATTACHMENT|../../test-results/chat.e2e.ts-Chat-Chat-Inte-26a69-y-chat-interface-components-chromium/test-failed-1.png]]

[[ATTACHMENT|../../test-results/chat.e2e.ts-Chat-Chat-Inte-26a69-y-chat-interface-components-chromium/video.webm]]

[[ATTACHMENT|../../test-results/chat.e2e.ts-Chat-Chat-Inte-26a69-y-chat-interface-components-chromium/error-context.md]]

[[ATTACHMENT|../../test-results/chat.e2e.ts-Chat-Chat-Inte-26a69-y-chat-interface-components-chromium/trace.zip]]
]]>
</system-out>
</testcase>
<testcase name="Chat › Chat Interface › should display model selector" classname="chat.e2e.ts" time="12.7">
<failure message="chat.e2e.ts:35:5 should display model selector" type="FAILURE">
<![CDATA[  [chromium] › chat.e2e.ts:35:5 › Chat › Chat Interface › should display model selector ────────────

    Error: expect(locator).toBeVisible() failed

    Locator: locator('[data-testid="model-selector"]').or(getByRole('combobox', { name: /model/i })).or(locator('select').filter({ hasText: /gpt|claude|gemini/i })).first()
    Expected: visible
    Timeout: 10000ms
    Error: element(s) not found

    Call log:
      - Expect "toBeVisible" with timeout 10000ms
      - waiting for locator('[data-testid="model-selector"]').or(getByRole('combobox', { name: /model/i })).or(locator('select').filter({ hasText: /gpt|claude|gemini/i })).first()


      40 |         .or(page.locator('select').filter({ hasText: /gpt|claude|gemini/i }));
      41 |
    > 42 |       await expect(modelSelector.first()).toBeVisible();
         |                                           ^
      43 |     });
      44 |
      45 |     test('should display conversation list or history', async ({ page }) => {
        at /mnt/nas/projects/one-ai-chat/tests/e2e/chat.e2e.ts:42:43

    attachment #1: screenshot (image/png) ──────────────────────────────────────────────────────────
    ../../test-results/chat.e2e.ts-Chat-Chat-Inte-afe90-ould-display-model-selector-chromium/test-failed-1.png
    ────────────────────────────────────────────────────────────────────────────────────────────────

    attachment #2: video (video/webm) ──────────────────────────────────────────────────────────────
    ../../test-results/chat.e2e.ts-Chat-Chat-Inte-afe90-ould-display-model-selector-chromium/video.webm
    ────────────────────────────────────────────────────────────────────────────────────────────────

    Error Context: ../../test-results/chat.e2e.ts-Chat-Chat-Inte-afe90-ould-display-model-selector-chromium/error-context.md

    attachment #4: trace (application/zip) ─────────────────────────────────────────────────────────
    ../../test-results/chat.e2e.ts-Chat-Chat-Inte-afe90-ould-display-model-selector-chromium/trace.zip
    Usage:

        pnpm exec playwright show-trace ../../test-results/chat.e2e.ts-Chat-Chat-Inte-afe90-ould-display-model-selector-chromium/trace.zip

    ────────────────────────────────────────────────────────────────────────────────────────────────
]]>
</failure>
<system-out>
<![CDATA[
[[ATTACHMENT|../../test-results/chat.e2e.ts-Chat-Chat-Inte-afe90-ould-display-model-selector-chromium/test-failed-1.png]]

[[ATTACHMENT|../../test-results/chat.e2e.ts-Chat-Chat-Inte-afe90-ould-display-model-selector-chromium/video.webm]]

[[ATTACHMENT|../../test-results/chat.e2e.ts-Chat-Chat-Inte-afe90-ould-display-model-selector-chromium/error-context.md]]

[[ATTACHMENT|../../test-results/chat.e2e.ts-Chat-Chat-Inte-afe90-ould-display-model-selector-chromium/trace.zip]]
]]>
</system-out>
</testcase>
<testcase name="Chat › Chat Interface › should display conversation list or history" classname="chat.e2e.ts" time="12.569">
<failure message="chat.e2e.ts:45:5 should display conversation list or history" type="FAILURE">
<![CDATA[  [chromium] › chat.e2e.ts:45:5 › Chat › Chat Interface › should display conversation list or history 

    Error: expect(locator).toBeVisible() failed

    Locator: locator('[data-testid="conversation-list"]').or(locator('[data-testid="sidebar"]')).or(locator('aside')).first()
    Expected: visible
    Timeout: 10000ms
    Error: element(s) not found

    Call log:
      - Expect "toBeVisible" with timeout 10000ms
      - waiting for locator('[data-testid="conversation-list"]').or(locator('[data-testid="sidebar"]')).or(locator('aside')).first()


      50 |         .or(page.locator('aside'));
      51 |
    > 52 |       await expect(conversationList.first()).toBeVisible();
         |                                              ^
      53 |     });
      54 |   });
      55 |
        at /mnt/nas/projects/one-ai-chat/tests/e2e/chat.e2e.ts:52:46

    attachment #1: screenshot (image/png) ──────────────────────────────────────────────────────────
    ../../test-results/chat.e2e.ts-Chat-Chat-Inte-0bbdf-onversation-list-or-history-chromium/test-failed-1.png
    ────────────────────────────────────────────────────────────────────────────────────────────────

    attachment #2: video (video/webm) ──────────────────────────────────────────────────────────────
    ../../test-results/chat.e2e.ts-Chat-Chat-Inte-0bbdf-onversation-list-or-history-chromium/video.webm
    ────────────────────────────────────────────────────────────────────────────────────────────────

    Error Context: ../../test-results/chat.e2e.ts-Chat-Chat-Inte-0bbdf-onversation-list-or-history-chromium/error-context.md

    attachment #4: trace (application/zip) ─────────────────────────────────────────────────────────
    ../../test-results/chat.e2e.ts-Chat-Chat-Inte-0bbdf-onversation-list-or-history-chromium/trace.zip
    Usage:

        pnpm exec playwright show-trace ../../test-results/chat.e2e.ts-Chat-Chat-Inte-0bbdf-onversation-list-or-history-chromium/trace.zip

    ────────────────────────────────────────────────────────────────────────────────────────────────
]]>
</failure>
<system-out>
<![CDATA[
[[ATTACHMENT|../../test-results/chat.e2e.ts-Chat-Chat-Inte-0bbdf-onversation-list-or-history-chromium/test-failed-1.png]]

[[ATTACHMENT|../../test-results/chat.e2e.ts-Chat-Chat-Inte-0bbdf-onversation-list-or-history-chromium/video.webm]]

[[ATTACHMENT|../../test-results/chat.e2e.ts-Chat-Chat-Inte-0bbdf-onversation-list-or-history-chromium/error-context.md]]

[[ATTACHMENT|../../test-results/chat.e2e.ts-Chat-Chat-Inte-0bbdf-onversation-list-or-history-chromium/trace.zip]]
]]>
</system-out>
</testcase>
<testcase name="Chat › Message Sending › should allow typing in message input" classname="chat.e2e.ts" time="17.618">
<failure message="chat.e2e.ts:57:5 should allow typing in message input" type="FAILURE">
<![CDATA[  [chromium] › chat.e2e.ts:57:5 › Chat › Message Sending › should allow typing in message input ────

    TimeoutError: locator.fill: Timeout 15000ms exceeded.
    Call log:
      - waiting for locator('[data-testid="message-input"]').or(getByPlaceholder(/message|type|ask/i)).or(locator('textarea')).first()


      62 |         .first();
      63 |
    > 64 |       await messageInput.fill('Hello, this is a test message');
         |                          ^
      65 |
      66 |       await expect(messageInput).toHaveValue('Hello, this is a test message');
      67 |     });
        at /mnt/nas/projects/one-ai-chat/tests/e2e/chat.e2e.ts:64:26

    attachment #1: screenshot (image/png) ──────────────────────────────────────────────────────────
    ../../test-results/chat.e2e.ts-Chat-Message-S-fb8e3-low-typing-in-message-input-chromium/test-failed-1.png
    ────────────────────────────────────────────────────────────────────────────────────────────────

    attachment #2: video (video/webm) ──────────────────────────────────────────────────────────────
    ../../test-results/chat.e2e.ts-Chat-Message-S-fb8e3-low-typing-in-message-input-chromium/video.webm
    ────────────────────────────────────────────────────────────────────────────────────────────────

    Error Context: ../../test-results/chat.e2e.ts-Chat-Message-S-fb8e3-low-typing-in-message-input-chromium/error-context.md

    attachment #4: trace (application/zip) ─────────────────────────────────────────────────────────
    ../../test-results/chat.e2e.ts-Chat-Message-S-fb8e3-low-typing-in-message-input-chromium/trace.zip
    Usage:

        pnpm exec playwright show-trace ../../test-results/chat.e2e.ts-Chat-Message-S-fb8e3-low-typing-in-message-input-chromium/trace.zip

    ────────────────────────────────────────────────────────────────────────────────────────────────
]]>
</failure>
<system-out>
<![CDATA[
[[ATTACHMENT|../../test-results/chat.e2e.ts-Chat-Message-S-fb8e3-low-typing-in-message-input-chromium/test-failed-1.png]]

[[ATTACHMENT|../../test-results/chat.e2e.ts-Chat-Message-S-fb8e3-low-typing-in-message-input-chromium/video.webm]]

[[ATTACHMENT|../../test-results/chat.e2e.ts-Chat-Message-S-fb8e3-low-typing-in-message-input-chromium/error-context.md]]

[[ATTACHMENT|../../test-results/chat.e2e.ts-Chat-Message-S-fb8e3-low-typing-in-message-input-chromium/trace.zip]]
]]>
</system-out>
</testcase>
<testcase name="Chat › Message Sending › should clear input after sending" classname="chat.e2e.ts" time="17.215">
<failure message="chat.e2e.ts:69:5 should clear input after sending" type="FAILURE">
<![CDATA[  [chromium] › chat.e2e.ts:69:5 › Chat › Message Sending › should clear input after sending ────────

    TimeoutError: locator.fill: Timeout 15000ms exceeded.
    Call log:
      - waiting for locator('[data-testid="message-input"]').or(getByPlaceholder(/message|type|ask/i)).or(locator('textarea')).first()


      74 |         .first();
      75 |
    > 76 |       await messageInput.fill('Test message');
         |                          ^
      77 |
      78 |       // Press Enter or click send button
      79 |       await messageInput.press('Enter');
        at /mnt/nas/projects/one-ai-chat/tests/e2e/chat.e2e.ts:76:26

    attachment #1: screenshot (image/png) ──────────────────────────────────────────────────────────
    ../../test-results/chat.e2e.ts-Chat-Message-S-cdee5-d-clear-input-after-sending-chromium/test-failed-1.png
    ────────────────────────────────────────────────────────────────────────────────────────────────

    attachment #2: video (video/webm) ──────────────────────────────────────────────────────────────
    ../../test-results/chat.e2e.ts-Chat-Message-S-cdee5-d-clear-input-after-sending-chromium/video.webm
    ────────────────────────────────────────────────────────────────────────────────────────────────

    Error Context: ../../test-results/chat.e2e.ts-Chat-Message-S-cdee5-d-clear-input-after-sending-chromium/error-context.md

    attachment #4: trace (application/zip) ─────────────────────────────────────────────────────────
    ../../test-results/chat.e2e.ts-Chat-Message-S-cdee5-d-clear-input-after-sending-chromium/trace.zip
    Usage:

        pnpm exec playwright show-trace ../../test-results/chat.e2e.ts-Chat-Message-S-cdee5-d-clear-input-after-sending-chromium/trace.zip

    ────────────────────────────────────────────────────────────────────────────────────────────────
]]>
</failure>
<system-out>
<![CDATA[
[[ATTACHMENT|../../test-results/chat.e2e.ts-Chat-Message-S-cdee5-d-clear-input-after-sending-chromium/test-failed-1.png]]

[[ATTACHMENT|../../test-results/chat.e2e.ts-Chat-Message-S-cdee5-d-clear-input-after-sending-chromium/video.webm]]

[[ATTACHMENT|../../test-results/chat.e2e.ts-Chat-Message-S-cdee5-d-clear-input-after-sending-chromium/error-context.md]]

[[ATTACHMENT|../../test-results/chat.e2e.ts-Chat-Message-S-cdee5-d-clear-input-after-sending-chromium/trace.zip]]
]]>
</system-out>
</testcase>
<testcase name="Chat › Message Sending › should show user message after sending" classname="chat.e2e.ts" time="8.377">
<failure message="chat.e2e.ts:85:5 should show user message after sending" type="FAILURE">
<![CDATA[  [chromium] › chat.e2e.ts:85:5 › Chat › Message Sending › should show user message after sending ──

    Error: expect(locator).toBeVisible() failed

    Locator: locator('[data-testid="model-selector"]')
    Expected: visible
    Timeout: 5000ms
    Error: element(s) not found

    Call log:
      - Expect "toBeVisible" with timeout 5000ms
      - waiting for locator('[data-testid="model-selector"]')


      117 |       // Wait for model selector to have a model selected (not "Select Model...")
      118 |       const modelSelector = page.locator('[data-testid="model-selector"]');
    > 119 |       await expect(modelSelector).toBeVisible({ timeout: 5000 });
          |                                   ^
      120 |
      121 |       const messageInput = page
      122 |         .locator('[data-testid="message-input"]')
        at /mnt/nas/projects/one-ai-chat/tests/e2e/chat.e2e.ts:119:35

    attachment #1: screenshot (image/png) ──────────────────────────────────────────────────────────
    ../../test-results/chat.e2e.ts-Chat-Message-S-7006c--user-message-after-sending-chromium/test-failed-1.png
    ────────────────────────────────────────────────────────────────────────────────────────────────

    attachment #2: video (video/webm) ──────────────────────────────────────────────────────────────
    ../../test-results/chat.e2e.ts-Chat-Message-S-7006c--user-message-after-sending-chromium/video.webm
    ────────────────────────────────────────────────────────────────────────────────────────────────

    Error Context: ../../test-results/chat.e2e.ts-Chat-Message-S-7006c--user-message-after-sending-chromium/error-context.md

    attachment #4: trace (application/zip) ─────────────────────────────────────────────────────────
    ../../test-results/chat.e2e.ts-Chat-Message-S-7006c--user-message-after-sending-chromium/trace.zip
    Usage:

        pnpm exec playwright show-trace ../../test-results/chat.e2e.ts-Chat-Message-S-7006c--user-message-after-sending-chromium/trace.zip

    ────────────────────────────────────────────────────────────────────────────────────────────────
]]>
</failure>
<system-out>
<![CDATA[
[[ATTACHMENT|../../test-results/chat.e2e.ts-Chat-Message-S-7006c--user-message-after-sending-chromium/test-failed-1.png]]

[[ATTACHMENT|../../test-results/chat.e2e.ts-Chat-Message-S-7006c--user-message-after-sending-chromium/video.webm]]

[[ATTACHMENT|../../test-results/chat.e2e.ts-Chat-Message-S-7006c--user-message-after-sending-chromium/error-context.md]]

[[ATTACHMENT|../../test-results/chat.e2e.ts-Chat-Message-S-7006c--user-message-after-sending-chromium/trace.zip]]
]]>
</system-out>
</testcase>
<testcase name="Chat › Conversation Management › should allow creating new conversation" classname="chat.e2e.ts" time="2.815">
<system-out>
<![CDATA[
[[ATTACHMENT|../../test-results/chat.e2e.ts-Chat-Conversat-5c2bd-w-creating-new-conversation-chromium/video.webm]]

[[ATTACHMENT|../../test-results/chat.e2e.ts-Chat-Conversat-5c2bd-w-creating-new-conversation-chromium/trace.zip]]
]]>
</system-out>
</testcase>
<testcase name="Chat › Conversation Management › should display conversation title" classname="chat.e2e.ts" time="2.647">
<system-out>
<![CDATA[
[[ATTACHMENT|../../test-results/chat.e2e.ts-Chat-Conversat-7a4d1--display-conversation-title-chromium/video.webm]]

[[ATTACHMENT|../../test-results/chat.e2e.ts-Chat-Conversat-7a4d1--display-conversation-title-chromium/trace.zip]]
]]>
</system-out>
</testcase>
<testcase name="Chat › Model Selection › should display available models" classname="chat.e2e.ts" time="4.645">
<system-out>
<![CDATA[
[[ATTACHMENT|../../test-results/chat.e2e.ts-Chat-Model-Sel-3a32a-ld-display-available-models-chromium/video.webm]]

[[ATTACHMENT|../../test-results/chat.e2e.ts-Chat-Model-Sel-3a32a-ld-display-available-models-chromium/trace.zip]]
]]>
</system-out>
</testcase>
<testcase name="Chat › Model Selection › should allow changing model" classname="chat.e2e.ts" time="2.574">
<system-out>
<![CDATA[
[[ATTACHMENT|../../test-results/chat.e2e.ts-Chat-Model-Selection-should-allow-changing-model-chromium/video.webm]]

[[ATTACHMENT|../../test-results/chat.e2e.ts-Chat-Model-Selection-should-allow-changing-model-chromium/trace.zip]]
]]>
</system-out>
</testcase>
<testcase name="Chat › Keyboard Shortcuts › should send message on Enter" classname="chat.e2e.ts" time="17.969">
<failure message="chat.e2e.ts:213:5 should send message on Enter" type="FAILURE">
<![CDATA[  [chromium] › chat.e2e.ts:213:5 › Chat › Keyboard Shortcuts › should send message on Enter ────────

    TimeoutError: locator.fill: Timeout 15000ms exceeded.
    Call log:
      - waiting for locator('[data-testid="message-input"]').or(getByPlaceholder(/message|type|ask/i)).or(locator('textarea')).first()


      218 |         .first();
      219 |
    > 220 |       await messageInput.fill('Test with Enter');
          |                          ^
      221 |       await messageInput.press('Enter');
      222 |
      223 |       // Message should be submitted (input may clear)
        at /mnt/nas/projects/one-ai-chat/tests/e2e/chat.e2e.ts:220:26

    attachment #1: screenshot (image/png) ──────────────────────────────────────────────────────────
    ../../test-results/chat.e2e.ts-Chat-Keyboard--a5d3e-hould-send-message-on-Enter-chromium/test-failed-1.png
    ────────────────────────────────────────────────────────────────────────────────────────────────

    attachment #2: video (video/webm) ──────────────────────────────────────────────────────────────
    ../../test-results/chat.e2e.ts-Chat-Keyboard--a5d3e-hould-send-message-on-Enter-chromium/video.webm
    ────────────────────────────────────────────────────────────────────────────────────────────────

    Error Context: ../../test-results/chat.e2e.ts-Chat-Keyboard--a5d3e-hould-send-message-on-Enter-chromium/error-context.md

    attachment #4: trace (application/zip) ─────────────────────────────────────────────────────────
    ../../test-results/chat.e2e.ts-Chat-Keyboard--a5d3e-hould-send-message-on-Enter-chromium/trace.zip
    Usage:

        pnpm exec playwright show-trace ../../test-results/chat.e2e.ts-Chat-Keyboard--a5d3e-hould-send-message-on-Enter-chromium/trace.zip

    ────────────────────────────────────────────────────────────────────────────────────────────────
]]>
</failure>
<system-out>
<![CDATA[
[[ATTACHMENT|../../test-results/chat.e2e.ts-Chat-Keyboard--a5d3e-hould-send-message-on-Enter-chromium/test-failed-1.png]]

[[ATTACHMENT|../../test-results/chat.e2e.ts-Chat-Keyboard--a5d3e-hould-send-message-on-Enter-chromium/video.webm]]

[[ATTACHMENT|../../test-results/chat.e2e.ts-Chat-Keyboard--a5d3e-hould-send-message-on-Enter-chromium/error-context.md]]

[[ATTACHMENT|../../test-results/chat.e2e.ts-Chat-Keyboard--a5d3e-hould-send-message-on-Enter-chromium/trace.zip]]
]]>
</system-out>
</testcase>
<testcase name="Chat › Keyboard Shortcuts › should allow newline with Shift+Enter" classname="chat.e2e.ts" time="18.051">
<failure message="chat.e2e.ts:226:5 should allow newline with Shift+Enter" type="FAILURE">
<![CDATA[  [chromium] › chat.e2e.ts:226:5 › Chat › Keyboard Shortcuts › should allow newline with Shift+Enter 

    TimeoutError: locator.fill: Timeout 15000ms exceeded.
    Call log:
      - waiting for locator('[data-testid="message-input"]').or(getByPlaceholder(/message|type|ask/i)).or(locator('textarea')).first()


      231 |         .first();
      232 |
    > 233 |       await messageInput.fill('Line 1');
          |                          ^
      234 |       await messageInput.press('Shift+Enter');
      235 |       await messageInput.type('Line 2');
      236 |
        at /mnt/nas/projects/one-ai-chat/tests/e2e/chat.e2e.ts:233:26

    attachment #1: screenshot (image/png) ──────────────────────────────────────────────────────────
    ../../test-results/chat.e2e.ts-Chat-Keyboard--d0823-ow-newline-with-Shift-Enter-chromium/test-failed-1.png
    ────────────────────────────────────────────────────────────────────────────────────────────────

    attachment #2: video (video/webm) ──────────────────────────────────────────────────────────────
    ../../test-results/chat.e2e.ts-Chat-Keyboard--d0823-ow-newline-with-Shift-Enter-chromium/video.webm
    ────────────────────────────────────────────────────────────────────────────────────────────────

    Error Context: ../../test-results/chat.e2e.ts-Chat-Keyboard--d0823-ow-newline-with-Shift-Enter-chromium/error-context.md

    attachment #4: trace (application/zip) ─────────────────────────────────────────────────────────
    ../../test-results/chat.e2e.ts-Chat-Keyboard--d0823-ow-newline-with-Shift-Enter-chromium/trace.zip
    Usage:

        pnpm exec playwright show-trace ../../test-results/chat.e2e.ts-Chat-Keyboard--d0823-ow-newline-with-Shift-Enter-chromium/trace.zip

    ────────────────────────────────────────────────────────────────────────────────────────────────
]]>
</failure>
<system-out>
<![CDATA[
[[ATTACHMENT|../../test-results/chat.e2e.ts-Chat-Keyboard--d0823-ow-newline-with-Shift-Enter-chromium/test-failed-1.png]]

[[ATTACHMENT|../../test-results/chat.e2e.ts-Chat-Keyboard--d0823-ow-newline-with-Shift-Enter-chromium/video.webm]]

[[ATTACHMENT|../../test-results/chat.e2e.ts-Chat-Keyboard--d0823-ow-newline-with-Shift-Enter-chromium/error-context.md]]

[[ATTACHMENT|../../test-results/chat.e2e.ts-Chat-Keyboard--d0823-ow-newline-with-Shift-Enter-chromium/trace.zip]]
]]>
</system-out>
</testcase>
<testcase name="Chat › Accessibility › should have accessible form elements" classname="chat.e2e.ts" time="2.547">
<system-out>
<![CDATA[
[[ATTACHMENT|../../test-results/chat.e2e.ts-Chat-Accessibi-60c96-ve-accessible-form-elements-chromium/video.webm]]

[[ATTACHMENT|../../test-results/chat.e2e.ts-Chat-Accessibi-60c96-ve-accessible-form-elements-chromium/trace.zip]]
]]>
</system-out>
</testcase>
<testcase name="Chat › Accessibility › should be keyboard navigable" classname="chat.e2e.ts" time="2.594">
<system-out>
<![CDATA[
[[ATTACHMENT|../../test-results/chat.e2e.ts-Chat-Accessibility-should-be-keyboard-navigable-chromium/video.webm]]

[[ATTACHMENT|../../test-results/chat.e2e.ts-Chat-Accessibility-should-be-keyboard-navigable-chromium/trace.zip]]
]]>
</system-out>
</testcase>
</testsuite>
<testsuite name="dashboard.e2e.ts" timestamp="2026-01-09T10:38:08.014Z" hostname="chromium" tests="20" failures="8" skipped="0" time="120.133" errors="0">
<testcase name="Dashboard › Dashboard Layout › should display dashboard page" classname="dashboard.e2e.ts" time="12.707">
<failure message="dashboard.e2e.ts:17:5 should display dashboard page" type="FAILURE">
<![CDATA[  [chromium] › dashboard.e2e.ts:17:5 › Dashboard › Dashboard Layout › should display dashboard page 

    Error: expect(locator).toBeVisible() failed

    Locator: locator('main').or(locator('[data-testid="dashboard"]')).first()
    Expected: visible
    Timeout: 10000ms
    Error: element(s) not found

    Call log:
      - Expect "toBeVisible" with timeout 10000ms
      - waiting for locator('main').or(locator('[data-testid="dashboard"]')).first()


      21 |       // Should have main content area
      22 |       const mainContent = page.locator('main').or(page.locator('[data-testid="dashboard"]'));
    > 23 |       await expect(mainContent.first()).toBeVisible();
         |                                         ^
      24 |     });
      25 |
      26 |     test('should display navigation', async ({ page }) => {
        at /mnt/nas/projects/one-ai-chat/tests/e2e/dashboard.e2e.ts:23:41

    attachment #1: screenshot (image/png) ──────────────────────────────────────────────────────────
    ../../test-results/dashboard.e2e.ts-Dashboard-354c7-ould-display-dashboard-page-chromium/test-failed-1.png
    ────────────────────────────────────────────────────────────────────────────────────────────────

    attachment #2: video (video/webm) ──────────────────────────────────────────────────────────────
    ../../test-results/dashboard.e2e.ts-Dashboard-354c7-ould-display-dashboard-page-chromium/video.webm
    ────────────────────────────────────────────────────────────────────────────────────────────────

    Error Context: ../../test-results/dashboard.e2e.ts-Dashboard-354c7-ould-display-dashboard-page-chromium/error-context.md

    attachment #4: trace (application/zip) ─────────────────────────────────────────────────────────
    ../../test-results/dashboard.e2e.ts-Dashboard-354c7-ould-display-dashboard-page-chromium/trace.zip
    Usage:

        pnpm exec playwright show-trace ../../test-results/dashboard.e2e.ts-Dashboard-354c7-ould-display-dashboard-page-chromium/trace.zip

    ────────────────────────────────────────────────────────────────────────────────────────────────
]]>
</failure>
<system-out>
<![CDATA[
[[ATTACHMENT|../../test-results/dashboard.e2e.ts-Dashboard-354c7-ould-display-dashboard-page-chromium/test-failed-1.png]]

[[ATTACHMENT|../../test-results/dashboard.e2e.ts-Dashboard-354c7-ould-display-dashboard-page-chromium/video.webm]]

[[ATTACHMENT|../../test-results/dashboard.e2e.ts-Dashboard-354c7-ould-display-dashboard-page-chromium/error-context.md]]

[[ATTACHMENT|../../test-results/dashboard.e2e.ts-Dashboard-354c7-ould-display-dashboard-page-chromium/trace.zip]]
]]>
</system-out>
</testcase>
<testcase name="Dashboard › Dashboard Layout › should display navigation" classname="dashboard.e2e.ts" time="12.776">
<failure message="dashboard.e2e.ts:26:5 should display navigation" type="FAILURE">
<![CDATA[  [chromium] › dashboard.e2e.ts:26:5 › Dashboard › Dashboard Layout › should display navigation ────

    Error: expect(locator).toBeVisible() failed

    Locator: locator('nav').or(locator('[data-testid="sidebar"]')).first()
    Expected: visible
    Timeout: 10000ms
    Error: element(s) not found

    Call log:
      - Expect "toBeVisible" with timeout 10000ms
      - waiting for locator('nav').or(locator('[data-testid="sidebar"]')).first()


      27 |       // Check for nav element
      28 |       const nav = page.locator('nav').or(page.locator('[data-testid="sidebar"]'));
    > 29 |       await expect(nav.first()).toBeVisible();
         |                                 ^
      30 |     });
      31 |
      32 |     test('should display header/topbar', async ({ page }) => {
        at /mnt/nas/projects/one-ai-chat/tests/e2e/dashboard.e2e.ts:29:33

    attachment #1: screenshot (image/png) ──────────────────────────────────────────────────────────
    ../../test-results/dashboard.e2e.ts-Dashboard-8837c-t-should-display-navigation-chromium/test-failed-1.png
    ────────────────────────────────────────────────────────────────────────────────────────────────

    attachment #2: video (video/webm) ──────────────────────────────────────────────────────────────
    ../../test-results/dashboard.e2e.ts-Dashboard-8837c-t-should-display-navigation-chromium/video.webm
    ────────────────────────────────────────────────────────────────────────────────────────────────

    Error Context: ../../test-results/dashboard.e2e.ts-Dashboard-8837c-t-should-display-navigation-chromium/error-context.md

    attachment #4: trace (application/zip) ─────────────────────────────────────────────────────────
    ../../test-results/dashboard.e2e.ts-Dashboard-8837c-t-should-display-navigation-chromium/trace.zip
    Usage:

        pnpm exec playwright show-trace ../../test-results/dashboard.e2e.ts-Dashboard-8837c-t-should-display-navigation-chromium/trace.zip

    ────────────────────────────────────────────────────────────────────────────────────────────────
]]>
</failure>
<system-out>
<![CDATA[
[[ATTACHMENT|../../test-results/dashboard.e2e.ts-Dashboard-8837c-t-should-display-navigation-chromium/test-failed-1.png]]

[[ATTACHMENT|../../test-results/dashboard.e2e.ts-Dashboard-8837c-t-should-display-navigation-chromium/video.webm]]

[[ATTACHMENT|../../test-results/dashboard.e2e.ts-Dashboard-8837c-t-should-display-navigation-chromium/error-context.md]]

[[ATTACHMENT|../../test-results/dashboard.e2e.ts-Dashboard-8837c-t-should-display-navigation-chromium/trace.zip]]
]]>
</system-out>
</testcase>
<testcase name="Dashboard › Dashboard Layout › should display header/topbar" classname="dashboard.e2e.ts" time="12.61">
<failure message="dashboard.e2e.ts:32:5 should display header/topbar" type="FAILURE">
<![CDATA[  [chromium] › dashboard.e2e.ts:32:5 › Dashboard › Dashboard Layout › should display header/topbar ─

    Error: expect(locator).toBeVisible() failed

    Locator: locator('.glass-toolbar').or(locator('[data-testid="topbar"] > *')).or(getByPlaceholder(/search/i)).first()
    Expected: visible
    Timeout: 10000ms
    Error: element(s) not found

    Call log:
      - Expect "toBeVisible" with timeout 10000ms
      - waiting for locator('.glass-toolbar').or(locator('[data-testid="topbar"] > *')).or(getByPlaceholder(/search/i)).first()


      36 |         .or(page.locator('[data-testid="topbar"] > *'))
      37 |         .or(page.getByPlaceholder(/search/i));
    > 38 |       await expect(topbarContent.first()).toBeVisible();
         |                                           ^
      39 |     });
      40 |   });
      41 |
        at /mnt/nas/projects/one-ai-chat/tests/e2e/dashboard.e2e.ts:38:43

    attachment #1: screenshot (image/png) ──────────────────────────────────────────────────────────
    ../../test-results/dashboard.e2e.ts-Dashboard-e0789-hould-display-header-topbar-chromium/test-failed-1.png
    ────────────────────────────────────────────────────────────────────────────────────────────────

    attachment #2: video (video/webm) ──────────────────────────────────────────────────────────────
    ../../test-results/dashboard.e2e.ts-Dashboard-e0789-hould-display-header-topbar-chromium/video.webm
    ────────────────────────────────────────────────────────────────────────────────────────────────

    Error Context: ../../test-results/dashboard.e2e.ts-Dashboard-e0789-hould-display-header-topbar-chromium/error-context.md

    attachment #4: trace (application/zip) ─────────────────────────────────────────────────────────
    ../../test-results/dashboard.e2e.ts-Dashboard-e0789-hould-display-header-topbar-chromium/trace.zip
    Usage:

        pnpm exec playwright show-trace ../../test-results/dashboard.e2e.ts-Dashboard-e0789-hould-display-header-topbar-chromium/trace.zip

    ────────────────────────────────────────────────────────────────────────────────────────────────
]]>
</failure>
<system-out>
<![CDATA[
[[ATTACHMENT|../../test-results/dashboard.e2e.ts-Dashboard-e0789-hould-display-header-topbar-chromium/test-failed-1.png]]

[[ATTACHMENT|../../test-results/dashboard.e2e.ts-Dashboard-e0789-hould-display-header-topbar-chromium/video.webm]]

[[ATTACHMENT|../../test-results/dashboard.e2e.ts-Dashboard-e0789-hould-display-header-topbar-chromium/error-context.md]]

[[ATTACHMENT|../../test-results/dashboard.e2e.ts-Dashboard-e0789-hould-display-header-topbar-chromium/trace.zip]]
]]>
</system-out>
</testcase>
<testcase name="Dashboard › Spotlight Search › should display search bar" classname="dashboard.e2e.ts" time="12.343">
<failure message="dashboard.e2e.ts:43:5 should display search bar" type="FAILURE">
<![CDATA[  [chromium] › dashboard.e2e.ts:43:5 › Dashboard › Spotlight Search › should display search bar ────

    Error: expect(locator).toBeVisible() failed

    Locator: locator('[data-testid="spotlight-search"]').or(getByPlaceholder(/search|ask/i)).or(locator('input[type="search"]')).first()
    Expected: visible
    Timeout: 10000ms
    Error: element(s) not found

    Call log:
      - Expect "toBeVisible" with timeout 10000ms
      - waiting for locator('[data-testid="spotlight-search"]').or(getByPlaceholder(/search|ask/i)).or(locator('input[type="search"]')).first()


      48 |         .or(page.locator('input[type="search"]'));
      49 |
    > 50 |       await expect(searchInput.first()).toBeVisible();
         |                                         ^
      51 |     });
      52 |
      53 |     test('should allow typing in search', async ({ page }) => {
        at /mnt/nas/projects/one-ai-chat/tests/e2e/dashboard.e2e.ts:50:41

    attachment #1: screenshot (image/png) ──────────────────────────────────────────────────────────
    ../../test-results/dashboard.e2e.ts-Dashboard-0a235-h-should-display-search-bar-chromium/test-failed-1.png
    ────────────────────────────────────────────────────────────────────────────────────────────────

    attachment #2: video (video/webm) ──────────────────────────────────────────────────────────────
    ../../test-results/dashboard.e2e.ts-Dashboard-0a235-h-should-display-search-bar-chromium/video.webm
    ────────────────────────────────────────────────────────────────────────────────────────────────

    Error Context: ../../test-results/dashboard.e2e.ts-Dashboard-0a235-h-should-display-search-bar-chromium/error-context.md

    attachment #4: trace (application/zip) ─────────────────────────────────────────────────────────
    ../../test-results/dashboard.e2e.ts-Dashboard-0a235-h-should-display-search-bar-chromium/trace.zip
    Usage:

        pnpm exec playwright show-trace ../../test-results/dashboard.e2e.ts-Dashboard-0a235-h-should-display-search-bar-chromium/trace.zip

    ────────────────────────────────────────────────────────────────────────────────────────────────
]]>
</failure>
<system-out>
<![CDATA[
[[ATTACHMENT|../../test-results/dashboard.e2e.ts-Dashboard-0a235-h-should-display-search-bar-chromium/test-failed-1.png]]

[[ATTACHMENT|../../test-results/dashboard.e2e.ts-Dashboard-0a235-h-should-display-search-bar-chromium/video.webm]]

[[ATTACHMENT|../../test-results/dashboard.e2e.ts-Dashboard-0a235-h-should-display-search-bar-chromium/error-context.md]]

[[ATTACHMENT|../../test-results/dashboard.e2e.ts-Dashboard-0a235-h-should-display-search-bar-chromium/trace.zip]]
]]>
</system-out>
</testcase>
<testcase name="Dashboard › Spotlight Search › should allow typing in search" classname="dashboard.e2e.ts" time="1.943">
<system-out>
<![CDATA[
[[ATTACHMENT|../../test-results/dashboard.e2e.ts-Dashboard-b3741-ould-allow-typing-in-search-chromium/video.webm]]

[[ATTACHMENT|../../test-results/dashboard.e2e.ts-Dashboard-b3741-ould-allow-typing-in-search-chromium/trace.zip]]
]]>
</system-out>
</testcase>
<testcase name="Dashboard › Spotlight Search › should support keyboard shortcut to focus search" classname="dashboard.e2e.ts" time="2.036">
<system-out>
<![CDATA[
[[ATTACHMENT|../../test-results/dashboard.e2e.ts-Dashboard-0b8d2-rd-shortcut-to-focus-search-chromium/video.webm]]

[[ATTACHMENT|../../test-results/dashboard.e2e.ts-Dashboard-0b8d2-rd-shortcut-to-focus-search-chromium/trace.zip]]
]]>
</system-out>
</testcase>
<testcase name="Dashboard › Metrics Display › should display metric cards" classname="dashboard.e2e.ts" time="2.567">
<system-out>
<![CDATA[
[[ATTACHMENT|../../test-results/dashboard.e2e.ts-Dashboard-4eacf-should-display-metric-cards-chromium/video.webm]]

[[ATTACHMENT|../../test-results/dashboard.e2e.ts-Dashboard-4eacf-should-display-metric-cards-chromium/trace.zip]]
]]>
</system-out>
</testcase>
<testcase name="Dashboard › Metrics Display › should display usage statistics" classname="dashboard.e2e.ts" time="2.4">
<system-out>
<![CDATA[
[[ATTACHMENT|../../test-results/dashboard.e2e.ts-Dashboard-9c93b-ld-display-usage-statistics-chromium/video.webm]]

[[ATTACHMENT|../../test-results/dashboard.e2e.ts-Dashboard-9c93b-ld-display-usage-statistics-chromium/trace.zip]]
]]>
</system-out>
</testcase>
<testcase name="Dashboard › Quick Actions › should display quick action buttons" classname="dashboard.e2e.ts" time="5.308">
<failure message="dashboard.e2e.ts:117:5 should display quick action buttons" type="FAILURE">
<![CDATA[  [chromium] › dashboard.e2e.ts:117:5 › Dashboard › Quick Actions › should display quick action buttons 

    Error: expect(locator).toBeVisible() failed

    Locator: locator('[data-testid="quick-actions"]').or(getByRole('button').filter({ hasText: /new|start|create/i })).first()
    Expected: visible
    Timeout: 3000ms
    Error: element(s) not found

    Call log:
      - Expect "toBeVisible" with timeout 3000ms
      - waiting for locator('[data-testid="quick-actions"]').or(getByRole('button').filter({ hasText: /new|start|create/i })).first()


      122 |
      123 |       // Should have some actionable elements
    > 124 |       await expect(quickActions.first()).toBeVisible({ timeout: 3000 });
          |                                          ^
      125 |     });
      126 |
      127 |     test('should navigate to chat from quick actions', async ({ page }) => {
        at /mnt/nas/projects/one-ai-chat/tests/e2e/dashboard.e2e.ts:124:42

    attachment #1: screenshot (image/png) ──────────────────────────────────────────────────────────
    ../../test-results/dashboard.e2e.ts-Dashboard-942a6-isplay-quick-action-buttons-chromium/test-failed-1.png
    ────────────────────────────────────────────────────────────────────────────────────────────────

    attachment #2: video (video/webm) ──────────────────────────────────────────────────────────────
    ../../test-results/dashboard.e2e.ts-Dashboard-942a6-isplay-quick-action-buttons-chromium/video.webm
    ────────────────────────────────────────────────────────────────────────────────────────────────

    Error Context: ../../test-results/dashboard.e2e.ts-Dashboard-942a6-isplay-quick-action-buttons-chromium/error-context.md

    attachment #4: trace (application/zip) ─────────────────────────────────────────────────────────
    ../../test-results/dashboard.e2e.ts-Dashboard-942a6-isplay-quick-action-buttons-chromium/trace.zip
    Usage:

        pnpm exec playwright show-trace ../../test-results/dashboard.e2e.ts-Dashboard-942a6-isplay-quick-action-buttons-chromium/trace.zip

    ────────────────────────────────────────────────────────────────────────────────────────────────
]]>
</failure>
<system-out>
<![CDATA[
[[ATTACHMENT|../../test-results/dashboard.e2e.ts-Dashboard-942a6-isplay-quick-action-buttons-chromium/test-failed-1.png]]

[[ATTACHMENT|../../test-results/dashboard.e2e.ts-Dashboard-942a6-isplay-quick-action-buttons-chromium/video.webm]]

[[ATTACHMENT|../../test-results/dashboard.e2e.ts-Dashboard-942a6-isplay-quick-action-buttons-chromium/error-context.md]]

[[ATTACHMENT|../../test-results/dashboard.e2e.ts-Dashboard-942a6-isplay-quick-action-buttons-chromium/trace.zip]]
]]>
</system-out>
</testcase>
<testcase name="Dashboard › Quick Actions › should navigate to chat from quick actions" classname="dashboard.e2e.ts" time="2.066">
<system-out>
<![CDATA[
[[ATTACHMENT|../../test-results/dashboard.e2e.ts-Dashboard-762c2--to-chat-from-quick-actions-chromium/video.webm]]

[[ATTACHMENT|../../test-results/dashboard.e2e.ts-Dashboard-762c2--to-chat-from-quick-actions-chromium/trace.zip]]
]]>
</system-out>
</testcase>
<testcase name="Dashboard › Recent Activity › should display recent conversations" classname="dashboard.e2e.ts" time="2.07">
<system-out>
<![CDATA[
[[ATTACHMENT|../../test-results/dashboard.e2e.ts-Dashboard-25382-isplay-recent-conversations-chromium/video.webm]]

[[ATTACHMENT|../../test-results/dashboard.e2e.ts-Dashboard-25382-isplay-recent-conversations-chromium/trace.zip]]
]]>
</system-out>
</testcase>
<testcase name="Dashboard › Recent Activity › should allow resuming recent conversation" classname="dashboard.e2e.ts" time="2.022">
<system-out>
<![CDATA[
[[ATTACHMENT|../../test-results/dashboard.e2e.ts-Dashboard-c05fe-esuming-recent-conversation-chromium/video.webm]]

[[ATTACHMENT|../../test-results/dashboard.e2e.ts-Dashboard-c05fe-esuming-recent-conversation-chromium/trace.zip]]
]]>
</system-out>
</testcase>
<testcase name="Dashboard › Navigation › should navigate to Chat page" classname="dashboard.e2e.ts" time="12.303">
<failure message="dashboard.e2e.ts:172:5 should navigate to Chat page" type="FAILURE">
<![CDATA[  [chromium] › dashboard.e2e.ts:172:5 › Dashboard › Navigation › should navigate to Chat page ──────

    Error: expect(locator).toBeVisible() failed

    Locator: getByRole('button', { name: /chat/i }).or(locator('[data-testid="sidebar"] button').filter({ hasText: /chat/i })).first()
    Expected: visible
    Timeout: 10000ms
    Error: element(s) not found

    Call log:
      - Expect "toBeVisible" with timeout 10000ms
      - waiting for getByRole('button', { name: /chat/i }).or(locator('[data-testid="sidebar"] button').filter({ hasText: /chat/i })).first()


      174 |       const chatButton = page.getByRole('button', { name: /chat/i }).or(page.locator('[data-testid="sidebar"] button').filter({ hasText: /chat/i }));
      175 |
    > 176 |       await expect(chatButton.first()).toBeVisible();
          |                                        ^
      177 |       await chatButton.first().click();
      178 |
      179 |       await expect(page).toHaveURL(/\/chat/);
        at /mnt/nas/projects/one-ai-chat/tests/e2e/dashboard.e2e.ts:176:40

    attachment #1: screenshot (image/png) ──────────────────────────────────────────────────────────
    ../../test-results/dashboard.e2e.ts-Dashboard-dfe49-hould-navigate-to-Chat-page-chromium/test-failed-1.png
    ────────────────────────────────────────────────────────────────────────────────────────────────

    attachment #2: video (video/webm) ──────────────────────────────────────────────────────────────
    ../../test-results/dashboard.e2e.ts-Dashboard-dfe49-hould-navigate-to-Chat-page-chromium/video.webm
    ────────────────────────────────────────────────────────────────────────────────────────────────

    Error Context: ../../test-results/dashboard.e2e.ts-Dashboard-dfe49-hould-navigate-to-Chat-page-chromium/error-context.md

    attachment #4: trace (application/zip) ─────────────────────────────────────────────────────────
    ../../test-results/dashboard.e2e.ts-Dashboard-dfe49-hould-navigate-to-Chat-page-chromium/trace.zip
    Usage:

        pnpm exec playwright show-trace ../../test-results/dashboard.e2e.ts-Dashboard-dfe49-hould-navigate-to-Chat-page-chromium/trace.zip

    ────────────────────────────────────────────────────────────────────────────────────────────────
]]>
</failure>
<system-out>
<![CDATA[
[[ATTACHMENT|../../test-results/dashboard.e2e.ts-Dashboard-dfe49-hould-navigate-to-Chat-page-chromium/test-failed-1.png]]

[[ATTACHMENT|../../test-results/dashboard.e2e.ts-Dashboard-dfe49-hould-navigate-to-Chat-page-chromium/video.webm]]

[[ATTACHMENT|../../test-results/dashboard.e2e.ts-Dashboard-dfe49-hould-navigate-to-Chat-page-chromium/error-context.md]]

[[ATTACHMENT|../../test-results/dashboard.e2e.ts-Dashboard-dfe49-hould-navigate-to-Chat-page-chromium/trace.zip]]
]]>
</system-out>
</testcase>
<testcase name="Dashboard › Navigation › should navigate to Models page" classname="dashboard.e2e.ts" time="2.054">
<system-out>
<![CDATA[
[[ATTACHMENT|../../test-results/dashboard.e2e.ts-Dashboard-3e0f7-uld-navigate-to-Models-page-chromium/video.webm]]

[[ATTACHMENT|../../test-results/dashboard.e2e.ts-Dashboard-3e0f7-uld-navigate-to-Models-page-chromium/trace.zip]]
]]>
</system-out>
</testcase>
<testcase name="Dashboard › Navigation › should navigate to Prompts page" classname="dashboard.e2e.ts" time="2.082">
<system-out>
<![CDATA[
[[ATTACHMENT|../../test-results/dashboard.e2e.ts-Dashboard-9c932-ld-navigate-to-Prompts-page-chromium/video.webm]]

[[ATTACHMENT|../../test-results/dashboard.e2e.ts-Dashboard-9c932-ld-navigate-to-Prompts-page-chromium/trace.zip]]
]]>
</system-out>
</testcase>
<testcase name="Dashboard › Navigation › should navigate to Help page" classname="dashboard.e2e.ts" time="3.082">
<system-out>
<![CDATA[
[[ATTACHMENT|../../test-results/dashboard.e2e.ts-Dashboard-ce7e5-hould-navigate-to-Help-page-chromium/video.webm]]

[[ATTACHMENT|../../test-results/dashboard.e2e.ts-Dashboard-ce7e5-hould-navigate-to-Help-page-chromium/trace.zip]]
]]>
</system-out>
</testcase>
<testcase name="Dashboard › Theme Toggle › should display theme toggle" classname="dashboard.e2e.ts" time="2.104">
<system-out>
<![CDATA[
[[ATTACHMENT|../../test-results/dashboard.e2e.ts-Dashboard-435ac-should-display-theme-toggle-chromium/video.webm]]

[[ATTACHMENT|../../test-results/dashboard.e2e.ts-Dashboard-435ac-should-display-theme-toggle-chromium/trace.zip]]
]]>
</system-out>
</testcase>
<testcase name="Dashboard › Theme Toggle › should toggle theme on click" classname="dashboard.e2e.ts" time="2.253">
<system-out>
<![CDATA[
[[ATTACHMENT|../../test-results/dashboard.e2e.ts-Dashboard-12547-hould-toggle-theme-on-click-chromium/video.webm]]

[[ATTACHMENT|../../test-results/dashboard.e2e.ts-Dashboard-12547-hould-toggle-theme-on-click-chromium/trace.zip]]
]]>
</system-out>
</testcase>
<testcase name="Dashboard › Responsive Design › should adapt to mobile viewport" classname="dashboard.e2e.ts" time="12.829">
<failure message="dashboard.e2e.ts:253:5 should adapt to mobile viewport" type="FAILURE">
<![CDATA[  [chromium] › dashboard.e2e.ts:253:5 › Dashboard › Responsive Design › should adapt to mobile viewport 

    Error: expect(locator).toBeVisible() failed

    Locator: locator('main').or(locator('[data-testid="dashboard"]')).first()
    Expected: visible
    Timeout: 10000ms
    Error: element(s) not found

    Call log:
      - Expect "toBeVisible" with timeout 10000ms
      - waiting for locator('main').or(locator('[data-testid="dashboard"]')).first()


      256 |       // Main content should still be visible
      257 |       const mainContent = page.locator('main').or(page.locator('[data-testid="dashboard"]'));
    > 258 |       await expect(mainContent.first()).toBeVisible();
          |                                         ^
      259 |
      260 |       // Navigation might be in a hamburger menu
      261 |       const hamburger = page
        at /mnt/nas/projects/one-ai-chat/tests/e2e/dashboard.e2e.ts:258:41

    attachment #1: screenshot (image/png) ──────────────────────────────────────────────────────────
    ../../test-results/dashboard.e2e.ts-Dashboard-f31fc-ld-adapt-to-mobile-viewport-chromium/test-failed-1.png
    ────────────────────────────────────────────────────────────────────────────────────────────────

    attachment #2: video (video/webm) ──────────────────────────────────────────────────────────────
    ../../test-results/dashboard.e2e.ts-Dashboard-f31fc-ld-adapt-to-mobile-viewport-chromium/video.webm
    ────────────────────────────────────────────────────────────────────────────────────────────────

    Error Context: ../../test-results/dashboard.e2e.ts-Dashboard-f31fc-ld-adapt-to-mobile-viewport-chromium/error-context.md

    attachment #4: trace (application/zip) ─────────────────────────────────────────────────────────
    ../../test-results/dashboard.e2e.ts-Dashboard-f31fc-ld-adapt-to-mobile-viewport-chromium/trace.zip
    Usage:

        pnpm exec playwright show-trace ../../test-results/dashboard.e2e.ts-Dashboard-f31fc-ld-adapt-to-mobile-viewport-chromium/trace.zip

    ────────────────────────────────────────────────────────────────────────────────────────────────
]]>
</failure>
<system-out>
<![CDATA[
[[ATTACHMENT|../../test-results/dashboard.e2e.ts-Dashboard-f31fc-ld-adapt-to-mobile-viewport-chromium/test-failed-1.png]]

[[ATTACHMENT|../../test-results/dashboard.e2e.ts-Dashboard-f31fc-ld-adapt-to-mobile-viewport-chromium/video.webm]]

[[ATTACHMENT|../../test-results/dashboard.e2e.ts-Dashboard-f31fc-ld-adapt-to-mobile-viewport-chromium/error-context.md]]

[[ATTACHMENT|../../test-results/dashboard.e2e.ts-Dashboard-f31fc-ld-adapt-to-mobile-viewport-chromium/trace.zip]]
]]>
</system-out>
</testcase>
<testcase name="Dashboard › Responsive Design › should adapt to tablet viewport" classname="dashboard.e2e.ts" time="12.578">
<failure message="dashboard.e2e.ts:273:5 should adapt to tablet viewport" type="FAILURE">
<![CDATA[  [chromium] › dashboard.e2e.ts:273:5 › Dashboard › Responsive Design › should adapt to tablet viewport 

    Error: expect(locator).toBeVisible() failed

    Locator: locator('main').or(locator('[data-testid="dashboard"]')).first()
    Expected: visible
    Timeout: 10000ms
    Error: element(s) not found

    Call log:
      - Expect "toBeVisible" with timeout 10000ms
      - waiting for locator('main').or(locator('[data-testid="dashboard"]')).first()


      275 |
      276 |       const mainContent = page.locator('main').or(page.locator('[data-testid="dashboard"]'));
    > 277 |       await expect(mainContent.first()).toBeVisible();
          |                                         ^
      278 |     });
      279 |   });
      280 | });
        at /mnt/nas/projects/one-ai-chat/tests/e2e/dashboard.e2e.ts:277:41

    attachment #1: screenshot (image/png) ──────────────────────────────────────────────────────────
    ../../test-results/dashboard.e2e.ts-Dashboard-cd298-ld-adapt-to-tablet-viewport-chromium/test-failed-1.png
    ────────────────────────────────────────────────────────────────────────────────────────────────

    attachment #2: video (video/webm) ──────────────────────────────────────────────────────────────
    ../../test-results/dashboard.e2e.ts-Dashboard-cd298-ld-adapt-to-tablet-viewport-chromium/video.webm
    ────────────────────────────────────────────────────────────────────────────────────────────────

    Error Context: ../../test-results/dashboard.e2e.ts-Dashboard-cd298-ld-adapt-to-tablet-viewport-chromium/error-context.md

    attachment #4: trace (application/zip) ─────────────────────────────────────────────────────────
    ../../test-results/dashboard.e2e.ts-Dashboard-cd298-ld-adapt-to-tablet-viewport-chromium/trace.zip
    Usage:

        pnpm exec playwright show-trace ../../test-results/dashboard.e2e.ts-Dashboard-cd298-ld-adapt-to-tablet-viewport-chromium/trace.zip

    ────────────────────────────────────────────────────────────────────────────────────────────────
]]>
</failure>
<system-out>
<![CDATA[
[[ATTACHMENT|../../test-results/dashboard.e2e.ts-Dashboard-cd298-ld-adapt-to-tablet-viewport-chromium/test-failed-1.png]]

[[ATTACHMENT|../../test-results/dashboard.e2e.ts-Dashboard-cd298-ld-adapt-to-tablet-viewport-chromium/video.webm]]

[[ATTACHMENT|../../test-results/dashboard.e2e.ts-Dashboard-cd298-ld-adapt-to-tablet-viewport-chromium/error-context.md]]

[[ATTACHMENT|../../test-results/dashboard.e2e.ts-Dashboard-cd298-ld-adapt-to-tablet-viewport-chromium/trace.zip]]
]]>
</system-out>
</testcase>
</testsuite>
<testsuite name="auth.e2e.ts" timestamp="2026-01-09T10:38:08.014Z" hostname="mobile-chrome" tests="9" failures="4" skipped="0" time="60.003" errors="0">
<testcase name="Authentication › Login Page › should display login page for unauthenticated users" classname="auth.e2e.ts" time="12.125">
<failure message="auth.e2e.ts:14:5 should display login page for unauthenticated users" type="FAILURE">
<![CDATA[  [mobile-chrome] › auth.e2e.ts:14:5 › Authentication › Login Page › should display login page for unauthenticated users 

    Error: expect(locator).toContainText(expected) failed

    Locator: locator('h1')
    Expected pattern: /OneEdge|Login|Sign/i
    Received string:  "Unified AI Platform"
    Timeout: 10000ms

    Call log:
      - Expect "toContainText" with timeout 10000ms
      - waiting for locator('h1')
        14 × locator resolved to <h1 class="text-xl lg:text-2xl font-semibold text-foreground">Unified AI Platform</h1>
           - unexpected value "Unified AI Platform"


      16 |
      17 |       // Should show login page
    > 18 |       await expect(page.locator('h1')).toContainText(/OneEdge|Login|Sign/i);
         |                                        ^
      19 |
      20 |       // Should have Google SSO button
      21 |       await expect(
        at /mnt/nas/projects/one-ai-chat/tests/e2e/auth.e2e.ts:18:40

    attachment #1: screenshot (image/png) ──────────────────────────────────────────────────────────
    ../../test-results/auth.e2e.ts-Authentication-aa70d-e-for-unauthenticated-users-mobile-chrome/test-failed-1.png
    ────────────────────────────────────────────────────────────────────────────────────────────────

    attachment #2: video (video/webm) ──────────────────────────────────────────────────────────────
    ../../test-results/auth.e2e.ts-Authentication-aa70d-e-for-unauthenticated-users-mobile-chrome/video.webm
    ────────────────────────────────────────────────────────────────────────────────────────────────

    Error Context: ../../test-results/auth.e2e.ts-Authentication-aa70d-e-for-unauthenticated-users-mobile-chrome/error-context.md

    attachment #4: trace (application/zip) ─────────────────────────────────────────────────────────
    ../../test-results/auth.e2e.ts-Authentication-aa70d-e-for-unauthenticated-users-mobile-chrome/trace.zip
    Usage:

        pnpm exec playwright show-trace ../../test-results/auth.e2e.ts-Authentication-aa70d-e-for-unauthenticated-users-mobile-chrome/trace.zip

    ────────────────────────────────────────────────────────────────────────────────────────────────
]]>
</failure>
<system-out>
<![CDATA[
[[ATTACHMENT|../../test-results/auth.e2e.ts-Authentication-aa70d-e-for-unauthenticated-users-mobile-chrome/test-failed-1.png]]

[[ATTACHMENT|../../test-results/auth.e2e.ts-Authentication-aa70d-e-for-unauthenticated-users-mobile-chrome/video.webm]]

[[ATTACHMENT|../../test-results/auth.e2e.ts-Authentication-aa70d-e-for-unauthenticated-users-mobile-chrome/error-context.md]]

[[ATTACHMENT|../../test-results/auth.e2e.ts-Authentication-aa70d-e-for-unauthenticated-users-mobile-chrome/trace.zip]]
]]>
</system-out>
</testcase>
<testcase name="Authentication › Login Page › should display email input option" classname="auth.e2e.ts" time="1.853">
<system-out>
<![CDATA[
[[ATTACHMENT|../../test-results/auth.e2e.ts-Authentication-42cbb--display-email-input-option-mobile-chrome/video.webm]]

[[ATTACHMENT|../../test-results/auth.e2e.ts-Authentication-42cbb--display-email-input-option-mobile-chrome/trace.zip]]
]]>
</system-out>
</testcase>
<testcase name="Authentication › Login Page › should have proper branding" classname="auth.e2e.ts" time="1.805">
<system-out>
<![CDATA[
[[ATTACHMENT|../../test-results/auth.e2e.ts-Authentication-d57da-should-have-proper-branding-mobile-chrome/video.webm]]

[[ATTACHMENT|../../test-results/auth.e2e.ts-Authentication-d57da-should-have-proper-branding-mobile-chrome/trace.zip]]
]]>
</system-out>
</testcase>
<testcase name="Authentication › Login Page › should show login when accessing protected routes unauthenticated" classname="auth.e2e.ts" time="3.116">
<system-out>
<![CDATA[
[[ATTACHMENT|../../test-results/auth.e2e.ts-Authentication-247b7-cted-routes-unauthenticated-mobile-chrome/video.webm]]

[[ATTACHMENT|../../test-results/auth.e2e.ts-Authentication-247b7-cted-routes-unauthenticated-mobile-chrome/trace.zip]]
]]>
</system-out>
</testcase>
<testcase name="Authentication › Authenticated User › should access protected routes when authenticated" classname="auth.e2e.ts" time="11.925">
<failure message="auth.e2e.ts:61:5 should access protected routes when authenticated" type="FAILURE">
<![CDATA[  [mobile-chrome] › auth.e2e.ts:61:5 › Authentication › Authenticated User › should access protected routes when authenticated 

    Error: expect(locator).toBeVisible() failed

    Locator: locator('[data-testid="chat-container"]').or(locator('nav'))
    Expected: visible
    Timeout: 10000ms
    Error: element(s) not found

    Call log:
      - Expect "toBeVisible" with timeout 10000ms
      - waiting for locator('[data-testid="chat-container"]').or(locator('nav'))


      63 |
      64 |       // Should be on chat page or show chat interface
    > 65 |       await expect(page.locator('[data-testid="chat-container"]').or(page.locator('nav'))).toBeVisible();
         |                                                                                            ^
      66 |     });
      67 |
      68 |     test('should display user information', async ({ page }) => {
        at /mnt/nas/projects/one-ai-chat/tests/e2e/auth.e2e.ts:65:92

    attachment #1: screenshot (image/png) ──────────────────────────────────────────────────────────
    ../../test-results/auth.e2e.ts-Authentication-15d3e-d-routes-when-authenticated-mobile-chrome/test-failed-1.png
    ────────────────────────────────────────────────────────────────────────────────────────────────

    attachment #2: video (video/webm) ──────────────────────────────────────────────────────────────
    ../../test-results/auth.e2e.ts-Authentication-15d3e-d-routes-when-authenticated-mobile-chrome/video.webm
    ────────────────────────────────────────────────────────────────────────────────────────────────

    Error Context: ../../test-results/auth.e2e.ts-Authentication-15d3e-d-routes-when-authenticated-mobile-chrome/error-context.md

    attachment #4: trace (application/zip) ─────────────────────────────────────────────────────────
    ../../test-results/auth.e2e.ts-Authentication-15d3e-d-routes-when-authenticated-mobile-chrome/trace.zip
    Usage:

        pnpm exec playwright show-trace ../../test-results/auth.e2e.ts-Authentication-15d3e-d-routes-when-authenticated-mobile-chrome/trace.zip

    ────────────────────────────────────────────────────────────────────────────────────────────────
]]>
</failure>
<system-out>
<![CDATA[
[[ATTACHMENT|../../test-results/auth.e2e.ts-Authentication-15d3e-d-routes-when-authenticated-mobile-chrome/test-failed-1.png]]

[[ATTACHMENT|../../test-results/auth.e2e.ts-Authentication-15d3e-d-routes-when-authenticated-mobile-chrome/video.webm]]

[[ATTACHMENT|../../test-results/auth.e2e.ts-Authentication-15d3e-d-routes-when-authenticated-mobile-chrome/error-context.md]]

[[ATTACHMENT|../../test-results/auth.e2e.ts-Authentication-15d3e-d-routes-when-authenticated-mobile-chrome/trace.zip]]
]]>
</system-out>
</testcase>
<testcase name="Authentication › Authenticated User › should display user information" classname="auth.e2e.ts" time="12.261">
<failure message="auth.e2e.ts:68:5 should display user information" type="FAILURE">
<![CDATA[  [mobile-chrome] › auth.e2e.ts:68:5 › Authentication › Authenticated User › should display user information 

    Error: expect(locator).toBeVisible() failed

    Locator: locator('[data-testid="user-menu"]').or(getByRole('button', { name: /user|profile|avatar/i })).or(locator('[aria-label*="user" i]')).first()
    Expected: visible
    Timeout: 10000ms
    Error: element(s) not found

    Call log:
      - Expect "toBeVisible" with timeout 10000ms
      - waiting for locator('[data-testid="user-menu"]').or(getByRole('button', { name: /user|profile|avatar/i })).or(locator('[aria-label*="user" i]')).first()


      75 |         .or(page.locator('[aria-label*="user" i]'));
      76 |
    > 77 |       await expect(userElement.first()).toBeVisible();
         |                                         ^
      78 |     });
      79 |
      80 |     test('should be able to logout', async ({ page }) => {
        at /mnt/nas/projects/one-ai-chat/tests/e2e/auth.e2e.ts:77:41

    attachment #1: screenshot (image/png) ──────────────────────────────────────────────────────────
    ../../test-results/auth.e2e.ts-Authentication-40c83-ld-display-user-information-mobile-chrome/test-failed-1.png
    ────────────────────────────────────────────────────────────────────────────────────────────────

    attachment #2: video (video/webm) ──────────────────────────────────────────────────────────────
    ../../test-results/auth.e2e.ts-Authentication-40c83-ld-display-user-information-mobile-chrome/video.webm
    ────────────────────────────────────────────────────────────────────────────────────────────────

    Error Context: ../../test-results/auth.e2e.ts-Authentication-40c83-ld-display-user-information-mobile-chrome/error-context.md

    attachment #4: trace (application/zip) ─────────────────────────────────────────────────────────
    ../../test-results/auth.e2e.ts-Authentication-40c83-ld-display-user-information-mobile-chrome/trace.zip
    Usage:

        pnpm exec playwright show-trace ../../test-results/auth.e2e.ts-Authentication-40c83-ld-display-user-information-mobile-chrome/trace.zip

    ────────────────────────────────────────────────────────────────────────────────────────────────
]]>
</failure>
<system-out>
<![CDATA[
[[ATTACHMENT|../../test-results/auth.e2e.ts-Authentication-40c83-ld-display-user-information-mobile-chrome/test-failed-1.png]]

[[ATTACHMENT|../../test-results/auth.e2e.ts-Authentication-40c83-ld-display-user-information-mobile-chrome/video.webm]]

[[ATTACHMENT|../../test-results/auth.e2e.ts-Authentication-40c83-ld-display-user-information-mobile-chrome/error-context.md]]

[[ATTACHMENT|../../test-results/auth.e2e.ts-Authentication-40c83-ld-display-user-information-mobile-chrome/trace.zip]]
]]>
</system-out>
</testcase>
<testcase name="Authentication › Authenticated User › should be able to logout" classname="auth.e2e.ts" time="12.445">
<failure message="auth.e2e.ts:80:5 should be able to logout" type="FAILURE">
<![CDATA[  [mobile-chrome] › auth.e2e.ts:80:5 › Authentication › Authenticated User › should be able to logout 

    Error: expect(locator).toBeVisible() failed

    Locator: locator('[data-testid="user-menu"]')
    Expected: visible
    Timeout: 10000ms
    Error: element(s) not found

    Call log:
      - Expect "toBeVisible" with timeout 10000ms
      - waiting for locator('[data-testid="user-menu"]')


      85 |       const userButton = page.locator('[data-testid="user-menu"]');
      86 |
    > 87 |       await expect(userButton).toBeVisible({ timeout: 10000 });
         |                                ^
      88 |       await userButton.click();
      89 |
      90 |       // Look for logout/sign out option in the dropdown
        at /mnt/nas/projects/one-ai-chat/tests/e2e/auth.e2e.ts:87:32

    attachment #1: screenshot (image/png) ──────────────────────────────────────────────────────────
    ../../test-results/auth.e2e.ts-Authentication-2e941-er-should-be-able-to-logout-mobile-chrome/test-failed-1.png
    ────────────────────────────────────────────────────────────────────────────────────────────────

    attachment #2: video (video/webm) ──────────────────────────────────────────────────────────────
    ../../test-results/auth.e2e.ts-Authentication-2e941-er-should-be-able-to-logout-mobile-chrome/video.webm
    ────────────────────────────────────────────────────────────────────────────────────────────────

    Error Context: ../../test-results/auth.e2e.ts-Authentication-2e941-er-should-be-able-to-logout-mobile-chrome/error-context.md

    attachment #4: trace (application/zip) ─────────────────────────────────────────────────────────
    ../../test-results/auth.e2e.ts-Authentication-2e941-er-should-be-able-to-logout-mobile-chrome/trace.zip
    Usage:

        pnpm exec playwright show-trace ../../test-results/auth.e2e.ts-Authentication-2e941-er-should-be-able-to-logout-mobile-chrome/trace.zip

    ────────────────────────────────────────────────────────────────────────────────────────────────
]]>
</failure>
<system-out>
<![CDATA[
[[ATTACHMENT|../../test-results/auth.e2e.ts-Authentication-2e941-er-should-be-able-to-logout-mobile-chrome/test-failed-1.png]]

[[ATTACHMENT|../../test-results/auth.e2e.ts-Authentication-2e941-er-should-be-able-to-logout-mobile-chrome/video.webm]]

[[ATTACHMENT|../../test-results/auth.e2e.ts-Authentication-2e941-er-should-be-able-to-logout-mobile-chrome/error-context.md]]

[[ATTACHMENT|../../test-results/auth.e2e.ts-Authentication-2e941-er-should-be-able-to-logout-mobile-chrome/trace.zip]]
]]>
</system-out>
</testcase>
<testcase name="Authentication › Session Persistence › should maintain session across page reloads" classname="auth.e2e.ts" time="2.042">
<system-out>
<![CDATA[
[[ATTACHMENT|../../test-results/auth.e2e.ts-Authentication-6ab3e-session-across-page-reloads-mobile-chrome/video.webm]]

[[ATTACHMENT|../../test-results/auth.e2e.ts-Authentication-6ab3e-session-across-page-reloads-mobile-chrome/trace.zip]]
]]>
</system-out>
</testcase>
<testcase name="Authentication › Session Persistence › should handle session expiry gracefully" classname="auth.e2e.ts" time="2.431">
<system-out>
<![CDATA[
[[ATTACHMENT|../../test-results/auth.e2e.ts-Authentication-33a8d-e-session-expiry-gracefully-mobile-chrome/video.webm]]

[[ATTACHMENT|../../test-results/auth.e2e.ts-Authentication-33a8d-e-session-expiry-gracefully-mobile-chrome/trace.zip]]
]]>
</system-out>
</testcase>
</testsuite>
<testsuite name="chat.e2e.ts" timestamp="2026-01-09T10:38:08.014Z" hostname="mobile-chrome" tests="14" failures="8" skipped="0" time="132.859" errors="0">
<testcase name="Chat › Chat Interface › should display chat interface components" classname="chat.e2e.ts" time="12.232">
<failure message="chat.e2e.ts:17:5 should display chat interface components" type="FAILURE">
<![CDATA[  [mobile-chrome] › chat.e2e.ts:17:5 › Chat › Chat Interface › should display chat interface components 

    Error: expect(locator).toBeVisible() failed

    Locator: locator('[data-testid="message-input"]').or(getByPlaceholder(/message|type|ask/i)).or(locator('textarea')).first()
    Expected: visible
    Timeout: 10000ms
    Error: element(s) not found

    Call log:
      - Expect "toBeVisible" with timeout 10000ms
      - waiting for locator('[data-testid="message-input"]').or(getByPlaceholder(/message|type|ask/i)).or(locator('textarea')).first()


      22 |         .or(page.locator('textarea'));
      23 |
    > 24 |       await expect(messageInput.first()).toBeVisible();
         |                                          ^
      25 |
      26 |       // Check for send button
      27 |       const sendButton = page
        at /mnt/nas/projects/one-ai-chat/tests/e2e/chat.e2e.ts:24:42

    attachment #1: screenshot (image/png) ──────────────────────────────────────────────────────────
    ../../test-results/chat.e2e.ts-Chat-Chat-Inte-26a69-y-chat-interface-components-mobile-chrome/test-failed-1.png
    ────────────────────────────────────────────────────────────────────────────────────────────────

    attachment #2: video (video/webm) ──────────────────────────────────────────────────────────────
    ../../test-results/chat.e2e.ts-Chat-Chat-Inte-26a69-y-chat-interface-components-mobile-chrome/video.webm
    ────────────────────────────────────────────────────────────────────────────────────────────────

    Error Context: ../../test-results/chat.e2e.ts-Chat-Chat-Inte-26a69-y-chat-interface-components-mobile-chrome/error-context.md

    attachment #4: trace (application/zip) ─────────────────────────────────────────────────────────
    ../../test-results/chat.e2e.ts-Chat-Chat-Inte-26a69-y-chat-interface-components-mobile-chrome/trace.zip
    Usage:

        pnpm exec playwright show-trace ../../test-results/chat.e2e.ts-Chat-Chat-Inte-26a69-y-chat-interface-components-mobile-chrome/trace.zip

    ────────────────────────────────────────────────────────────────────────────────────────────────
]]>
</failure>
<system-out>
<![CDATA[
[[ATTACHMENT|../../test-results/chat.e2e.ts-Chat-Chat-Inte-26a69-y-chat-interface-components-mobile-chrome/test-failed-1.png]]

[[ATTACHMENT|../../test-results/chat.e2e.ts-Chat-Chat-Inte-26a69-y-chat-interface-components-mobile-chrome/video.webm]]

[[ATTACHMENT|../../test-results/chat.e2e.ts-Chat-Chat-Inte-26a69-y-chat-interface-components-mobile-chrome/error-context.md]]

[[ATTACHMENT|../../test-results/chat.e2e.ts-Chat-Chat-Inte-26a69-y-chat-interface-components-mobile-chrome/trace.zip]]
]]>
</system-out>
</testcase>
<testcase name="Chat › Chat Interface › should display model selector" classname="chat.e2e.ts" time="12.359">
<failure message="chat.e2e.ts:35:5 should display model selector" type="FAILURE">
<![CDATA[  [mobile-chrome] › chat.e2e.ts:35:5 › Chat › Chat Interface › should display model selector ───────

    Error: expect(locator).toBeVisible() failed

    Locator: locator('[data-testid="model-selector"]').or(getByRole('combobox', { name: /model/i })).or(locator('select').filter({ hasText: /gpt|claude|gemini/i })).first()
    Expected: visible
    Timeout: 10000ms
    Error: element(s) not found

    Call log:
      - Expect "toBeVisible" with timeout 10000ms
      - waiting for locator('[data-testid="model-selector"]').or(getByRole('combobox', { name: /model/i })).or(locator('select').filter({ hasText: /gpt|claude|gemini/i })).first()


      40 |         .or(page.locator('select').filter({ hasText: /gpt|claude|gemini/i }));
      41 |
    > 42 |       await expect(modelSelector.first()).toBeVisible();
         |                                           ^
      43 |     });
      44 |
      45 |     test('should display conversation list or history', async ({ page }) => {
        at /mnt/nas/projects/one-ai-chat/tests/e2e/chat.e2e.ts:42:43

    attachment #1: screenshot (image/png) ──────────────────────────────────────────────────────────
    ../../test-results/chat.e2e.ts-Chat-Chat-Inte-afe90-ould-display-model-selector-mobile-chrome/test-failed-1.png
    ────────────────────────────────────────────────────────────────────────────────────────────────

    attachment #2: video (video/webm) ──────────────────────────────────────────────────────────────
    ../../test-results/chat.e2e.ts-Chat-Chat-Inte-afe90-ould-display-model-selector-mobile-chrome/video.webm
    ────────────────────────────────────────────────────────────────────────────────────────────────

    Error Context: ../../test-results/chat.e2e.ts-Chat-Chat-Inte-afe90-ould-display-model-selector-mobile-chrome/error-context.md

    attachment #4: trace (application/zip) ─────────────────────────────────────────────────────────
    ../../test-results/chat.e2e.ts-Chat-Chat-Inte-afe90-ould-display-model-selector-mobile-chrome/trace.zip
    Usage:

        pnpm exec playwright show-trace ../../test-results/chat.e2e.ts-Chat-Chat-Inte-afe90-ould-display-model-selector-mobile-chrome/trace.zip

    ────────────────────────────────────────────────────────────────────────────────────────────────
]]>
</failure>
<system-out>
<![CDATA[
[[ATTACHMENT|../../test-results/chat.e2e.ts-Chat-Chat-Inte-afe90-ould-display-model-selector-mobile-chrome/test-failed-1.png]]

[[ATTACHMENT|../../test-results/chat.e2e.ts-Chat-Chat-Inte-afe90-ould-display-model-selector-mobile-chrome/video.webm]]

[[ATTACHMENT|../../test-results/chat.e2e.ts-Chat-Chat-Inte-afe90-ould-display-model-selector-mobile-chrome/error-context.md]]

[[ATTACHMENT|../../test-results/chat.e2e.ts-Chat-Chat-Inte-afe90-ould-display-model-selector-mobile-chrome/trace.zip]]
]]>
</system-out>
</testcase>
<testcase name="Chat › Chat Interface › should display conversation list or history" classname="chat.e2e.ts" time="12.262">
<failure message="chat.e2e.ts:45:5 should display conversation list or history" type="FAILURE">
<![CDATA[  [mobile-chrome] › chat.e2e.ts:45:5 › Chat › Chat Interface › should display conversation list or history 

    Error: expect(locator).toBeVisible() failed

    Locator: locator('[data-testid="conversation-list"]').or(locator('[data-testid="sidebar"]')).or(locator('aside')).first()
    Expected: visible
    Timeout: 10000ms
    Error: element(s) not found

    Call log:
      - Expect "toBeVisible" with timeout 10000ms
      - waiting for locator('[data-testid="conversation-list"]').or(locator('[data-testid="sidebar"]')).or(locator('aside')).first()


      50 |         .or(page.locator('aside'));
      51 |
    > 52 |       await expect(conversationList.first()).toBeVisible();
         |                                              ^
      53 |     });
      54 |   });
      55 |
        at /mnt/nas/projects/one-ai-chat/tests/e2e/chat.e2e.ts:52:46

    attachment #1: screenshot (image/png) ──────────────────────────────────────────────────────────
    ../../test-results/chat.e2e.ts-Chat-Chat-Inte-0bbdf-onversation-list-or-history-mobile-chrome/test-failed-1.png
    ────────────────────────────────────────────────────────────────────────────────────────────────

    attachment #2: video (video/webm) ──────────────────────────────────────────────────────────────
    ../../test-results/chat.e2e.ts-Chat-Chat-Inte-0bbdf-onversation-list-or-history-mobile-chrome/video.webm
    ────────────────────────────────────────────────────────────────────────────────────────────────

    Error Context: ../../test-results/chat.e2e.ts-Chat-Chat-Inte-0bbdf-onversation-list-or-history-mobile-chrome/error-context.md

    attachment #4: trace (application/zip) ─────────────────────────────────────────────────────────
    ../../test-results/chat.e2e.ts-Chat-Chat-Inte-0bbdf-onversation-list-or-history-mobile-chrome/trace.zip
    Usage:

        pnpm exec playwright show-trace ../../test-results/chat.e2e.ts-Chat-Chat-Inte-0bbdf-onversation-list-or-history-mobile-chrome/trace.zip

    ────────────────────────────────────────────────────────────────────────────────────────────────
]]>
</failure>
<system-out>
<![CDATA[
[[ATTACHMENT|../../test-results/chat.e2e.ts-Chat-Chat-Inte-0bbdf-onversation-list-or-history-mobile-chrome/test-failed-1.png]]

[[ATTACHMENT|../../test-results/chat.e2e.ts-Chat-Chat-Inte-0bbdf-onversation-list-or-history-mobile-chrome/video.webm]]

[[ATTACHMENT|../../test-results/chat.e2e.ts-Chat-Chat-Inte-0bbdf-onversation-list-or-history-mobile-chrome/error-context.md]]

[[ATTACHMENT|../../test-results/chat.e2e.ts-Chat-Chat-Inte-0bbdf-onversation-list-or-history-mobile-chrome/trace.zip]]
]]>
</system-out>
</testcase>
<testcase name="Chat › Message Sending › should allow typing in message input" classname="chat.e2e.ts" time="17.535">
<failure message="chat.e2e.ts:57:5 should allow typing in message input" type="FAILURE">
<![CDATA[  [mobile-chrome] › chat.e2e.ts:57:5 › Chat › Message Sending › should allow typing in message input 

    TimeoutError: locator.fill: Timeout 15000ms exceeded.
    Call log:
      - waiting for locator('[data-testid="message-input"]').or(getByPlaceholder(/message|type|ask/i)).or(locator('textarea')).first()


      62 |         .first();
      63 |
    > 64 |       await messageInput.fill('Hello, this is a test message');
         |                          ^
      65 |
      66 |       await expect(messageInput).toHaveValue('Hello, this is a test message');
      67 |     });
        at /mnt/nas/projects/one-ai-chat/tests/e2e/chat.e2e.ts:64:26

    attachment #1: screenshot (image/png) ──────────────────────────────────────────────────────────
    ../../test-results/chat.e2e.ts-Chat-Message-S-fb8e3-low-typing-in-message-input-mobile-chrome/test-failed-1.png
    ────────────────────────────────────────────────────────────────────────────────────────────────

    attachment #2: video (video/webm) ──────────────────────────────────────────────────────────────
    ../../test-results/chat.e2e.ts-Chat-Message-S-fb8e3-low-typing-in-message-input-mobile-chrome/video.webm
    ────────────────────────────────────────────────────────────────────────────────────────────────

    Error Context: ../../test-results/chat.e2e.ts-Chat-Message-S-fb8e3-low-typing-in-message-input-mobile-chrome/error-context.md

    attachment #4: trace (application/zip) ─────────────────────────────────────────────────────────
    ../../test-results/chat.e2e.ts-Chat-Message-S-fb8e3-low-typing-in-message-input-mobile-chrome/trace.zip
    Usage:

        pnpm exec playwright show-trace ../../test-results/chat.e2e.ts-Chat-Message-S-fb8e3-low-typing-in-message-input-mobile-chrome/trace.zip

    ────────────────────────────────────────────────────────────────────────────────────────────────
]]>
</failure>
<system-out>
<![CDATA[
[[ATTACHMENT|../../test-results/chat.e2e.ts-Chat-Message-S-fb8e3-low-typing-in-message-input-mobile-chrome/test-failed-1.png]]

[[ATTACHMENT|../../test-results/chat.e2e.ts-Chat-Message-S-fb8e3-low-typing-in-message-input-mobile-chrome/video.webm]]

[[ATTACHMENT|../../test-results/chat.e2e.ts-Chat-Message-S-fb8e3-low-typing-in-message-input-mobile-chrome/error-context.md]]

[[ATTACHMENT|../../test-results/chat.e2e.ts-Chat-Message-S-fb8e3-low-typing-in-message-input-mobile-chrome/trace.zip]]
]]>
</system-out>
</testcase>
<testcase name="Chat › Message Sending › should clear input after sending" classname="chat.e2e.ts" time="17.668">
<failure message="chat.e2e.ts:69:5 should clear input after sending" type="FAILURE">
<![CDATA[  [mobile-chrome] › chat.e2e.ts:69:5 › Chat › Message Sending › should clear input after sending ───

    TimeoutError: locator.fill: Timeout 15000ms exceeded.
    Call log:
      - waiting for locator('[data-testid="message-input"]').or(getByPlaceholder(/message|type|ask/i)).or(locator('textarea')).first()


      74 |         .first();
      75 |
    > 76 |       await messageInput.fill('Test message');
         |                          ^
      77 |
      78 |       // Press Enter or click send button
      79 |       await messageInput.press('Enter');
        at /mnt/nas/projects/one-ai-chat/tests/e2e/chat.e2e.ts:76:26

    attachment #1: screenshot (image/png) ──────────────────────────────────────────────────────────
    ../../test-results/chat.e2e.ts-Chat-Message-S-cdee5-d-clear-input-after-sending-mobile-chrome/test-failed-1.png
    ────────────────────────────────────────────────────────────────────────────────────────────────

    attachment #2: video (video/webm) ──────────────────────────────────────────────────────────────
    ../../test-results/chat.e2e.ts-Chat-Message-S-cdee5-d-clear-input-after-sending-mobile-chrome/video.webm
    ────────────────────────────────────────────────────────────────────────────────────────────────

    Error Context: ../../test-results/chat.e2e.ts-Chat-Message-S-cdee5-d-clear-input-after-sending-mobile-chrome/error-context.md

    attachment #4: trace (application/zip) ─────────────────────────────────────────────────────────
    ../../test-results/chat.e2e.ts-Chat-Message-S-cdee5-d-clear-input-after-sending-mobile-chrome/trace.zip
    Usage:

        pnpm exec playwright show-trace ../../test-results/chat.e2e.ts-Chat-Message-S-cdee5-d-clear-input-after-sending-mobile-chrome/trace.zip

    ────────────────────────────────────────────────────────────────────────────────────────────────
]]>
</failure>
<system-out>
<![CDATA[
[[ATTACHMENT|../../test-results/chat.e2e.ts-Chat-Message-S-cdee5-d-clear-input-after-sending-mobile-chrome/test-failed-1.png]]

[[ATTACHMENT|../../test-results/chat.e2e.ts-Chat-Message-S-cdee5-d-clear-input-after-sending-mobile-chrome/video.webm]]

[[ATTACHMENT|../../test-results/chat.e2e.ts-Chat-Message-S-cdee5-d-clear-input-after-sending-mobile-chrome/error-context.md]]

[[ATTACHMENT|../../test-results/chat.e2e.ts-Chat-Message-S-cdee5-d-clear-input-after-sending-mobile-chrome/trace.zip]]
]]>
</system-out>
</testcase>
<testcase name="Chat › Message Sending › should show user message after sending" classname="chat.e2e.ts" time="8.656">
<failure message="chat.e2e.ts:85:5 should show user message after sending" type="FAILURE">
<![CDATA[  [mobile-chrome] › chat.e2e.ts:85:5 › Chat › Message Sending › should show user message after sending 

    Error: expect(locator).toBeVisible() failed

    Locator: locator('[data-testid="model-selector"]')
    Expected: visible
    Timeout: 5000ms
    Error: element(s) not found

    Call log:
      - Expect "toBeVisible" with timeout 5000ms
      - waiting for locator('[data-testid="model-selector"]')


      117 |       // Wait for model selector to have a model selected (not "Select Model...")
      118 |       const modelSelector = page.locator('[data-testid="model-selector"]');
    > 119 |       await expect(modelSelector).toBeVisible({ timeout: 5000 });
          |                                   ^
      120 |
      121 |       const messageInput = page
      122 |         .locator('[data-testid="message-input"]')
        at /mnt/nas/projects/one-ai-chat/tests/e2e/chat.e2e.ts:119:35

    attachment #1: screenshot (image/png) ──────────────────────────────────────────────────────────
    ../../test-results/chat.e2e.ts-Chat-Message-S-7006c--user-message-after-sending-mobile-chrome/test-failed-1.png
    ────────────────────────────────────────────────────────────────────────────────────────────────

    attachment #2: video (video/webm) ──────────────────────────────────────────────────────────────
    ../../test-results/chat.e2e.ts-Chat-Message-S-7006c--user-message-after-sending-mobile-chrome/video.webm
    ────────────────────────────────────────────────────────────────────────────────────────────────

    Error Context: ../../test-results/chat.e2e.ts-Chat-Message-S-7006c--user-message-after-sending-mobile-chrome/error-context.md

    attachment #4: trace (application/zip) ─────────────────────────────────────────────────────────
    ../../test-results/chat.e2e.ts-Chat-Message-S-7006c--user-message-after-sending-mobile-chrome/trace.zip
    Usage:

        pnpm exec playwright show-trace ../../test-results/chat.e2e.ts-Chat-Message-S-7006c--user-message-after-sending-mobile-chrome/trace.zip

    ────────────────────────────────────────────────────────────────────────────────────────────────
]]>
</failure>
<system-out>
<![CDATA[
[[ATTACHMENT|../../test-results/chat.e2e.ts-Chat-Message-S-7006c--user-message-after-sending-mobile-chrome/test-failed-1.png]]

[[ATTACHMENT|../../test-results/chat.e2e.ts-Chat-Message-S-7006c--user-message-after-sending-mobile-chrome/video.webm]]

[[ATTACHMENT|../../test-results/chat.e2e.ts-Chat-Message-S-7006c--user-message-after-sending-mobile-chrome/error-context.md]]

[[ATTACHMENT|../../test-results/chat.e2e.ts-Chat-Message-S-7006c--user-message-after-sending-mobile-chrome/trace.zip]]
]]>
</system-out>
</testcase>
<testcase name="Chat › Conversation Management › should allow creating new conversation" classname="chat.e2e.ts" time="2.588">
<system-out>
<![CDATA[
[[ATTACHMENT|../../test-results/chat.e2e.ts-Chat-Conversat-5c2bd-w-creating-new-conversation-mobile-chrome/video.webm]]

[[ATTACHMENT|../../test-results/chat.e2e.ts-Chat-Conversat-5c2bd-w-creating-new-conversation-mobile-chrome/trace.zip]]
]]>
</system-out>
</testcase>
<testcase name="Chat › Conversation Management › should display conversation title" classname="chat.e2e.ts" time="2.382">
<system-out>
<![CDATA[
[[ATTACHMENT|../../test-results/chat.e2e.ts-Chat-Conversat-7a4d1--display-conversation-title-mobile-chrome/video.webm]]

[[ATTACHMENT|../../test-results/chat.e2e.ts-Chat-Conversat-7a4d1--display-conversation-title-mobile-chrome/trace.zip]]
]]>
</system-out>
</testcase>
<testcase name="Chat › Model Selection › should display available models" classname="chat.e2e.ts" time="4.05">
<system-out>
<![CDATA[
[[ATTACHMENT|../../test-results/chat.e2e.ts-Chat-Model-Sel-3a32a-ld-display-available-models-mobile-chrome/video.webm]]

[[ATTACHMENT|../../test-results/chat.e2e.ts-Chat-Model-Sel-3a32a-ld-display-available-models-mobile-chrome/trace.zip]]
]]>
</system-out>
</testcase>
<testcase name="Chat › Model Selection › should allow changing model" classname="chat.e2e.ts" time="2.07">
<system-out>
<![CDATA[
[[ATTACHMENT|../../test-results/chat.e2e.ts-Chat-Model-Selection-should-allow-changing-model-mobile-chrome/video.webm]]

[[ATTACHMENT|../../test-results/chat.e2e.ts-Chat-Model-Selection-should-allow-changing-model-mobile-chrome/trace.zip]]
]]>
</system-out>
</testcase>
<testcase name="Chat › Keyboard Shortcuts › should send message on Enter" classname="chat.e2e.ts" time="17.634">
<failure message="chat.e2e.ts:213:5 should send message on Enter" type="FAILURE">
<![CDATA[  [mobile-chrome] › chat.e2e.ts:213:5 › Chat › Keyboard Shortcuts › should send message on Enter ───

    TimeoutError: locator.fill: Timeout 15000ms exceeded.
    Call log:
      - waiting for locator('[data-testid="message-input"]').or(getByPlaceholder(/message|type|ask/i)).or(locator('textarea')).first()


      218 |         .first();
      219 |
    > 220 |       await messageInput.fill('Test with Enter');
          |                          ^
      221 |       await messageInput.press('Enter');
      222 |
      223 |       // Message should be submitted (input may clear)
        at /mnt/nas/projects/one-ai-chat/tests/e2e/chat.e2e.ts:220:26

    attachment #1: screenshot (image/png) ──────────────────────────────────────────────────────────
    ../../test-results/chat.e2e.ts-Chat-Keyboard--a5d3e-hould-send-message-on-Enter-mobile-chrome/test-failed-1.png
    ────────────────────────────────────────────────────────────────────────────────────────────────

    attachment #2: video (video/webm) ──────────────────────────────────────────────────────────────
    ../../test-results/chat.e2e.ts-Chat-Keyboard--a5d3e-hould-send-message-on-Enter-mobile-chrome/video.webm
    ────────────────────────────────────────────────────────────────────────────────────────────────

    Error Context: ../../test-results/chat.e2e.ts-Chat-Keyboard--a5d3e-hould-send-message-on-Enter-mobile-chrome/error-context.md

    attachment #4: trace (application/zip) ─────────────────────────────────────────────────────────
    ../../test-results/chat.e2e.ts-Chat-Keyboard--a5d3e-hould-send-message-on-Enter-mobile-chrome/trace.zip
    Usage:

        pnpm exec playwright show-trace ../../test-results/chat.e2e.ts-Chat-Keyboard--a5d3e-hould-send-message-on-Enter-mobile-chrome/trace.zip

    ────────────────────────────────────────────────────────────────────────────────────────────────
]]>
</failure>
<system-out>
<![CDATA[
[[ATTACHMENT|../../test-results/chat.e2e.ts-Chat-Keyboard--a5d3e-hould-send-message-on-Enter-mobile-chrome/test-failed-1.png]]

[[ATTACHMENT|../../test-results/chat.e2e.ts-Chat-Keyboard--a5d3e-hould-send-message-on-Enter-mobile-chrome/video.webm]]

[[ATTACHMENT|../../test-results/chat.e2e.ts-Chat-Keyboard--a5d3e-hould-send-message-on-Enter-mobile-chrome/error-context.md]]

[[ATTACHMENT|../../test-results/chat.e2e.ts-Chat-Keyboard--a5d3e-hould-send-message-on-Enter-mobile-chrome/trace.zip]]
]]>
</system-out>
</testcase>
<testcase name="Chat › Keyboard Shortcuts › should allow newline with Shift+Enter" classname="chat.e2e.ts" time="17.627">
<failure message="chat.e2e.ts:226:5 should allow newline with Shift+Enter" type="FAILURE">
<![CDATA[  [mobile-chrome] › chat.e2e.ts:226:5 › Chat › Keyboard Shortcuts › should allow newline with Shift+Enter 

    TimeoutError: locator.fill: Timeout 15000ms exceeded.
    Call log:
      - waiting for locator('[data-testid="message-input"]').or(getByPlaceholder(/message|type|ask/i)).or(locator('textarea')).first()


      231 |         .first();
      232 |
    > 233 |       await messageInput.fill('Line 1');
          |                          ^
      234 |       await messageInput.press('Shift+Enter');
      235 |       await messageInput.type('Line 2');
      236 |
        at /mnt/nas/projects/one-ai-chat/tests/e2e/chat.e2e.ts:233:26

    attachment #1: screenshot (image/png) ──────────────────────────────────────────────────────────
    ../../test-results/chat.e2e.ts-Chat-Keyboard--d0823-ow-newline-with-Shift-Enter-mobile-chrome/test-failed-1.png
    ────────────────────────────────────────────────────────────────────────────────────────────────

    attachment #2: video (video/webm) ──────────────────────────────────────────────────────────────
    ../../test-results/chat.e2e.ts-Chat-Keyboard--d0823-ow-newline-with-Shift-Enter-mobile-chrome/video.webm
    ────────────────────────────────────────────────────────────────────────────────────────────────

    Error Context: ../../test-results/chat.e2e.ts-Chat-Keyboard--d0823-ow-newline-with-Shift-Enter-mobile-chrome/error-context.md

    attachment #4: trace (application/zip) ─────────────────────────────────────────────────────────
    ../../test-results/chat.e2e.ts-Chat-Keyboard--d0823-ow-newline-with-Shift-Enter-mobile-chrome/trace.zip
    Usage:

        pnpm exec playwright show-trace ../../test-results/chat.e2e.ts-Chat-Keyboard--d0823-ow-newline-with-Shift-Enter-mobile-chrome/trace.zip

    ────────────────────────────────────────────────────────────────────────────────────────────────
]]>
</failure>
<system-out>
<![CDATA[
[[ATTACHMENT|../../test-results/chat.e2e.ts-Chat-Keyboard--d0823-ow-newline-with-Shift-Enter-mobile-chrome/test-failed-1.png]]

[[ATTACHMENT|../../test-results/chat.e2e.ts-Chat-Keyboard--d0823-ow-newline-with-Shift-Enter-mobile-chrome/video.webm]]

[[ATTACHMENT|../../test-results/chat.e2e.ts-Chat-Keyboard--d0823-ow-newline-with-Shift-Enter-mobile-chrome/error-context.md]]

[[ATTACHMENT|../../test-results/chat.e2e.ts-Chat-Keyboard--d0823-ow-newline-with-Shift-Enter-mobile-chrome/trace.zip]]
]]>
</system-out>
</testcase>
<testcase name="Chat › Accessibility › should have accessible form elements" classname="chat.e2e.ts" time="3.007">
<system-out>
<![CDATA[
[[ATTACHMENT|../../test-results/chat.e2e.ts-Chat-Accessibi-60c96-ve-accessible-form-elements-mobile-chrome/video.webm]]

[[ATTACHMENT|../../test-results/chat.e2e.ts-Chat-Accessibi-60c96-ve-accessible-form-elements-mobile-chrome/trace.zip]]
]]>
</system-out>
</testcase>
<testcase name="Chat › Accessibility › should be keyboard navigable" classname="chat.e2e.ts" time="2.789">
<system-out>
<![CDATA[
[[ATTACHMENT|../../test-results/chat.e2e.ts-Chat-Accessibility-should-be-keyboard-navigable-mobile-chrome/video.webm]]

[[ATTACHMENT|../../test-results/chat.e2e.ts-Chat-Accessibility-should-be-keyboard-navigable-mobile-chrome/trace.zip]]
]]>
</system-out>
</testcase>
</testsuite>
<testsuite name="dashboard.e2e.ts" timestamp="2026-01-09T10:38:08.014Z" hostname="mobile-chrome" tests="20" failures="8" skipped="0" time="120.769" errors="0">
<testcase name="Dashboard › Dashboard Layout › should display dashboard page" classname="dashboard.e2e.ts" time="12.351">
<failure message="dashboard.e2e.ts:17:5 should display dashboard page" type="FAILURE">
<![CDATA[  [mobile-chrome] › dashboard.e2e.ts:17:5 › Dashboard › Dashboard Layout › should display dashboard page 

    Error: expect(locator).toBeVisible() failed

    Locator: locator('main').or(locator('[data-testid="dashboard"]')).first()
    Expected: visible
    Timeout: 10000ms
    Error: element(s) not found

    Call log:
      - Expect "toBeVisible" with timeout 10000ms
      - waiting for locator('main').or(locator('[data-testid="dashboard"]')).first()


      21 |       // Should have main content area
      22 |       const mainContent = page.locator('main').or(page.locator('[data-testid="dashboard"]'));
    > 23 |       await expect(mainContent.first()).toBeVisible();
         |                                         ^
      24 |     });
      25 |
      26 |     test('should display navigation', async ({ page }) => {
        at /mnt/nas/projects/one-ai-chat/tests/e2e/dashboard.e2e.ts:23:41

    attachment #1: screenshot (image/png) ──────────────────────────────────────────────────────────
    ../../test-results/dashboard.e2e.ts-Dashboard-354c7-ould-display-dashboard-page-mobile-chrome/test-failed-1.png
    ────────────────────────────────────────────────────────────────────────────────────────────────

    attachment #2: video (video/webm) ──────────────────────────────────────────────────────────────
    ../../test-results/dashboard.e2e.ts-Dashboard-354c7-ould-display-dashboard-page-mobile-chrome/video.webm
    ────────────────────────────────────────────────────────────────────────────────────────────────

    Error Context: ../../test-results/dashboard.e2e.ts-Dashboard-354c7-ould-display-dashboard-page-mobile-chrome/error-context.md

    attachment #4: trace (application/zip) ─────────────────────────────────────────────────────────
    ../../test-results/dashboard.e2e.ts-Dashboard-354c7-ould-display-dashboard-page-mobile-chrome/trace.zip
    Usage:

        pnpm exec playwright show-trace ../../test-results/dashboard.e2e.ts-Dashboard-354c7-ould-display-dashboard-page-mobile-chrome/trace.zip

    ────────────────────────────────────────────────────────────────────────────────────────────────
]]>
</failure>
<system-out>
<![CDATA[
[[ATTACHMENT|../../test-results/dashboard.e2e.ts-Dashboard-354c7-ould-display-dashboard-page-mobile-chrome/test-failed-1.png]]

[[ATTACHMENT|../../test-results/dashboard.e2e.ts-Dashboard-354c7-ould-display-dashboard-page-mobile-chrome/video.webm]]

[[ATTACHMENT|../../test-results/dashboard.e2e.ts-Dashboard-354c7-ould-display-dashboard-page-mobile-chrome/error-context.md]]

[[ATTACHMENT|../../test-results/dashboard.e2e.ts-Dashboard-354c7-ould-display-dashboard-page-mobile-chrome/trace.zip]]
]]>
</system-out>
</testcase>
<testcase name="Dashboard › Dashboard Layout › should display navigation" classname="dashboard.e2e.ts" time="12.372">
<failure message="dashboard.e2e.ts:26:5 should display navigation" type="FAILURE">
<![CDATA[  [mobile-chrome] › dashboard.e2e.ts:26:5 › Dashboard › Dashboard Layout › should display navigation 

    Error: expect(locator).toBeVisible() failed

    Locator: locator('nav').or(locator('[data-testid="sidebar"]')).first()
    Expected: visible
    Timeout: 10000ms
    Error: element(s) not found

    Call log:
      - Expect "toBeVisible" with timeout 10000ms
      - waiting for locator('nav').or(locator('[data-testid="sidebar"]')).first()


      27 |       // Check for nav element
      28 |       const nav = page.locator('nav').or(page.locator('[data-testid="sidebar"]'));
    > 29 |       await expect(nav.first()).toBeVisible();
         |                                 ^
      30 |     });
      31 |
      32 |     test('should display header/topbar', async ({ page }) => {
        at /mnt/nas/projects/one-ai-chat/tests/e2e/dashboard.e2e.ts:29:33

    attachment #1: screenshot (image/png) ──────────────────────────────────────────────────────────
    ../../test-results/dashboard.e2e.ts-Dashboard-8837c-t-should-display-navigation-mobile-chrome/test-failed-1.png
    ────────────────────────────────────────────────────────────────────────────────────────────────

    attachment #2: video (video/webm) ──────────────────────────────────────────────────────────────
    ../../test-results/dashboard.e2e.ts-Dashboard-8837c-t-should-display-navigation-mobile-chrome/video.webm
    ────────────────────────────────────────────────────────────────────────────────────────────────

    Error Context: ../../test-results/dashboard.e2e.ts-Dashboard-8837c-t-should-display-navigation-mobile-chrome/error-context.md

    attachment #4: trace (application/zip) ─────────────────────────────────────────────────────────
    ../../test-results/dashboard.e2e.ts-Dashboard-8837c-t-should-display-navigation-mobile-chrome/trace.zip
    Usage:

        pnpm exec playwright show-trace ../../test-results/dashboard.e2e.ts-Dashboard-8837c-t-should-display-navigation-mobile-chrome/trace.zip

    ────────────────────────────────────────────────────────────────────────────────────────────────
]]>
</failure>
<system-out>
<![CDATA[
[[ATTACHMENT|../../test-results/dashboard.e2e.ts-Dashboard-8837c-t-should-display-navigation-mobile-chrome/test-failed-1.png]]

[[ATTACHMENT|../../test-results/dashboard.e2e.ts-Dashboard-8837c-t-should-display-navigation-mobile-chrome/video.webm]]

[[ATTACHMENT|../../test-results/dashboard.e2e.ts-Dashboard-8837c-t-should-display-navigation-mobile-chrome/error-context.md]]

[[ATTACHMENT|../../test-results/dashboard.e2e.ts-Dashboard-8837c-t-should-display-navigation-mobile-chrome/trace.zip]]
]]>
</system-out>
</testcase>
<testcase name="Dashboard › Dashboard Layout › should display header/topbar" classname="dashboard.e2e.ts" time="12.22">
<failure message="dashboard.e2e.ts:32:5 should display header/topbar" type="FAILURE">
<![CDATA[  [mobile-chrome] › dashboard.e2e.ts:32:5 › Dashboard › Dashboard Layout › should display header/topbar 

    Error: expect(locator).toBeVisible() failed

    Locator: locator('.glass-toolbar').or(locator('[data-testid="topbar"] > *')).or(getByPlaceholder(/search/i)).first()
    Expected: visible
    Timeout: 10000ms
    Error: element(s) not found

    Call log:
      - Expect "toBeVisible" with timeout 10000ms
      - waiting for locator('.glass-toolbar').or(locator('[data-testid="topbar"] > *')).or(getByPlaceholder(/search/i)).first()


      36 |         .or(page.locator('[data-testid="topbar"] > *'))
      37 |         .or(page.getByPlaceholder(/search/i));
    > 38 |       await expect(topbarContent.first()).toBeVisible();
         |                                           ^
      39 |     });
      40 |   });
      41 |
        at /mnt/nas/projects/one-ai-chat/tests/e2e/dashboard.e2e.ts:38:43

    attachment #1: screenshot (image/png) ──────────────────────────────────────────────────────────
    ../../test-results/dashboard.e2e.ts-Dashboard-e0789-hould-display-header-topbar-mobile-chrome/test-failed-1.png
    ────────────────────────────────────────────────────────────────────────────────────────────────

    attachment #2: video (video/webm) ──────────────────────────────────────────────────────────────
    ../../test-results/dashboard.e2e.ts-Dashboard-e0789-hould-display-header-topbar-mobile-chrome/video.webm
    ────────────────────────────────────────────────────────────────────────────────────────────────

    Error Context: ../../test-results/dashboard.e2e.ts-Dashboard-e0789-hould-display-header-topbar-mobile-chrome/error-context.md

    attachment #4: trace (application/zip) ─────────────────────────────────────────────────────────
    ../../test-results/dashboard.e2e.ts-Dashboard-e0789-hould-display-header-topbar-mobile-chrome/trace.zip
    Usage:

        pnpm exec playwright show-trace ../../test-results/dashboard.e2e.ts-Dashboard-e0789-hould-display-header-topbar-mobile-chrome/trace.zip

    ────────────────────────────────────────────────────────────────────────────────────────────────
]]>
</failure>
<system-out>
<![CDATA[
[[ATTACHMENT|../../test-results/dashboard.e2e.ts-Dashboard-e0789-hould-display-header-topbar-mobile-chrome/test-failed-1.png]]

[[ATTACHMENT|../../test-results/dashboard.e2e.ts-Dashboard-e0789-hould-display-header-topbar-mobile-chrome/video.webm]]

[[ATTACHMENT|../../test-results/dashboard.e2e.ts-Dashboard-e0789-hould-display-header-topbar-mobile-chrome/error-context.md]]

[[ATTACHMENT|../../test-results/dashboard.e2e.ts-Dashboard-e0789-hould-display-header-topbar-mobile-chrome/trace.zip]]
]]>
</system-out>
</testcase>
<testcase name="Dashboard › Spotlight Search › should display search bar" classname="dashboard.e2e.ts" time="12.405">
<failure message="dashboard.e2e.ts:43:5 should display search bar" type="FAILURE">
<![CDATA[  [mobile-chrome] › dashboard.e2e.ts:43:5 › Dashboard › Spotlight Search › should display search bar 

    Error: expect(locator).toBeVisible() failed

    Locator: locator('[data-testid="spotlight-search"]').or(getByPlaceholder(/search|ask/i)).or(locator('input[type="search"]')).first()
    Expected: visible
    Timeout: 10000ms
    Error: element(s) not found

    Call log:
      - Expect "toBeVisible" with timeout 10000ms
      - waiting for locator('[data-testid="spotlight-search"]').or(getByPlaceholder(/search|ask/i)).or(locator('input[type="search"]')).first()


      48 |         .or(page.locator('input[type="search"]'));
      49 |
    > 50 |       await expect(searchInput.first()).toBeVisible();
         |                                         ^
      51 |     });
      52 |
      53 |     test('should allow typing in search', async ({ page }) => {
        at /mnt/nas/projects/one-ai-chat/tests/e2e/dashboard.e2e.ts:50:41

    attachment #1: screenshot (image/png) ──────────────────────────────────────────────────────────
    ../../test-results/dashboard.e2e.ts-Dashboard-0a235-h-should-display-search-bar-mobile-chrome/test-failed-1.png
    ────────────────────────────────────────────────────────────────────────────────────────────────

    attachment #2: video (video/webm) ──────────────────────────────────────────────────────────────
    ../../test-results/dashboard.e2e.ts-Dashboard-0a235-h-should-display-search-bar-mobile-chrome/video.webm
    ────────────────────────────────────────────────────────────────────────────────────────────────

    Error Context: ../../test-results/dashboard.e2e.ts-Dashboard-0a235-h-should-display-search-bar-mobile-chrome/error-context.md

    attachment #4: trace (application/zip) ─────────────────────────────────────────────────────────
    ../../test-results/dashboard.e2e.ts-Dashboard-0a235-h-should-display-search-bar-mobile-chrome/trace.zip
    Usage:

        pnpm exec playwright show-trace ../../test-results/dashboard.e2e.ts-Dashboard-0a235-h-should-display-search-bar-mobile-chrome/trace.zip

    ────────────────────────────────────────────────────────────────────────────────────────────────
]]>
</failure>
<system-out>
<![CDATA[
[[ATTACHMENT|../../test-results/dashboard.e2e.ts-Dashboard-0a235-h-should-display-search-bar-mobile-chrome/test-failed-1.png]]

[[ATTACHMENT|../../test-results/dashboard.e2e.ts-Dashboard-0a235-h-should-display-search-bar-mobile-chrome/video.webm]]

[[ATTACHMENT|../../test-results/dashboard.e2e.ts-Dashboard-0a235-h-should-display-search-bar-mobile-chrome/error-context.md]]

[[ATTACHMENT|../../test-results/dashboard.e2e.ts-Dashboard-0a235-h-should-display-search-bar-mobile-chrome/trace.zip]]
]]>
</system-out>
</testcase>
<testcase name="Dashboard › Spotlight Search › should allow typing in search" classname="dashboard.e2e.ts" time="2.194">
<system-out>
<![CDATA[
[[ATTACHMENT|../../test-results/dashboard.e2e.ts-Dashboard-b3741-ould-allow-typing-in-search-mobile-chrome/video.webm]]

[[ATTACHMENT|../../test-results/dashboard.e2e.ts-Dashboard-b3741-ould-allow-typing-in-search-mobile-chrome/trace.zip]]
]]>
</system-out>
</testcase>
<testcase name="Dashboard › Spotlight Search › should support keyboard shortcut to focus search" classname="dashboard.e2e.ts" time="2.387">
<system-out>
<![CDATA[
[[ATTACHMENT|../../test-results/dashboard.e2e.ts-Dashboard-0b8d2-rd-shortcut-to-focus-search-mobile-chrome/video.webm]]

[[ATTACHMENT|../../test-results/dashboard.e2e.ts-Dashboard-0b8d2-rd-shortcut-to-focus-search-mobile-chrome/trace.zip]]
]]>
</system-out>
</testcase>
<testcase name="Dashboard › Metrics Display › should display metric cards" classname="dashboard.e2e.ts" time="2.105">
<system-out>
<![CDATA[
[[ATTACHMENT|../../test-results/dashboard.e2e.ts-Dashboard-4eacf-should-display-metric-cards-mobile-chrome/video.webm]]

[[ATTACHMENT|../../test-results/dashboard.e2e.ts-Dashboard-4eacf-should-display-metric-cards-mobile-chrome/trace.zip]]
]]>
</system-out>
</testcase>
<testcase name="Dashboard › Metrics Display › should display usage statistics" classname="dashboard.e2e.ts" time="2.457">
<system-out>
<![CDATA[
[[ATTACHMENT|../../test-results/dashboard.e2e.ts-Dashboard-9c93b-ld-display-usage-statistics-mobile-chrome/video.webm]]

[[ATTACHMENT|../../test-results/dashboard.e2e.ts-Dashboard-9c93b-ld-display-usage-statistics-mobile-chrome/trace.zip]]
]]>
</system-out>
</testcase>
<testcase name="Dashboard › Quick Actions › should display quick action buttons" classname="dashboard.e2e.ts" time="5.168">
<failure message="dashboard.e2e.ts:117:5 should display quick action buttons" type="FAILURE">
<![CDATA[  [mobile-chrome] › dashboard.e2e.ts:117:5 › Dashboard › Quick Actions › should display quick action buttons 

    Error: expect(locator).toBeVisible() failed

    Locator: locator('[data-testid="quick-actions"]').or(getByRole('button').filter({ hasText: /new|start|create/i })).first()
    Expected: visible
    Timeout: 3000ms
    Error: element(s) not found

    Call log:
      - Expect "toBeVisible" with timeout 3000ms
      - waiting for locator('[data-testid="quick-actions"]').or(getByRole('button').filter({ hasText: /new|start|create/i })).first()


      122 |
      123 |       // Should have some actionable elements
    > 124 |       await expect(quickActions.first()).toBeVisible({ timeout: 3000 });
          |                                          ^
      125 |     });
      126 |
      127 |     test('should navigate to chat from quick actions', async ({ page }) => {
        at /mnt/nas/projects/one-ai-chat/tests/e2e/dashboard.e2e.ts:124:42

    attachment #1: screenshot (image/png) ──────────────────────────────────────────────────────────
    ../../test-results/dashboard.e2e.ts-Dashboard-942a6-isplay-quick-action-buttons-mobile-chrome/test-failed-1.png
    ────────────────────────────────────────────────────────────────────────────────────────────────

    attachment #2: video (video/webm) ──────────────────────────────────────────────────────────────
    ../../test-results/dashboard.e2e.ts-Dashboard-942a6-isplay-quick-action-buttons-mobile-chrome/video.webm
    ────────────────────────────────────────────────────────────────────────────────────────────────

    Error Context: ../../test-results/dashboard.e2e.ts-Dashboard-942a6-isplay-quick-action-buttons-mobile-chrome/error-context.md

    attachment #4: trace (application/zip) ─────────────────────────────────────────────────────────
    ../../test-results/dashboard.e2e.ts-Dashboard-942a6-isplay-quick-action-buttons-mobile-chrome/trace.zip
    Usage:

        pnpm exec playwright show-trace ../../test-results/dashboard.e2e.ts-Dashboard-942a6-isplay-quick-action-buttons-mobile-chrome/trace.zip

    ────────────────────────────────────────────────────────────────────────────────────────────────
]]>
</failure>
<system-out>
<![CDATA[
[[ATTACHMENT|../../test-results/dashboard.e2e.ts-Dashboard-942a6-isplay-quick-action-buttons-mobile-chrome/test-failed-1.png]]

[[ATTACHMENT|../../test-results/dashboard.e2e.ts-Dashboard-942a6-isplay-quick-action-buttons-mobile-chrome/video.webm]]

[[ATTACHMENT|../../test-results/dashboard.e2e.ts-Dashboard-942a6-isplay-quick-action-buttons-mobile-chrome/error-context.md]]

[[ATTACHMENT|../../test-results/dashboard.e2e.ts-Dashboard-942a6-isplay-quick-action-buttons-mobile-chrome/trace.zip]]
]]>
</system-out>
</testcase>
<testcase name="Dashboard › Quick Actions › should navigate to chat from quick actions" classname="dashboard.e2e.ts" time="2.075">
<system-out>
<![CDATA[
[[ATTACHMENT|../../test-results/dashboard.e2e.ts-Dashboard-762c2--to-chat-from-quick-actions-mobile-chrome/video.webm]]

[[ATTACHMENT|../../test-results/dashboard.e2e.ts-Dashboard-762c2--to-chat-from-quick-actions-mobile-chrome/trace.zip]]
]]>
</system-out>
</testcase>
<testcase name="Dashboard › Recent Activity › should display recent conversations" classname="dashboard.e2e.ts" time="2.037">
<system-out>
<![CDATA[
[[ATTACHMENT|../../test-results/dashboard.e2e.ts-Dashboard-25382-isplay-recent-conversations-mobile-chrome/video.webm]]

[[ATTACHMENT|../../test-results/dashboard.e2e.ts-Dashboard-25382-isplay-recent-conversations-mobile-chrome/trace.zip]]
]]>
</system-out>
</testcase>
<testcase name="Dashboard › Recent Activity › should allow resuming recent conversation" classname="dashboard.e2e.ts" time="2.199">
<system-out>
<![CDATA[
[[ATTACHMENT|../../test-results/dashboard.e2e.ts-Dashboard-c05fe-esuming-recent-conversation-mobile-chrome/video.webm]]

[[ATTACHMENT|../../test-results/dashboard.e2e.ts-Dashboard-c05fe-esuming-recent-conversation-mobile-chrome/trace.zip]]
]]>
</system-out>
</testcase>
<testcase name="Dashboard › Navigation › should navigate to Chat page" classname="dashboard.e2e.ts" time="12.233">
<failure message="dashboard.e2e.ts:172:5 should navigate to Chat page" type="FAILURE">
<![CDATA[  [mobile-chrome] › dashboard.e2e.ts:172:5 › Dashboard › Navigation › should navigate to Chat page ─

    Error: expect(locator).toBeVisible() failed

    Locator: getByRole('button', { name: /chat/i }).or(locator('[data-testid="sidebar"] button').filter({ hasText: /chat/i })).first()
    Expected: visible
    Timeout: 10000ms
    Error: element(s) not found

    Call log:
      - Expect "toBeVisible" with timeout 10000ms
      - waiting for getByRole('button', { name: /chat/i }).or(locator('[data-testid="sidebar"] button').filter({ hasText: /chat/i })).first()


      174 |       const chatButton = page.getByRole('button', { name: /chat/i }).or(page.locator('[data-testid="sidebar"] button').filter({ hasText: /chat/i }));
      175 |
    > 176 |       await expect(chatButton.first()).toBeVisible();
          |                                        ^
      177 |       await chatButton.first().click();
      178 |
      179 |       await expect(page).toHaveURL(/\/chat/);
        at /mnt/nas/projects/one-ai-chat/tests/e2e/dashboard.e2e.ts:176:40

    attachment #1: screenshot (image/png) ──────────────────────────────────────────────────────────
    ../../test-results/dashboard.e2e.ts-Dashboard-dfe49-hould-navigate-to-Chat-page-mobile-chrome/test-failed-1.png
    ────────────────────────────────────────────────────────────────────────────────────────────────

    attachment #2: video (video/webm) ──────────────────────────────────────────────────────────────
    ../../test-results/dashboard.e2e.ts-Dashboard-dfe49-hould-navigate-to-Chat-page-mobile-chrome/video.webm
    ────────────────────────────────────────────────────────────────────────────────────────────────

    Error Context: ../../test-results/dashboard.e2e.ts-Dashboard-dfe49-hould-navigate-to-Chat-page-mobile-chrome/error-context.md

    attachment #4: trace (application/zip) ─────────────────────────────────────────────────────────
    ../../test-results/dashboard.e2e.ts-Dashboard-dfe49-hould-navigate-to-Chat-page-mobile-chrome/trace.zip
    Usage:

        pnpm exec playwright show-trace ../../test-results/dashboard.e2e.ts-Dashboard-dfe49-hould-navigate-to-Chat-page-mobile-chrome/trace.zip

    ────────────────────────────────────────────────────────────────────────────────────────────────
]]>
</failure>
<system-out>
<![CDATA[
[[ATTACHMENT|../../test-results/dashboard.e2e.ts-Dashboard-dfe49-hould-navigate-to-Chat-page-mobile-chrome/test-failed-1.png]]

[[ATTACHMENT|../../test-results/dashboard.e2e.ts-Dashboard-dfe49-hould-navigate-to-Chat-page-mobile-chrome/video.webm]]

[[ATTACHMENT|../../test-results/dashboard.e2e.ts-Dashboard-dfe49-hould-navigate-to-Chat-page-mobile-chrome/error-context.md]]

[[ATTACHMENT|../../test-results/dashboard.e2e.ts-Dashboard-dfe49-hould-navigate-to-Chat-page-mobile-chrome/trace.zip]]
]]>
</system-out>
</testcase>
<testcase name="Dashboard › Navigation › should navigate to Models page" classname="dashboard.e2e.ts" time="2.715">
<system-out>
<![CDATA[
[[ATTACHMENT|../../test-results/dashboard.e2e.ts-Dashboard-3e0f7-uld-navigate-to-Models-page-mobile-chrome/video.webm]]

[[ATTACHMENT|../../test-results/dashboard.e2e.ts-Dashboard-3e0f7-uld-navigate-to-Models-page-mobile-chrome/trace.zip]]
]]>
</system-out>
</testcase>
<testcase name="Dashboard › Navigation › should navigate to Prompts page" classname="dashboard.e2e.ts" time="2.652">
<system-out>
<![CDATA[
[[ATTACHMENT|../../test-results/dashboard.e2e.ts-Dashboard-9c932-ld-navigate-to-Prompts-page-mobile-chrome/video.webm]]

[[ATTACHMENT|../../test-results/dashboard.e2e.ts-Dashboard-9c932-ld-navigate-to-Prompts-page-mobile-chrome/trace.zip]]
]]>
</system-out>
</testcase>
<testcase name="Dashboard › Navigation › should navigate to Help page" classname="dashboard.e2e.ts" time="2.973">
<system-out>
<![CDATA[
[[ATTACHMENT|../../test-results/dashboard.e2e.ts-Dashboard-ce7e5-hould-navigate-to-Help-page-mobile-chrome/video.webm]]

[[ATTACHMENT|../../test-results/dashboard.e2e.ts-Dashboard-ce7e5-hould-navigate-to-Help-page-mobile-chrome/trace.zip]]
]]>
</system-out>
</testcase>
<testcase name="Dashboard › Theme Toggle › should display theme toggle" classname="dashboard.e2e.ts" time="2.56">
<system-out>
<![CDATA[
[[ATTACHMENT|../../test-results/dashboard.e2e.ts-Dashboard-435ac-should-display-theme-toggle-mobile-chrome/video.webm]]

[[ATTACHMENT|../../test-results/dashboard.e2e.ts-Dashboard-435ac-should-display-theme-toggle-mobile-chrome/trace.zip]]
]]>
</system-out>
</testcase>
<testcase name="Dashboard › Theme Toggle › should toggle theme on click" classname="dashboard.e2e.ts" time="2.566">
<system-out>
<![CDATA[
[[ATTACHMENT|../../test-results/dashboard.e2e.ts-Dashboard-12547-hould-toggle-theme-on-click-mobile-chrome/video.webm]]

[[ATTACHMENT|../../test-results/dashboard.e2e.ts-Dashboard-12547-hould-toggle-theme-on-click-mobile-chrome/trace.zip]]
]]>
</system-out>
</testcase>
<testcase name="Dashboard › Responsive Design › should adapt to mobile viewport" classname="dashboard.e2e.ts" time="12.644">
<failure message="dashboard.e2e.ts:253:5 should adapt to mobile viewport" type="FAILURE">
<![CDATA[  [mobile-chrome] › dashboard.e2e.ts:253:5 › Dashboard › Responsive Design › should adapt to mobile viewport 

    Error: expect(locator).toBeVisible() failed

    Locator: locator('main').or(locator('[data-testid="dashboard"]')).first()
    Expected: visible
    Timeout: 10000ms
    Error: element(s) not found

    Call log:
      - Expect "toBeVisible" with timeout 10000ms
      - waiting for locator('main').or(locator('[data-testid="dashboard"]')).first()


      256 |       // Main content should still be visible
      257 |       const mainContent = page.locator('main').or(page.locator('[data-testid="dashboard"]'));
    > 258 |       await expect(mainContent.first()).toBeVisible();
          |                                         ^
      259 |
      260 |       // Navigation might be in a hamburger menu
      261 |       const hamburger = page
        at /mnt/nas/projects/one-ai-chat/tests/e2e/dashboard.e2e.ts:258:41

    attachment #1: screenshot (image/png) ──────────────────────────────────────────────────────────
    ../../test-results/dashboard.e2e.ts-Dashboard-f31fc-ld-adapt-to-mobile-viewport-mobile-chrome/test-failed-1.png
    ────────────────────────────────────────────────────────────────────────────────────────────────

    attachment #2: video (video/webm) ──────────────────────────────────────────────────────────────
    ../../test-results/dashboard.e2e.ts-Dashboard-f31fc-ld-adapt-to-mobile-viewport-mobile-chrome/video.webm
    ────────────────────────────────────────────────────────────────────────────────────────────────

    Error Context: ../../test-results/dashboard.e2e.ts-Dashboard-f31fc-ld-adapt-to-mobile-viewport-mobile-chrome/error-context.md

    attachment #4: trace (application/zip) ─────────────────────────────────────────────────────────
    ../../test-results/dashboard.e2e.ts-Dashboard-f31fc-ld-adapt-to-mobile-viewport-mobile-chrome/trace.zip
    Usage:

        pnpm exec playwright show-trace ../../test-results/dashboard.e2e.ts-Dashboard-f31fc-ld-adapt-to-mobile-viewport-mobile-chrome/trace.zip

    ────────────────────────────────────────────────────────────────────────────────────────────────
]]>
</failure>
<system-out>
<![CDATA[
[[ATTACHMENT|../../test-results/dashboard.e2e.ts-Dashboard-f31fc-ld-adapt-to-mobile-viewport-mobile-chrome/test-failed-1.png]]

[[ATTACHMENT|../../test-results/dashboard.e2e.ts-Dashboard-f31fc-ld-adapt-to-mobile-viewport-mobile-chrome/video.webm]]

[[ATTACHMENT|../../test-results/dashboard.e2e.ts-Dashboard-f31fc-ld-adapt-to-mobile-viewport-mobile-chrome/error-context.md]]

[[ATTACHMENT|../../test-results/dashboard.e2e.ts-Dashboard-f31fc-ld-adapt-to-mobile-viewport-mobile-chrome/trace.zip]]
]]>
</system-out>
</testcase>
<testcase name="Dashboard › Responsive Design › should adapt to tablet viewport" classname="dashboard.e2e.ts" time="12.456">
<failure message="dashboard.e2e.ts:273:5 should adapt to tablet viewport" type="FAILURE">
<![CDATA[  [mobile-chrome] › dashboard.e2e.ts:273:5 › Dashboard › Responsive Design › should adapt to tablet viewport 

    Error: expect(locator).toBeVisible() failed

    Locator: locator('main').or(locator('[data-testid="dashboard"]')).first()
    Expected: visible
    Timeout: 10000ms
    Error: element(s) not found

    Call log:
      - Expect "toBeVisible" with timeout 10000ms
      - waiting for locator('main').or(locator('[data-testid="dashboard"]')).first()


      275 |
      276 |       const mainContent = page.locator('main').or(page.locator('[data-testid="dashboard"]'));
    > 277 |       await expect(mainContent.first()).toBeVisible();
          |                                         ^
      278 |     });
      279 |   });
      280 | });
        at /mnt/nas/projects/one-ai-chat/tests/e2e/dashboard.e2e.ts:277:41

    attachment #1: screenshot (image/png) ──────────────────────────────────────────────────────────
    ../../test-results/dashboard.e2e.ts-Dashboard-cd298-ld-adapt-to-tablet-viewport-mobile-chrome/test-failed-1.png
    ────────────────────────────────────────────────────────────────────────────────────────────────

    attachment #2: video (video/webm) ──────────────────────────────────────────────────────────────
    ../../test-results/dashboard.e2e.ts-Dashboard-cd298-ld-adapt-to-tablet-viewport-mobile-chrome/video.webm
    ────────────────────────────────────────────────────────────────────────────────────────────────

    Error Context: ../../test-results/dashboard.e2e.ts-Dashboard-cd298-ld-adapt-to-tablet-viewport-mobile-chrome/error-context.md

    attachment #4: trace (application/zip) ─────────────────────────────────────────────────────────
    ../../test-results/dashboard.e2e.ts-Dashboard-cd298-ld-adapt-to-tablet-viewport-mobile-chrome/trace.zip
    Usage:

        pnpm exec playwright show-trace ../../test-results/dashboard.e2e.ts-Dashboard-cd298-ld-adapt-to-tablet-viewport-mobile-chrome/trace.zip

    ────────────────────────────────────────────────────────────────────────────────────────────────
]]>
</failure>
<system-out>
<![CDATA[
[[ATTACHMENT|../../test-results/dashboard.e2e.ts-Dashboard-cd298-ld-adapt-to-tablet-viewport-mobile-chrome/test-failed-1.png]]

[[ATTACHMENT|../../test-results/dashboard.e2e.ts-Dashboard-cd298-ld-adapt-to-tablet-viewport-mobile-chrome/video.webm]]

[[ATTACHMENT|../../test-results/dashboard.e2e.ts-Dashboard-cd298-ld-adapt-to-tablet-viewport-mobile-chrome/error-context.md]]

[[ATTACHMENT|../../test-results/dashboard.e2e.ts-Dashboard-cd298-ld-adapt-to-tablet-viewport-mobile-chrome/trace.zip]]
]]>
</system-out>
</testcase>
</testsuite>
<testsuite name="auth.e2e.ts" timestamp="2026-01-09T10:38:08.014Z" hostname="chromium-dark" tests="9" failures="4" skipped="0" time="60.698" errors="0">
<testcase name="Authentication › Login Page › should display login page for unauthenticated users" classname="auth.e2e.ts" time="12.023">
<failure message="auth.e2e.ts:14:5 should display login page for unauthenticated users" type="FAILURE">
<![CDATA[  [chromium-dark] › auth.e2e.ts:14:5 › Authentication › Login Page › should display login page for unauthenticated users 

    Error: expect(locator).toContainText(expected) failed

    Locator: locator('h1')
    Expected pattern: /OneEdge|Login|Sign/i
    Received string:  "Unified AI Platform"
    Timeout: 10000ms

    Call log:
      - Expect "toContainText" with timeout 10000ms
      - waiting for locator('h1')
        14 × locator resolved to <h1 class="text-xl lg:text-2xl font-semibold text-foreground">Unified AI Platform</h1>
           - unexpected value "Unified AI Platform"


      16 |
      17 |       // Should show login page
    > 18 |       await expect(page.locator('h1')).toContainText(/OneEdge|Login|Sign/i);
         |                                        ^
      19 |
      20 |       // Should have Google SSO button
      21 |       await expect(
        at /mnt/nas/projects/one-ai-chat/tests/e2e/auth.e2e.ts:18:40

    attachment #1: screenshot (image/png) ──────────────────────────────────────────────────────────
    ../../test-results/auth.e2e.ts-Authentication-aa70d-e-for-unauthenticated-users-chromium-dark/test-failed-1.png
    ────────────────────────────────────────────────────────────────────────────────────────────────

    attachment #2: video (video/webm) ──────────────────────────────────────────────────────────────
    ../../test-results/auth.e2e.ts-Authentication-aa70d-e-for-unauthenticated-users-chromium-dark/video.webm
    ────────────────────────────────────────────────────────────────────────────────────────────────

    Error Context: ../../test-results/auth.e2e.ts-Authentication-aa70d-e-for-unauthenticated-users-chromium-dark/error-context.md

    attachment #4: trace (application/zip) ─────────────────────────────────────────────────────────
    ../../test-results/auth.e2e.ts-Authentication-aa70d-e-for-unauthenticated-users-chromium-dark/trace.zip
    Usage:

        pnpm exec playwright show-trace ../../test-results/auth.e2e.ts-Authentication-aa70d-e-for-unauthenticated-users-chromium-dark/trace.zip

    ────────────────────────────────────────────────────────────────────────────────────────────────
]]>
</failure>
<system-out>
<![CDATA[
[[ATTACHMENT|../../test-results/auth.e2e.ts-Authentication-aa70d-e-for-unauthenticated-users-chromium-dark/test-failed-1.png]]

[[ATTACHMENT|../../test-results/auth.e2e.ts-Authentication-aa70d-e-for-unauthenticated-users-chromium-dark/video.webm]]

[[ATTACHMENT|../../test-results/auth.e2e.ts-Authentication-aa70d-e-for-unauthenticated-users-chromium-dark/error-context.md]]

[[ATTACHMENT|../../test-results/auth.e2e.ts-Authentication-aa70d-e-for-unauthenticated-users-chromium-dark/trace.zip]]
]]>
</system-out>
</testcase>
<testcase name="Authentication › Login Page › should display email input option" classname="auth.e2e.ts" time="2.08">
<system-out>
<![CDATA[
[[ATTACHMENT|../../test-results/auth.e2e.ts-Authentication-42cbb--display-email-input-option-chromium-dark/video.webm]]

[[ATTACHMENT|../../test-results/auth.e2e.ts-Authentication-42cbb--display-email-input-option-chromium-dark/trace.zip]]
]]>
</system-out>
</testcase>
<testcase name="Authentication › Login Page › should have proper branding" classname="auth.e2e.ts" time="2.086">
<system-out>
<![CDATA[
[[ATTACHMENT|../../test-results/auth.e2e.ts-Authentication-d57da-should-have-proper-branding-chromium-dark/video.webm]]

[[ATTACHMENT|../../test-results/auth.e2e.ts-Authentication-d57da-should-have-proper-branding-chromium-dark/trace.zip]]
]]>
</system-out>
</testcase>
<testcase name="Authentication › Login Page › should show login when accessing protected routes unauthenticated" classname="auth.e2e.ts" time="3.296">
<system-out>
<![CDATA[
[[ATTACHMENT|../../test-results/auth.e2e.ts-Authentication-247b7-cted-routes-unauthenticated-chromium-dark/video.webm]]

[[ATTACHMENT|../../test-results/auth.e2e.ts-Authentication-247b7-cted-routes-unauthenticated-chromium-dark/trace.zip]]
]]>
</system-out>
</testcase>
<testcase name="Authentication › Authenticated User › should access protected routes when authenticated" classname="auth.e2e.ts" time="12.17">
<failure message="auth.e2e.ts:61:5 should access protected routes when authenticated" type="FAILURE">
<![CDATA[  [chromium-dark] › auth.e2e.ts:61:5 › Authentication › Authenticated User › should access protected routes when authenticated 

    Error: expect(locator).toBeVisible() failed

    Locator: locator('[data-testid="chat-container"]').or(locator('nav'))
    Expected: visible
    Timeout: 10000ms
    Error: element(s) not found

    Call log:
      - Expect "toBeVisible" with timeout 10000ms
      - waiting for locator('[data-testid="chat-container"]').or(locator('nav'))


      63 |
      64 |       // Should be on chat page or show chat interface
    > 65 |       await expect(page.locator('[data-testid="chat-container"]').or(page.locator('nav'))).toBeVisible();
         |                                                                                            ^
      66 |     });
      67 |
      68 |     test('should display user information', async ({ page }) => {
        at /mnt/nas/projects/one-ai-chat/tests/e2e/auth.e2e.ts:65:92

    attachment #1: screenshot (image/png) ──────────────────────────────────────────────────────────
    ../../test-results/auth.e2e.ts-Authentication-15d3e-d-routes-when-authenticated-chromium-dark/test-failed-1.png
    ────────────────────────────────────────────────────────────────────────────────────────────────

    attachment #2: video (video/webm) ──────────────────────────────────────────────────────────────
    ../../test-results/auth.e2e.ts-Authentication-15d3e-d-routes-when-authenticated-chromium-dark/video.webm
    ────────────────────────────────────────────────────────────────────────────────────────────────

    Error Context: ../../test-results/auth.e2e.ts-Authentication-15d3e-d-routes-when-authenticated-chromium-dark/error-context.md

    attachment #4: trace (application/zip) ─────────────────────────────────────────────────────────
    ../../test-results/auth.e2e.ts-Authentication-15d3e-d-routes-when-authenticated-chromium-dark/trace.zip
    Usage:

        pnpm exec playwright show-trace ../../test-results/auth.e2e.ts-Authentication-15d3e-d-routes-when-authenticated-chromium-dark/trace.zip

    ────────────────────────────────────────────────────────────────────────────────────────────────
]]>
</failure>
<system-out>
<![CDATA[
[[ATTACHMENT|../../test-results/auth.e2e.ts-Authentication-15d3e-d-routes-when-authenticated-chromium-dark/test-failed-1.png]]

[[ATTACHMENT|../../test-results/auth.e2e.ts-Authentication-15d3e-d-routes-when-authenticated-chromium-dark/video.webm]]

[[ATTACHMENT|../../test-results/auth.e2e.ts-Authentication-15d3e-d-routes-when-authenticated-chromium-dark/error-context.md]]

[[ATTACHMENT|../../test-results/auth.e2e.ts-Authentication-15d3e-d-routes-when-authenticated-chromium-dark/trace.zip]]
]]>
</system-out>
</testcase>
<testcase name="Authentication › Authenticated User › should display user information" classname="auth.e2e.ts" time="12.176">
<failure message="auth.e2e.ts:68:5 should display user information" type="FAILURE">
<![CDATA[  [chromium-dark] › auth.e2e.ts:68:5 › Authentication › Authenticated User › should display user information 

    Error: expect(locator).toBeVisible() failed

    Locator: locator('[data-testid="user-menu"]').or(getByRole('button', { name: /user|profile|avatar/i })).or(locator('[aria-label*="user" i]')).first()
    Expected: visible
    Timeout: 10000ms
    Error: element(s) not found

    Call log:
      - Expect "toBeVisible" with timeout 10000ms
      - waiting for locator('[data-testid="user-menu"]').or(getByRole('button', { name: /user|profile|avatar/i })).or(locator('[aria-label*="user" i]')).first()


      75 |         .or(page.locator('[aria-label*="user" i]'));
      76 |
    > 77 |       await expect(userElement.first()).toBeVisible();
         |                                         ^
      78 |     });
      79 |
      80 |     test('should be able to logout', async ({ page }) => {
        at /mnt/nas/projects/one-ai-chat/tests/e2e/auth.e2e.ts:77:41

    attachment #1: screenshot (image/png) ──────────────────────────────────────────────────────────
    ../../test-results/auth.e2e.ts-Authentication-40c83-ld-display-user-information-chromium-dark/test-failed-1.png
    ────────────────────────────────────────────────────────────────────────────────────────────────

    attachment #2: video (video/webm) ──────────────────────────────────────────────────────────────
    ../../test-results/auth.e2e.ts-Authentication-40c83-ld-display-user-information-chromium-dark/video.webm
    ────────────────────────────────────────────────────────────────────────────────────────────────

    Error Context: ../../test-results/auth.e2e.ts-Authentication-40c83-ld-display-user-information-chromium-dark/error-context.md

    attachment #4: trace (application/zip) ─────────────────────────────────────────────────────────
    ../../test-results/auth.e2e.ts-Authentication-40c83-ld-display-user-information-chromium-dark/trace.zip
    Usage:

        pnpm exec playwright show-trace ../../test-results/auth.e2e.ts-Authentication-40c83-ld-display-user-information-chromium-dark/trace.zip

    ────────────────────────────────────────────────────────────────────────────────────────────────
]]>
</failure>
<system-out>
<![CDATA[
[[ATTACHMENT|../../test-results/auth.e2e.ts-Authentication-40c83-ld-display-user-information-chromium-dark/test-failed-1.png]]

[[ATTACHMENT|../../test-results/auth.e2e.ts-Authentication-40c83-ld-display-user-information-chromium-dark/video.webm]]

[[ATTACHMENT|../../test-results/auth.e2e.ts-Authentication-40c83-ld-display-user-information-chromium-dark/error-context.md]]

[[ATTACHMENT|../../test-results/auth.e2e.ts-Authentication-40c83-ld-display-user-information-chromium-dark/trace.zip]]
]]>
</system-out>
</testcase>
<testcase name="Authentication › Authenticated User › should be able to logout" classname="auth.e2e.ts" time="12.685">
<failure message="auth.e2e.ts:80:5 should be able to logout" type="FAILURE">
<![CDATA[  [chromium-dark] › auth.e2e.ts:80:5 › Authentication › Authenticated User › should be able to logout 

    Error: expect(locator).toBeVisible() failed

    Locator: locator('[data-testid="user-menu"]')
    Expected: visible
    Timeout: 10000ms
    Error: element(s) not found

    Call log:
      - Expect "toBeVisible" with timeout 10000ms
      - waiting for locator('[data-testid="user-menu"]')


      85 |       const userButton = page.locator('[data-testid="user-menu"]');
      86 |
    > 87 |       await expect(userButton).toBeVisible({ timeout: 10000 });
         |                                ^
      88 |       await userButton.click();
      89 |
      90 |       // Look for logout/sign out option in the dropdown
        at /mnt/nas/projects/one-ai-chat/tests/e2e/auth.e2e.ts:87:32

    attachment #1: screenshot (image/png) ──────────────────────────────────────────────────────────
    ../../test-results/auth.e2e.ts-Authentication-2e941-er-should-be-able-to-logout-chromium-dark/test-failed-1.png
    ────────────────────────────────────────────────────────────────────────────────────────────────

    attachment #2: video (video/webm) ──────────────────────────────────────────────────────────────
    ../../test-results/auth.e2e.ts-Authentication-2e941-er-should-be-able-to-logout-chromium-dark/video.webm
    ────────────────────────────────────────────────────────────────────────────────────────────────

    Error Context: ../../test-results/auth.e2e.ts-Authentication-2e941-er-should-be-able-to-logout-chromium-dark/error-context.md

    attachment #4: trace (application/zip) ─────────────────────────────────────────────────────────
    ../../test-results/auth.e2e.ts-Authentication-2e941-er-should-be-able-to-logout-chromium-dark/trace.zip
    Usage:

        pnpm exec playwright show-trace ../../test-results/auth.e2e.ts-Authentication-2e941-er-should-be-able-to-logout-chromium-dark/trace.zip

    ────────────────────────────────────────────────────────────────────────────────────────────────
]]>
</failure>
<system-out>
<![CDATA[
[[ATTACHMENT|../../test-results/auth.e2e.ts-Authentication-2e941-er-should-be-able-to-logout-chromium-dark/test-failed-1.png]]

[[ATTACHMENT|../../test-results/auth.e2e.ts-Authentication-2e941-er-should-be-able-to-logout-chromium-dark/video.webm]]

[[ATTACHMENT|../../test-results/auth.e2e.ts-Authentication-2e941-er-should-be-able-to-logout-chromium-dark/error-context.md]]

[[ATTACHMENT|../../test-results/auth.e2e.ts-Authentication-2e941-er-should-be-able-to-logout-chromium-dark/trace.zip]]
]]>
</system-out>
</testcase>
<testcase name="Authentication › Session Persistence › should maintain session across page reloads" classname="auth.e2e.ts" time="2.105">
<system-out>
<![CDATA[
[[ATTACHMENT|../../test-results/auth.e2e.ts-Authentication-6ab3e-session-across-page-reloads-chromium-dark/video.webm]]

[[ATTACHMENT|../../test-results/auth.e2e.ts-Authentication-6ab3e-session-across-page-reloads-chromium-dark/trace.zip]]
]]>
</system-out>
</testcase>
<testcase name="Authentication › Session Persistence › should handle session expiry gracefully" classname="auth.e2e.ts" time="2.077">
<system-out>
<![CDATA[
[[ATTACHMENT|../../test-results/auth.e2e.ts-Authentication-33a8d-e-session-expiry-gracefully-chromium-dark/video.webm]]

[[ATTACHMENT|../../test-results/auth.e2e.ts-Authentication-33a8d-e-session-expiry-gracefully-chromium-dark/trace.zip]]
]]>
</system-out>
</testcase>
</testsuite>
<testsuite name="chat.e2e.ts" timestamp="2026-01-09T10:38:08.014Z" hostname="chromium-dark" tests="14" failures="8" skipped="0" time="132.605" errors="0">
<testcase name="Chat › Chat Interface › should display chat interface components" classname="chat.e2e.ts" time="12.278">
<failure message="chat.e2e.ts:17:5 should display chat interface components" type="FAILURE">
<![CDATA[  [chromium-dark] › chat.e2e.ts:17:5 › Chat › Chat Interface › should display chat interface components 

    Error: expect(locator).toBeVisible() failed

    Locator: locator('[data-testid="message-input"]').or(getByPlaceholder(/message|type|ask/i)).or(locator('textarea')).first()
    Expected: visible
    Timeout: 10000ms
    Error: element(s) not found

    Call log:
      - Expect "toBeVisible" with timeout 10000ms
      - waiting for locator('[data-testid="message-input"]').or(getByPlaceholder(/message|type|ask/i)).or(locator('textarea')).first()


      22 |         .or(page.locator('textarea'));
      23 |
    > 24 |       await expect(messageInput.first()).toBeVisible();
         |                                          ^
      25 |
      26 |       // Check for send button
      27 |       const sendButton = page
        at /mnt/nas/projects/one-ai-chat/tests/e2e/chat.e2e.ts:24:42

    attachment #1: screenshot (image/png) ──────────────────────────────────────────────────────────
    ../../test-results/chat.e2e.ts-Chat-Chat-Inte-26a69-y-chat-interface-components-chromium-dark/test-failed-1.png
    ────────────────────────────────────────────────────────────────────────────────────────────────

    attachment #2: video (video/webm) ──────────────────────────────────────────────────────────────
    ../../test-results/chat.e2e.ts-Chat-Chat-Inte-26a69-y-chat-interface-components-chromium-dark/video.webm
    ────────────────────────────────────────────────────────────────────────────────────────────────

    Error Context: ../../test-results/chat.e2e.ts-Chat-Chat-Inte-26a69-y-chat-interface-components-chromium-dark/error-context.md

    attachment #4: trace (application/zip) ─────────────────────────────────────────────────────────
    ../../test-results/chat.e2e.ts-Chat-Chat-Inte-26a69-y-chat-interface-components-chromium-dark/trace.zip
    Usage:

        pnpm exec playwright show-trace ../../test-results/chat.e2e.ts-Chat-Chat-Inte-26a69-y-chat-interface-components-chromium-dark/trace.zip

    ────────────────────────────────────────────────────────────────────────────────────────────────
]]>
</failure>
<system-out>
<![CDATA[
[[ATTACHMENT|../../test-results/chat.e2e.ts-Chat-Chat-Inte-26a69-y-chat-interface-components-chromium-dark/test-failed-1.png]]

[[ATTACHMENT|../../test-results/chat.e2e.ts-Chat-Chat-Inte-26a69-y-chat-interface-components-chromium-dark/video.webm]]

[[ATTACHMENT|../../test-results/chat.e2e.ts-Chat-Chat-Inte-26a69-y-chat-interface-components-chromium-dark/error-context.md]]

[[ATTACHMENT|../../test-results/chat.e2e.ts-Chat-Chat-Inte-26a69-y-chat-interface-components-chromium-dark/trace.zip]]
]]>
</system-out>
</testcase>
<testcase name="Chat › Chat Interface › should display model selector" classname="chat.e2e.ts" time="12.194">
<failure message="chat.e2e.ts:35:5 should display model selector" type="FAILURE">
<![CDATA[  [chromium-dark] › chat.e2e.ts:35:5 › Chat › Chat Interface › should display model selector ───────

    Error: expect(locator).toBeVisible() failed

    Locator: locator('[data-testid="model-selector"]').or(getByRole('combobox', { name: /model/i })).or(locator('select').filter({ hasText: /gpt|claude|gemini/i })).first()
    Expected: visible
    Timeout: 10000ms
    Error: element(s) not found

    Call log:
      - Expect "toBeVisible" with timeout 10000ms
      - waiting for locator('[data-testid="model-selector"]').or(getByRole('combobox', { name: /model/i })).or(locator('select').filter({ hasText: /gpt|claude|gemini/i })).first()


      40 |         .or(page.locator('select').filter({ hasText: /gpt|claude|gemini/i }));
      41 |
    > 42 |       await expect(modelSelector.first()).toBeVisible();
         |                                           ^
      43 |     });
      44 |
      45 |     test('should display conversation list or history', async ({ page }) => {
        at /mnt/nas/projects/one-ai-chat/tests/e2e/chat.e2e.ts:42:43

    attachment #1: screenshot (image/png) ──────────────────────────────────────────────────────────
    ../../test-results/chat.e2e.ts-Chat-Chat-Inte-afe90-ould-display-model-selector-chromium-dark/test-failed-1.png
    ────────────────────────────────────────────────────────────────────────────────────────────────

    attachment #2: video (video/webm) ──────────────────────────────────────────────────────────────
    ../../test-results/chat.e2e.ts-Chat-Chat-Inte-afe90-ould-display-model-selector-chromium-dark/video.webm
    ────────────────────────────────────────────────────────────────────────────────────────────────

    Error Context: ../../test-results/chat.e2e.ts-Chat-Chat-Inte-afe90-ould-display-model-selector-chromium-dark/error-context.md

    attachment #4: trace (application/zip) ─────────────────────────────────────────────────────────
    ../../test-results/chat.e2e.ts-Chat-Chat-Inte-afe90-ould-display-model-selector-chromium-dark/trace.zip
    Usage:

        pnpm exec playwright show-trace ../../test-results/chat.e2e.ts-Chat-Chat-Inte-afe90-ould-display-model-selector-chromium-dark/trace.zip

    ────────────────────────────────────────────────────────────────────────────────────────────────
]]>
</failure>
<system-out>
<![CDATA[
[[ATTACHMENT|../../test-results/chat.e2e.ts-Chat-Chat-Inte-afe90-ould-display-model-selector-chromium-dark/test-failed-1.png]]

[[ATTACHMENT|../../test-results/chat.e2e.ts-Chat-Chat-Inte-afe90-ould-display-model-selector-chromium-dark/video.webm]]

[[ATTACHMENT|../../test-results/chat.e2e.ts-Chat-Chat-Inte-afe90-ould-display-model-selector-chromium-dark/error-context.md]]

[[ATTACHMENT|../../test-results/chat.e2e.ts-Chat-Chat-Inte-afe90-ould-display-model-selector-chromium-dark/trace.zip]]
]]>
</system-out>
</testcase>
<testcase name="Chat › Chat Interface › should display conversation list or history" classname="chat.e2e.ts" time="12.196">
<failure message="chat.e2e.ts:45:5 should display conversation list or history" type="FAILURE">
<![CDATA[  [chromium-dark] › chat.e2e.ts:45:5 › Chat › Chat Interface › should display conversation list or history 

    Error: expect(locator).toBeVisible() failed

    Locator: locator('[data-testid="conversation-list"]').or(locator('[data-testid="sidebar"]')).or(locator('aside')).first()
    Expected: visible
    Timeout: 10000ms
    Error: element(s) not found

    Call log:
      - Expect "toBeVisible" with timeout 10000ms
      - waiting for locator('[data-testid="conversation-list"]').or(locator('[data-testid="sidebar"]')).or(locator('aside')).first()


      50 |         .or(page.locator('aside'));
      51 |
    > 52 |       await expect(conversationList.first()).toBeVisible();
         |                                              ^
      53 |     });
      54 |   });
      55 |
        at /mnt/nas/projects/one-ai-chat/tests/e2e/chat.e2e.ts:52:46

    attachment #1: screenshot (image/png) ──────────────────────────────────────────────────────────
    ../../test-results/chat.e2e.ts-Chat-Chat-Inte-0bbdf-onversation-list-or-history-chromium-dark/test-failed-1.png
    ────────────────────────────────────────────────────────────────────────────────────────────────

    attachment #2: video (video/webm) ──────────────────────────────────────────────────────────────
    ../../test-results/chat.e2e.ts-Chat-Chat-Inte-0bbdf-onversation-list-or-history-chromium-dark/video.webm
    ────────────────────────────────────────────────────────────────────────────────────────────────

    Error Context: ../../test-results/chat.e2e.ts-Chat-Chat-Inte-0bbdf-onversation-list-or-history-chromium-dark/error-context.md

    attachment #4: trace (application/zip) ─────────────────────────────────────────────────────────
    ../../test-results/chat.e2e.ts-Chat-Chat-Inte-0bbdf-onversation-list-or-history-chromium-dark/trace.zip
    Usage:

        pnpm exec playwright show-trace ../../test-results/chat.e2e.ts-Chat-Chat-Inte-0bbdf-onversation-list-or-history-chromium-dark/trace.zip

    ────────────────────────────────────────────────────────────────────────────────────────────────
]]>
</failure>
<system-out>
<![CDATA[
[[ATTACHMENT|../../test-results/chat.e2e.ts-Chat-Chat-Inte-0bbdf-onversation-list-or-history-chromium-dark/test-failed-1.png]]

[[ATTACHMENT|../../test-results/chat.e2e.ts-Chat-Chat-Inte-0bbdf-onversation-list-or-history-chromium-dark/video.webm]]

[[ATTACHMENT|../../test-results/chat.e2e.ts-Chat-Chat-Inte-0bbdf-onversation-list-or-history-chromium-dark/error-context.md]]

[[ATTACHMENT|../../test-results/chat.e2e.ts-Chat-Chat-Inte-0bbdf-onversation-list-or-history-chromium-dark/trace.zip]]
]]>
</system-out>
</testcase>
<testcase name="Chat › Message Sending › should allow typing in message input" classname="chat.e2e.ts" time="17.52">
<failure message="chat.e2e.ts:57:5 should allow typing in message input" type="FAILURE">
<![CDATA[  [chromium-dark] › chat.e2e.ts:57:5 › Chat › Message Sending › should allow typing in message input 

    TimeoutError: locator.fill: Timeout 15000ms exceeded.
    Call log:
      - waiting for locator('[data-testid="message-input"]').or(getByPlaceholder(/message|type|ask/i)).or(locator('textarea')).first()


      62 |         .first();
      63 |
    > 64 |       await messageInput.fill('Hello, this is a test message');
         |                          ^
      65 |
      66 |       await expect(messageInput).toHaveValue('Hello, this is a test message');
      67 |     });
        at /mnt/nas/projects/one-ai-chat/tests/e2e/chat.e2e.ts:64:26

    attachment #1: screenshot (image/png) ──────────────────────────────────────────────────────────
    ../../test-results/chat.e2e.ts-Chat-Message-S-fb8e3-low-typing-in-message-input-chromium-dark/test-failed-1.png
    ────────────────────────────────────────────────────────────────────────────────────────────────

    attachment #2: video (video/webm) ──────────────────────────────────────────────────────────────
    ../../test-results/chat.e2e.ts-Chat-Message-S-fb8e3-low-typing-in-message-input-chromium-dark/video.webm
    ────────────────────────────────────────────────────────────────────────────────────────────────

    Error Context: ../../test-results/chat.e2e.ts-Chat-Message-S-fb8e3-low-typing-in-message-input-chromium-dark/error-context.md

    attachment #4: trace (application/zip) ─────────────────────────────────────────────────────────
    ../../test-results/chat.e2e.ts-Chat-Message-S-fb8e3-low-typing-in-message-input-chromium-dark/trace.zip
    Usage:

        pnpm exec playwright show-trace ../../test-results/chat.e2e.ts-Chat-Message-S-fb8e3-low-typing-in-message-input-chromium-dark/trace.zip

    ────────────────────────────────────────────────────────────────────────────────────────────────
]]>
</failure>
<system-out>
<![CDATA[
[[ATTACHMENT|../../test-results/chat.e2e.ts-Chat-Message-S-fb8e3-low-typing-in-message-input-chromium-dark/test-failed-1.png]]

[[ATTACHMENT|../../test-results/chat.e2e.ts-Chat-Message-S-fb8e3-low-typing-in-message-input-chromium-dark/video.webm]]

[[ATTACHMENT|../../test-results/chat.e2e.ts-Chat-Message-S-fb8e3-low-typing-in-message-input-chromium-dark/error-context.md]]

[[ATTACHMENT|../../test-results/chat.e2e.ts-Chat-Message-S-fb8e3-low-typing-in-message-input-chromium-dark/trace.zip]]
]]>
</system-out>
</testcase>
<testcase name="Chat › Message Sending › should clear input after sending" classname="chat.e2e.ts" time="17.59">
<failure message="chat.e2e.ts:69:5 should clear input after sending" type="FAILURE">
<![CDATA[  [chromium-dark] › chat.e2e.ts:69:5 › Chat › Message Sending › should clear input after sending ───

    TimeoutError: locator.fill: Timeout 15000ms exceeded.
    Call log:
      - waiting for locator('[data-testid="message-input"]').or(getByPlaceholder(/message|type|ask/i)).or(locator('textarea')).first()


      74 |         .first();
      75 |
    > 76 |       await messageInput.fill('Test message');
         |                          ^
      77 |
      78 |       // Press Enter or click send button
      79 |       await messageInput.press('Enter');
        at /mnt/nas/projects/one-ai-chat/tests/e2e/chat.e2e.ts:76:26

    attachment #1: screenshot (image/png) ──────────────────────────────────────────────────────────
    ../../test-results/chat.e2e.ts-Chat-Message-S-cdee5-d-clear-input-after-sending-chromium-dark/test-failed-1.png
    ────────────────────────────────────────────────────────────────────────────────────────────────

    attachment #2: video (video/webm) ──────────────────────────────────────────────────────────────
    ../../test-results/chat.e2e.ts-Chat-Message-S-cdee5-d-clear-input-after-sending-chromium-dark/video.webm
    ────────────────────────────────────────────────────────────────────────────────────────────────

    Error Context: ../../test-results/chat.e2e.ts-Chat-Message-S-cdee5-d-clear-input-after-sending-chromium-dark/error-context.md

    attachment #4: trace (application/zip) ─────────────────────────────────────────────────────────
    ../../test-results/chat.e2e.ts-Chat-Message-S-cdee5-d-clear-input-after-sending-chromium-dark/trace.zip
    Usage:

        pnpm exec playwright show-trace ../../test-results/chat.e2e.ts-Chat-Message-S-cdee5-d-clear-input-after-sending-chromium-dark/trace.zip

    ────────────────────────────────────────────────────────────────────────────────────────────────
]]>
</failure>
<system-out>
<![CDATA[
[[ATTACHMENT|../../test-results/chat.e2e.ts-Chat-Message-S-cdee5-d-clear-input-after-sending-chromium-dark/test-failed-1.png]]

[[ATTACHMENT|../../test-results/chat.e2e.ts-Chat-Message-S-cdee5-d-clear-input-after-sending-chromium-dark/video.webm]]

[[ATTACHMENT|../../test-results/chat.e2e.ts-Chat-Message-S-cdee5-d-clear-input-after-sending-chromium-dark/error-context.md]]

[[ATTACHMENT|../../test-results/chat.e2e.ts-Chat-Message-S-cdee5-d-clear-input-after-sending-chromium-dark/trace.zip]]
]]>
</system-out>
</testcase>
<testcase name="Chat › Message Sending › should show user message after sending" classname="chat.e2e.ts" time="8.869">
<failure message="chat.e2e.ts:85:5 should show user message after sending" type="FAILURE">
<![CDATA[  [chromium-dark] › chat.e2e.ts:85:5 › Chat › Message Sending › should show user message after sending 

    Error: expect(locator).toBeVisible() failed

    Locator: locator('[data-testid="model-selector"]')
    Expected: visible
    Timeout: 5000ms
    Error: element(s) not found

    Call log:
      - Expect "toBeVisible" with timeout 5000ms
      - waiting for locator('[data-testid="model-selector"]')


      117 |       // Wait for model selector to have a model selected (not "Select Model...")
      118 |       const modelSelector = page.locator('[data-testid="model-selector"]');
    > 119 |       await expect(modelSelector).toBeVisible({ timeout: 5000 });
          |                                   ^
      120 |
      121 |       const messageInput = page
      122 |         .locator('[data-testid="message-input"]')
        at /mnt/nas/projects/one-ai-chat/tests/e2e/chat.e2e.ts:119:35

    attachment #1: screenshot (image/png) ──────────────────────────────────────────────────────────
    ../../test-results/chat.e2e.ts-Chat-Message-S-7006c--user-message-after-sending-chromium-dark/test-failed-1.png
    ────────────────────────────────────────────────────────────────────────────────────────────────

    attachment #2: video (video/webm) ──────────────────────────────────────────────────────────────
    ../../test-results/chat.e2e.ts-Chat-Message-S-7006c--user-message-after-sending-chromium-dark/video.webm
    ────────────────────────────────────────────────────────────────────────────────────────────────

    Error Context: ../../test-results/chat.e2e.ts-Chat-Message-S-7006c--user-message-after-sending-chromium-dark/error-context.md

    attachment #4: trace (application/zip) ─────────────────────────────────────────────────────────
    ../../test-results/chat.e2e.ts-Chat-Message-S-7006c--user-message-after-sending-chromium-dark/trace.zip
    Usage:

        pnpm exec playwright show-trace ../../test-results/chat.e2e.ts-Chat-Message-S-7006c--user-message-after-sending-chromium-dark/trace.zip

    ────────────────────────────────────────────────────────────────────────────────────────────────
]]>
</failure>
<system-out>
<![CDATA[
[[ATTACHMENT|../../test-results/chat.e2e.ts-Chat-Message-S-7006c--user-message-after-sending-chromium-dark/test-failed-1.png]]

[[ATTACHMENT|../../test-results/chat.e2e.ts-Chat-Message-S-7006c--user-message-after-sending-chromium-dark/video.webm]]

[[ATTACHMENT|../../test-results/chat.e2e.ts-Chat-Message-S-7006c--user-message-after-sending-chromium-dark/error-context.md]]

[[ATTACHMENT|../../test-results/chat.e2e.ts-Chat-Message-S-7006c--user-message-after-sending-chromium-dark/trace.zip]]
]]>
</system-out>
</testcase>
<testcase name="Chat › Conversation Management › should allow creating new conversation" classname="chat.e2e.ts" time="2.644">
<system-out>
<![CDATA[
[[ATTACHMENT|../../test-results/chat.e2e.ts-Chat-Conversat-5c2bd-w-creating-new-conversation-chromium-dark/video.webm]]

[[ATTACHMENT|../../test-results/chat.e2e.ts-Chat-Conversat-5c2bd-w-creating-new-conversation-chromium-dark/trace.zip]]
]]>
</system-out>
</testcase>
<testcase name="Chat › Conversation Management › should display conversation title" classname="chat.e2e.ts" time="2.508">
<system-out>
<![CDATA[
[[ATTACHMENT|../../test-results/chat.e2e.ts-Chat-Conversat-7a4d1--display-conversation-title-chromium-dark/video.webm]]

[[ATTACHMENT|../../test-results/chat.e2e.ts-Chat-Conversat-7a4d1--display-conversation-title-chromium-dark/trace.zip]]
]]>
</system-out>
</testcase>
<testcase name="Chat › Model Selection › should display available models" classname="chat.e2e.ts" time="3.918">
<system-out>
<![CDATA[
[[ATTACHMENT|../../test-results/chat.e2e.ts-Chat-Model-Sel-3a32a-ld-display-available-models-chromium-dark/video.webm]]

[[ATTACHMENT|../../test-results/chat.e2e.ts-Chat-Model-Sel-3a32a-ld-display-available-models-chromium-dark/trace.zip]]
]]>
</system-out>
</testcase>
<testcase name="Chat › Model Selection › should allow changing model" classname="chat.e2e.ts" time="2.533">
<system-out>
<![CDATA[
[[ATTACHMENT|../../test-results/chat.e2e.ts-Chat-Model-Selection-should-allow-changing-model-chromium-dark/video.webm]]

[[ATTACHMENT|../../test-results/chat.e2e.ts-Chat-Model-Selection-should-allow-changing-model-chromium-dark/trace.zip]]
]]>
</system-out>
</testcase>
<testcase name="Chat › Keyboard Shortcuts › should send message on Enter" classname="chat.e2e.ts" time="17.499">
<failure message="chat.e2e.ts:213:5 should send message on Enter" type="FAILURE">
<![CDATA[  [chromium-dark] › chat.e2e.ts:213:5 › Chat › Keyboard Shortcuts › should send message on Enter ───

    TimeoutError: locator.fill: Timeout 15000ms exceeded.
    Call log:
      - waiting for locator('[data-testid="message-input"]').or(getByPlaceholder(/message|type|ask/i)).or(locator('textarea')).first()


      218 |         .first();
      219 |
    > 220 |       await messageInput.fill('Test with Enter');
          |                          ^
      221 |       await messageInput.press('Enter');
      222 |
      223 |       // Message should be submitted (input may clear)
        at /mnt/nas/projects/one-ai-chat/tests/e2e/chat.e2e.ts:220:26

    attachment #1: screenshot (image/png) ──────────────────────────────────────────────────────────
    ../../test-results/chat.e2e.ts-Chat-Keyboard--a5d3e-hould-send-message-on-Enter-chromium-dark/test-failed-1.png
    ────────────────────────────────────────────────────────────────────────────────────────────────

    attachment #2: video (video/webm) ──────────────────────────────────────────────────────────────
    ../../test-results/chat.e2e.ts-Chat-Keyboard--a5d3e-hould-send-message-on-Enter-chromium-dark/video.webm
    ────────────────────────────────────────────────────────────────────────────────────────────────

    Error Context: ../../test-results/chat.e2e.ts-Chat-Keyboard--a5d3e-hould-send-message-on-Enter-chromium-dark/error-context.md

    attachment #4: trace (application/zip) ─────────────────────────────────────────────────────────
    ../../test-results/chat.e2e.ts-Chat-Keyboard--a5d3e-hould-send-message-on-Enter-chromium-dark/trace.zip
    Usage:

        pnpm exec playwright show-trace ../../test-results/chat.e2e.ts-Chat-Keyboard--a5d3e-hould-send-message-on-Enter-chromium-dark/trace.zip

    ────────────────────────────────────────────────────────────────────────────────────────────────
]]>
</failure>
<system-out>
<![CDATA[
[[ATTACHMENT|../../test-results/chat.e2e.ts-Chat-Keyboard--a5d3e-hould-send-message-on-Enter-chromium-dark/test-failed-1.png]]

[[ATTACHMENT|../../test-results/chat.e2e.ts-Chat-Keyboard--a5d3e-hould-send-message-on-Enter-chromium-dark/video.webm]]

[[ATTACHMENT|../../test-results/chat.e2e.ts-Chat-Keyboard--a5d3e-hould-send-message-on-Enter-chromium-dark/error-context.md]]

[[ATTACHMENT|../../test-results/chat.e2e.ts-Chat-Keyboard--a5d3e-hould-send-message-on-Enter-chromium-dark/trace.zip]]
]]>
</system-out>
</testcase>
<testcase name="Chat › Keyboard Shortcuts › should allow newline with Shift+Enter" classname="chat.e2e.ts" time="18.067">
<failure message="chat.e2e.ts:226:5 should allow newline with Shift+Enter" type="FAILURE">
<![CDATA[  [chromium-dark] › chat.e2e.ts:226:5 › Chat › Keyboard Shortcuts › should allow newline with Shift+Enter 

    TimeoutError: locator.fill: Timeout 15000ms exceeded.
    Call log:
      - waiting for locator('[data-testid="message-input"]').or(getByPlaceholder(/message|type|ask/i)).or(locator('textarea')).first()


      231 |         .first();
      232 |
    > 233 |       await messageInput.fill('Line 1');
          |                          ^
      234 |       await messageInput.press('Shift+Enter');
      235 |       await messageInput.type('Line 2');
      236 |
        at /mnt/nas/projects/one-ai-chat/tests/e2e/chat.e2e.ts:233:26

    attachment #1: screenshot (image/png) ──────────────────────────────────────────────────────────
    ../../test-results/chat.e2e.ts-Chat-Keyboard--d0823-ow-newline-with-Shift-Enter-chromium-dark/test-failed-1.png
    ────────────────────────────────────────────────────────────────────────────────────────────────

    attachment #2: video (video/webm) ──────────────────────────────────────────────────────────────
    ../../test-results/chat.e2e.ts-Chat-Keyboard--d0823-ow-newline-with-Shift-Enter-chromium-dark/video.webm
    ────────────────────────────────────────────────────────────────────────────────────────────────

    Error Context: ../../test-results/chat.e2e.ts-Chat-Keyboard--d0823-ow-newline-with-Shift-Enter-chromium-dark/error-context.md

    attachment #4: trace (application/zip) ─────────────────────────────────────────────────────────
    ../../test-results/chat.e2e.ts-Chat-Keyboard--d0823-ow-newline-with-Shift-Enter-chromium-dark/trace.zip
    Usage:

        pnpm exec playwright show-trace ../../test-results/chat.e2e.ts-Chat-Keyboard--d0823-ow-newline-with-Shift-Enter-chromium-dark/trace.zip

    ────────────────────────────────────────────────────────────────────────────────────────────────
]]>
</failure>
<system-out>
<![CDATA[
[[ATTACHMENT|../../test-results/chat.e2e.ts-Chat-Keyboard--d0823-ow-newline-with-Shift-Enter-chromium-dark/test-failed-1.png]]

[[ATTACHMENT|../../test-results/chat.e2e.ts-Chat-Keyboard--d0823-ow-newline-with-Shift-Enter-chromium-dark/video.webm]]

[[ATTACHMENT|../../test-results/chat.e2e.ts-Chat-Keyboard--d0823-ow-newline-with-Shift-Enter-chromium-dark/error-context.md]]

[[ATTACHMENT|../../test-results/chat.e2e.ts-Chat-Keyboard--d0823-ow-newline-with-Shift-Enter-chromium-dark/trace.zip]]
]]>
</system-out>
</testcase>
<testcase name="Chat › Accessibility › should have accessible form elements" classname="chat.e2e.ts" time="2.235">
<system-out>
<![CDATA[
[[ATTACHMENT|../../test-results/chat.e2e.ts-Chat-Accessibi-60c96-ve-accessible-form-elements-chromium-dark/video.webm]]

[[ATTACHMENT|../../test-results/chat.e2e.ts-Chat-Accessibi-60c96-ve-accessible-form-elements-chromium-dark/trace.zip]]
]]>
</system-out>
</testcase>
<testcase name="Chat › Accessibility › should be keyboard navigable" classname="chat.e2e.ts" time="2.554">
<system-out>
<![CDATA[
[[ATTACHMENT|../../test-results/chat.e2e.ts-Chat-Accessibility-should-be-keyboard-navigable-chromium-dark/video.webm]]

[[ATTACHMENT|../../test-results/chat.e2e.ts-Chat-Accessibility-should-be-keyboard-navigable-chromium-dark/trace.zip]]
]]>
</system-out>
</testcase>
</testsuite>
<testsuite name="dashboard.e2e.ts" timestamp="2026-01-09T10:38:08.014Z" hostname="chromium-dark" tests="20" failures="8" skipped="0" time="120.34" errors="0">
<testcase name="Dashboard › Dashboard Layout › should display dashboard page" classname="dashboard.e2e.ts" time="12.668">
<failure message="dashboard.e2e.ts:17:5 should display dashboard page" type="FAILURE">
<![CDATA[  [chromium-dark] › dashboard.e2e.ts:17:5 › Dashboard › Dashboard Layout › should display dashboard page 

    Error: expect(locator).toBeVisible() failed

    Locator: locator('main').or(locator('[data-testid="dashboard"]')).first()
    Expected: visible
    Timeout: 10000ms
    Error: element(s) not found

    Call log:
      - Expect "toBeVisible" with timeout 10000ms
      - waiting for locator('main').or(locator('[data-testid="dashboard"]')).first()


      21 |       // Should have main content area
      22 |       const mainContent = page.locator('main').or(page.locator('[data-testid="dashboard"]'));
    > 23 |       await expect(mainContent.first()).toBeVisible();
         |                                         ^
      24 |     });
      25 |
      26 |     test('should display navigation', async ({ page }) => {
        at /mnt/nas/projects/one-ai-chat/tests/e2e/dashboard.e2e.ts:23:41

    attachment #1: screenshot (image/png) ──────────────────────────────────────────────────────────
    ../../test-results/dashboard.e2e.ts-Dashboard-354c7-ould-display-dashboard-page-chromium-dark/test-failed-1.png
    ────────────────────────────────────────────────────────────────────────────────────────────────

    attachment #2: video (video/webm) ──────────────────────────────────────────────────────────────
    ../../test-results/dashboard.e2e.ts-Dashboard-354c7-ould-display-dashboard-page-chromium-dark/video.webm
    ────────────────────────────────────────────────────────────────────────────────────────────────

    Error Context: ../../test-results/dashboard.e2e.ts-Dashboard-354c7-ould-display-dashboard-page-chromium-dark/error-context.md

    attachment #4: trace (application/zip) ─────────────────────────────────────────────────────────
    ../../test-results/dashboard.e2e.ts-Dashboard-354c7-ould-display-dashboard-page-chromium-dark/trace.zip
    Usage:

        pnpm exec playwright show-trace ../../test-results/dashboard.e2e.ts-Dashboard-354c7-ould-display-dashboard-page-chromium-dark/trace.zip

    ────────────────────────────────────────────────────────────────────────────────────────────────
]]>
</failure>
<system-out>
<![CDATA[
[[ATTACHMENT|../../test-results/dashboard.e2e.ts-Dashboard-354c7-ould-display-dashboard-page-chromium-dark/test-failed-1.png]]

[[ATTACHMENT|../../test-results/dashboard.e2e.ts-Dashboard-354c7-ould-display-dashboard-page-chromium-dark/video.webm]]

[[ATTACHMENT|../../test-results/dashboard.e2e.ts-Dashboard-354c7-ould-display-dashboard-page-chromium-dark/error-context.md]]

[[ATTACHMENT|../../test-results/dashboard.e2e.ts-Dashboard-354c7-ould-display-dashboard-page-chromium-dark/trace.zip]]
]]>
</system-out>
</testcase>
<testcase name="Dashboard › Dashboard Layout › should display navigation" classname="dashboard.e2e.ts" time="12.414">
<failure message="dashboard.e2e.ts:26:5 should display navigation" type="FAILURE">
<![CDATA[  [chromium-dark] › dashboard.e2e.ts:26:5 › Dashboard › Dashboard Layout › should display navigation 

    Error: expect(locator).toBeVisible() failed

    Locator: locator('nav').or(locator('[data-testid="sidebar"]')).first()
    Expected: visible
    Timeout: 10000ms
    Error: element(s) not found

    Call log:
      - Expect "toBeVisible" with timeout 10000ms
      - waiting for locator('nav').or(locator('[data-testid="sidebar"]')).first()


      27 |       // Check for nav element
      28 |       const nav = page.locator('nav').or(page.locator('[data-testid="sidebar"]'));
    > 29 |       await expect(nav.first()).toBeVisible();
         |                                 ^
      30 |     });
      31 |
      32 |     test('should display header/topbar', async ({ page }) => {
        at /mnt/nas/projects/one-ai-chat/tests/e2e/dashboard.e2e.ts:29:33

    attachment #1: screenshot (image/png) ──────────────────────────────────────────────────────────
    ../../test-results/dashboard.e2e.ts-Dashboard-8837c-t-should-display-navigation-chromium-dark/test-failed-1.png
    ────────────────────────────────────────────────────────────────────────────────────────────────

    attachment #2: video (video/webm) ──────────────────────────────────────────────────────────────
    ../../test-results/dashboard.e2e.ts-Dashboard-8837c-t-should-display-navigation-chromium-dark/video.webm
    ────────────────────────────────────────────────────────────────────────────────────────────────

    Error Context: ../../test-results/dashboard.e2e.ts-Dashboard-8837c-t-should-display-navigation-chromium-dark/error-context.md

    attachment #4: trace (application/zip) ─────────────────────────────────────────────────────────
    ../../test-results/dashboard.e2e.ts-Dashboard-8837c-t-should-display-navigation-chromium-dark/trace.zip
    Usage:

        pnpm exec playwright show-trace ../../test-results/dashboard.e2e.ts-Dashboard-8837c-t-should-display-navigation-chromium-dark/trace.zip

    ────────────────────────────────────────────────────────────────────────────────────────────────
]]>
</failure>
<system-out>
<![CDATA[
[[ATTACHMENT|../../test-results/dashboard.e2e.ts-Dashboard-8837c-t-should-display-navigation-chromium-dark/test-failed-1.png]]

[[ATTACHMENT|../../test-results/dashboard.e2e.ts-Dashboard-8837c-t-should-display-navigation-chromium-dark/video.webm]]

[[ATTACHMENT|../../test-results/dashboard.e2e.ts-Dashboard-8837c-t-should-display-navigation-chromium-dark/error-context.md]]

[[ATTACHMENT|../../test-results/dashboard.e2e.ts-Dashboard-8837c-t-should-display-navigation-chromium-dark/trace.zip]]
]]>
</system-out>
</testcase>
<testcase name="Dashboard › Dashboard Layout › should display header/topbar" classname="dashboard.e2e.ts" time="12.351">
<failure message="dashboard.e2e.ts:32:5 should display header/topbar" type="FAILURE">
<![CDATA[  [chromium-dark] › dashboard.e2e.ts:32:5 › Dashboard › Dashboard Layout › should display header/topbar 

    Error: expect(locator).toBeVisible() failed

    Locator: locator('.glass-toolbar').or(locator('[data-testid="topbar"] > *')).or(getByPlaceholder(/search/i)).first()
    Expected: visible
    Timeout: 10000ms
    Error: element(s) not found

    Call log:
      - Expect "toBeVisible" with timeout 10000ms
      - waiting for locator('.glass-toolbar').or(locator('[data-testid="topbar"] > *')).or(getByPlaceholder(/search/i)).first()


      36 |         .or(page.locator('[data-testid="topbar"] > *'))
      37 |         .or(page.getByPlaceholder(/search/i));
    > 38 |       await expect(topbarContent.first()).toBeVisible();
         |                                           ^
      39 |     });
      40 |   });
      41 |
        at /mnt/nas/projects/one-ai-chat/tests/e2e/dashboard.e2e.ts:38:43

    attachment #1: screenshot (image/png) ──────────────────────────────────────────────────────────
    ../../test-results/dashboard.e2e.ts-Dashboard-e0789-hould-display-header-topbar-chromium-dark/test-failed-1.png
    ────────────────────────────────────────────────────────────────────────────────────────────────

    attachment #2: video (video/webm) ──────────────────────────────────────────────────────────────
    ../../test-results/dashboard.e2e.ts-Dashboard-e0789-hould-display-header-topbar-chromium-dark/video.webm
    ────────────────────────────────────────────────────────────────────────────────────────────────

    Error Context: ../../test-results/dashboard.e2e.ts-Dashboard-e0789-hould-display-header-topbar-chromium-dark/error-context.md

    attachment #4: trace (application/zip) ─────────────────────────────────────────────────────────
    ../../test-results/dashboard.e2e.ts-Dashboard-e0789-hould-display-header-topbar-chromium-dark/trace.zip
    Usage:

        pnpm exec playwright show-trace ../../test-results/dashboard.e2e.ts-Dashboard-e0789-hould-display-header-topbar-chromium-dark/trace.zip

    ────────────────────────────────────────────────────────────────────────────────────────────────
]]>
</failure>
<system-out>
<![CDATA[
[[ATTACHMENT|../../test-results/dashboard.e2e.ts-Dashboard-e0789-hould-display-header-topbar-chromium-dark/test-failed-1.png]]

[[ATTACHMENT|../../test-results/dashboard.e2e.ts-Dashboard-e0789-hould-display-header-topbar-chromium-dark/video.webm]]

[[ATTACHMENT|../../test-results/dashboard.e2e.ts-Dashboard-e0789-hould-display-header-topbar-chromium-dark/error-context.md]]

[[ATTACHMENT|../../test-results/dashboard.e2e.ts-Dashboard-e0789-hould-display-header-topbar-chromium-dark/trace.zip]]
]]>
</system-out>
</testcase>
<testcase name="Dashboard › Spotlight Search › should display search bar" classname="dashboard.e2e.ts" time="12.286">
<failure message="dashboard.e2e.ts:43:5 should display search bar" type="FAILURE">
<![CDATA[  [chromium-dark] › dashboard.e2e.ts:43:5 › Dashboard › Spotlight Search › should display search bar 

    Error: expect(locator).toBeVisible() failed

    Locator: locator('[data-testid="spotlight-search"]').or(getByPlaceholder(/search|ask/i)).or(locator('input[type="search"]')).first()
    Expected: visible
    Timeout: 10000ms
    Error: element(s) not found

    Call log:
      - Expect "toBeVisible" with timeout 10000ms
      - waiting for locator('[data-testid="spotlight-search"]').or(getByPlaceholder(/search|ask/i)).or(locator('input[type="search"]')).first()


      48 |         .or(page.locator('input[type="search"]'));
      49 |
    > 50 |       await expect(searchInput.first()).toBeVisible();
         |                                         ^
      51 |     });
      52 |
      53 |     test('should allow typing in search', async ({ page }) => {
        at /mnt/nas/projects/one-ai-chat/tests/e2e/dashboard.e2e.ts:50:41

    attachment #1: screenshot (image/png) ──────────────────────────────────────────────────────────
    ../../test-results/dashboard.e2e.ts-Dashboard-0a235-h-should-display-search-bar-chromium-dark/test-failed-1.png
    ────────────────────────────────────────────────────────────────────────────────────────────────

    attachment #2: video (video/webm) ──────────────────────────────────────────────────────────────
    ../../test-results/dashboard.e2e.ts-Dashboard-0a235-h-should-display-search-bar-chromium-dark/video.webm
    ────────────────────────────────────────────────────────────────────────────────────────────────

    Error Context: ../../test-results/dashboard.e2e.ts-Dashboard-0a235-h-should-display-search-bar-chromium-dark/error-context.md

    attachment #4: trace (application/zip) ─────────────────────────────────────────────────────────
    ../../test-results/dashboard.e2e.ts-Dashboard-0a235-h-should-display-search-bar-chromium-dark/trace.zip
    Usage:

        pnpm exec playwright show-trace ../../test-results/dashboard.e2e.ts-Dashboard-0a235-h-should-display-search-bar-chromium-dark/trace.zip

    ────────────────────────────────────────────────────────────────────────────────────────────────
]]>
</failure>
<system-out>
<![CDATA[
[[ATTACHMENT|../../test-results/dashboard.e2e.ts-Dashboard-0a235-h-should-display-search-bar-chromium-dark/test-failed-1.png]]

[[ATTACHMENT|../../test-results/dashboard.e2e.ts-Dashboard-0a235-h-should-display-search-bar-chromium-dark/video.webm]]

[[ATTACHMENT|../../test-results/dashboard.e2e.ts-Dashboard-0a235-h-should-display-search-bar-chromium-dark/error-context.md]]

[[ATTACHMENT|../../test-results/dashboard.e2e.ts-Dashboard-0a235-h-should-display-search-bar-chromium-dark/trace.zip]]
]]>
</system-out>
</testcase>
<testcase name="Dashboard › Spotlight Search › should allow typing in search" classname="dashboard.e2e.ts" time="1.982">
<system-out>
<![CDATA[
[[ATTACHMENT|../../test-results/dashboard.e2e.ts-Dashboard-b3741-ould-allow-typing-in-search-chromium-dark/video.webm]]

[[ATTACHMENT|../../test-results/dashboard.e2e.ts-Dashboard-b3741-ould-allow-typing-in-search-chromium-dark/trace.zip]]
]]>
</system-out>
</testcase>
<testcase name="Dashboard › Spotlight Search › should support keyboard shortcut to focus search" classname="dashboard.e2e.ts" time="2.234">
<system-out>
<![CDATA[
[[ATTACHMENT|../../test-results/dashboard.e2e.ts-Dashboard-0b8d2-rd-shortcut-to-focus-search-chromium-dark/video.webm]]

[[ATTACHMENT|../../test-results/dashboard.e2e.ts-Dashboard-0b8d2-rd-shortcut-to-focus-search-chromium-dark/trace.zip]]
]]>
</system-out>
</testcase>
<testcase name="Dashboard › Metrics Display › should display metric cards" classname="dashboard.e2e.ts" time="2.042">
<system-out>
<![CDATA[
[[ATTACHMENT|../../test-results/dashboard.e2e.ts-Dashboard-4eacf-should-display-metric-cards-chromium-dark/video.webm]]

[[ATTACHMENT|../../test-results/dashboard.e2e.ts-Dashboard-4eacf-should-display-metric-cards-chromium-dark/trace.zip]]
]]>
</system-out>
</testcase>
<testcase name="Dashboard › Metrics Display › should display usage statistics" classname="dashboard.e2e.ts" time="1.985">
<system-out>
<![CDATA[
[[ATTACHMENT|../../test-results/dashboard.e2e.ts-Dashboard-9c93b-ld-display-usage-statistics-chromium-dark/video.webm]]

[[ATTACHMENT|../../test-results/dashboard.e2e.ts-Dashboard-9c93b-ld-display-usage-statistics-chromium-dark/trace.zip]]
]]>
</system-out>
</testcase>
<testcase name="Dashboard › Quick Actions › should display quick action buttons" classname="dashboard.e2e.ts" time="5.062">
<failure message="dashboard.e2e.ts:117:5 should display quick action buttons" type="FAILURE">
<![CDATA[  [chromium-dark] › dashboard.e2e.ts:117:5 › Dashboard › Quick Actions › should display quick action buttons 

    Error: expect(locator).toBeVisible() failed

    Locator: locator('[data-testid="quick-actions"]').or(getByRole('button').filter({ hasText: /new|start|create/i })).first()
    Expected: visible
    Timeout: 3000ms
    Error: element(s) not found

    Call log:
      - Expect "toBeVisible" with timeout 3000ms
      - waiting for locator('[data-testid="quick-actions"]').or(getByRole('button').filter({ hasText: /new|start|create/i })).first()


      122 |
      123 |       // Should have some actionable elements
    > 124 |       await expect(quickActions.first()).toBeVisible({ timeout: 3000 });
          |                                          ^
      125 |     });
      126 |
      127 |     test('should navigate to chat from quick actions', async ({ page }) => {
        at /mnt/nas/projects/one-ai-chat/tests/e2e/dashboard.e2e.ts:124:42

    attachment #1: screenshot (image/png) ──────────────────────────────────────────────────────────
    ../../test-results/dashboard.e2e.ts-Dashboard-942a6-isplay-quick-action-buttons-chromium-dark/test-failed-1.png
    ────────────────────────────────────────────────────────────────────────────────────────────────

    attachment #2: video (video/webm) ──────────────────────────────────────────────────────────────
    ../../test-results/dashboard.e2e.ts-Dashboard-942a6-isplay-quick-action-buttons-chromium-dark/video.webm
    ────────────────────────────────────────────────────────────────────────────────────────────────

    Error Context: ../../test-results/dashboard.e2e.ts-Dashboard-942a6-isplay-quick-action-buttons-chromium-dark/error-context.md

    attachment #4: trace (application/zip) ─────────────────────────────────────────────────────────
    ../../test-results/dashboard.e2e.ts-Dashboard-942a6-isplay-quick-action-buttons-chromium-dark/trace.zip
    Usage:

        pnpm exec playwright show-trace ../../test-results/dashboard.e2e.ts-Dashboard-942a6-isplay-quick-action-buttons-chromium-dark/trace.zip

    ────────────────────────────────────────────────────────────────────────────────────────────────
]]>
</failure>
<system-out>
<![CDATA[
[[ATTACHMENT|../../test-results/dashboard.e2e.ts-Dashboard-942a6-isplay-quick-action-buttons-chromium-dark/test-failed-1.png]]

[[ATTACHMENT|../../test-results/dashboard.e2e.ts-Dashboard-942a6-isplay-quick-action-buttons-chromium-dark/video.webm]]

[[ATTACHMENT|../../test-results/dashboard.e2e.ts-Dashboard-942a6-isplay-quick-action-buttons-chromium-dark/error-context.md]]

[[ATTACHMENT|../../test-results/dashboard.e2e.ts-Dashboard-942a6-isplay-quick-action-buttons-chromium-dark/trace.zip]]
]]>
</system-out>
</testcase>
<testcase name="Dashboard › Quick Actions › should navigate to chat from quick actions" classname="dashboard.e2e.ts" time="2.364">
<system-out>
<![CDATA[
[[ATTACHMENT|../../test-results/dashboard.e2e.ts-Dashboard-762c2--to-chat-from-quick-actions-chromium-dark/video.webm]]

[[ATTACHMENT|../../test-results/dashboard.e2e.ts-Dashboard-762c2--to-chat-from-quick-actions-chromium-dark/trace.zip]]
]]>
</system-out>
</testcase>
<testcase name="Dashboard › Recent Activity › should display recent conversations" classname="dashboard.e2e.ts" time="2.02">
<system-out>
<![CDATA[
[[ATTACHMENT|../../test-results/dashboard.e2e.ts-Dashboard-25382-isplay-recent-conversations-chromium-dark/video.webm]]

[[ATTACHMENT|../../test-results/dashboard.e2e.ts-Dashboard-25382-isplay-recent-conversations-chromium-dark/trace.zip]]
]]>
</system-out>
</testcase>
<testcase name="Dashboard › Recent Activity › should allow resuming recent conversation" classname="dashboard.e2e.ts" time="2.108">
<system-out>
<![CDATA[
[[ATTACHMENT|../../test-results/dashboard.e2e.ts-Dashboard-c05fe-esuming-recent-conversation-chromium-dark/video.webm]]

[[ATTACHMENT|../../test-results/dashboard.e2e.ts-Dashboard-c05fe-esuming-recent-conversation-chromium-dark/trace.zip]]
]]>
</system-out>
</testcase>
<testcase name="Dashboard › Navigation › should navigate to Chat page" classname="dashboard.e2e.ts" time="12.182">
<failure message="dashboard.e2e.ts:172:5 should navigate to Chat page" type="FAILURE">
<![CDATA[  [chromium-dark] › dashboard.e2e.ts:172:5 › Dashboard › Navigation › should navigate to Chat page ─

    Error: expect(locator).toBeVisible() failed

    Locator: getByRole('button', { name: /chat/i }).or(locator('[data-testid="sidebar"] button').filter({ hasText: /chat/i })).first()
    Expected: visible
    Timeout: 10000ms
    Error: element(s) not found

    Call log:
      - Expect "toBeVisible" with timeout 10000ms
      - waiting for getByRole('button', { name: /chat/i }).or(locator('[data-testid="sidebar"] button').filter({ hasText: /chat/i })).first()


      174 |       const chatButton = page.getByRole('button', { name: /chat/i }).or(page.locator('[data-testid="sidebar"] button').filter({ hasText: /chat/i }));
      175 |
    > 176 |       await expect(chatButton.first()).toBeVisible();
          |                                        ^
      177 |       await chatButton.first().click();
      178 |
      179 |       await expect(page).toHaveURL(/\/chat/);
        at /mnt/nas/projects/one-ai-chat/tests/e2e/dashboard.e2e.ts:176:40

    attachment #1: screenshot (image/png) ──────────────────────────────────────────────────────────
    ../../test-results/dashboard.e2e.ts-Dashboard-dfe49-hould-navigate-to-Chat-page-chromium-dark/test-failed-1.png
    ────────────────────────────────────────────────────────────────────────────────────────────────

    attachment #2: video (video/webm) ──────────────────────────────────────────────────────────────
    ../../test-results/dashboard.e2e.ts-Dashboard-dfe49-hould-navigate-to-Chat-page-chromium-dark/video.webm
    ────────────────────────────────────────────────────────────────────────────────────────────────

    Error Context: ../../test-results/dashboard.e2e.ts-Dashboard-dfe49-hould-navigate-to-Chat-page-chromium-dark/error-context.md

    attachment #4: trace (application/zip) ─────────────────────────────────────────────────────────
    ../../test-results/dashboard.e2e.ts-Dashboard-dfe49-hould-navigate-to-Chat-page-chromium-dark/trace.zip
    Usage:

        pnpm exec playwright show-trace ../../test-results/dashboard.e2e.ts-Dashboard-dfe49-hould-navigate-to-Chat-page-chromium-dark/trace.zip

    ────────────────────────────────────────────────────────────────────────────────────────────────
]]>
</failure>
<system-out>
<![CDATA[
[[ATTACHMENT|../../test-results/dashboard.e2e.ts-Dashboard-dfe49-hould-navigate-to-Chat-page-chromium-dark/test-failed-1.png]]

[[ATTACHMENT|../../test-results/dashboard.e2e.ts-Dashboard-dfe49-hould-navigate-to-Chat-page-chromium-dark/video.webm]]

[[ATTACHMENT|../../test-results/dashboard.e2e.ts-Dashboard-dfe49-hould-navigate-to-Chat-page-chromium-dark/error-context.md]]

[[ATTACHMENT|../../test-results/dashboard.e2e.ts-Dashboard-dfe49-hould-navigate-to-Chat-page-chromium-dark/trace.zip]]
]]>
</system-out>
</testcase>
<testcase name="Dashboard › Navigation › should navigate to Models page" classname="dashboard.e2e.ts" time="2.701">
<system-out>
<![CDATA[
[[ATTACHMENT|../../test-results/dashboard.e2e.ts-Dashboard-3e0f7-uld-navigate-to-Models-page-chromium-dark/video.webm]]

[[ATTACHMENT|../../test-results/dashboard.e2e.ts-Dashboard-3e0f7-uld-navigate-to-Models-page-chromium-dark/trace.zip]]
]]>
</system-out>
</testcase>
<testcase name="Dashboard › Navigation › should navigate to Prompts page" classname="dashboard.e2e.ts" time="2.649">
<system-out>
<![CDATA[
[[ATTACHMENT|../../test-results/dashboard.e2e.ts-Dashboard-9c932-ld-navigate-to-Prompts-page-chromium-dark/video.webm]]

[[ATTACHMENT|../../test-results/dashboard.e2e.ts-Dashboard-9c932-ld-navigate-to-Prompts-page-chromium-dark/trace.zip]]
]]>
</system-out>
</testcase>
<testcase name="Dashboard › Navigation › should navigate to Help page" classname="dashboard.e2e.ts" time="3.192">
<system-out>
<![CDATA[
[[ATTACHMENT|../../test-results/dashboard.e2e.ts-Dashboard-ce7e5-hould-navigate-to-Help-page-chromium-dark/video.webm]]

[[ATTACHMENT|../../test-results/dashboard.e2e.ts-Dashboard-ce7e5-hould-navigate-to-Help-page-chromium-dark/trace.zip]]
]]>
</system-out>
</testcase>
<testcase name="Dashboard › Theme Toggle › should display theme toggle" classname="dashboard.e2e.ts" time="2.549">
<system-out>
<![CDATA[
[[ATTACHMENT|../../test-results/dashboard.e2e.ts-Dashboard-435ac-should-display-theme-toggle-chromium-dark/video.webm]]

[[ATTACHMENT|../../test-results/dashboard.e2e.ts-Dashboard-435ac-should-display-theme-toggle-chromium-dark/trace.zip]]
]]>
</system-out>
</testcase>
<testcase name="Dashboard › Theme Toggle › should toggle theme on click" classname="dashboard.e2e.ts" time="2.581">
<system-out>
<![CDATA[
[[ATTACHMENT|../../test-results/dashboard.e2e.ts-Dashboard-12547-hould-toggle-theme-on-click-chromium-dark/video.webm]]

[[ATTACHMENT|../../test-results/dashboard.e2e.ts-Dashboard-12547-hould-toggle-theme-on-click-chromium-dark/trace.zip]]
]]>
</system-out>
</testcase>
<testcase name="Dashboard › Responsive Design › should adapt to mobile viewport" classname="dashboard.e2e.ts" time="12.56">
<failure message="dashboard.e2e.ts:253:5 should adapt to mobile viewport" type="FAILURE">
<![CDATA[  [chromium-dark] › dashboard.e2e.ts:253:5 › Dashboard › Responsive Design › should adapt to mobile viewport 

    Error: expect(locator).toBeVisible() failed

    Locator: locator('main').or(locator('[data-testid="dashboard"]')).first()
    Expected: visible
    Timeout: 10000ms
    Error: element(s) not found

    Call log:
      - Expect "toBeVisible" with timeout 10000ms
      - waiting for locator('main').or(locator('[data-testid="dashboard"]')).first()


      256 |       // Main content should still be visible
      257 |       const mainContent = page.locator('main').or(page.locator('[data-testid="dashboard"]'));
    > 258 |       await expect(mainContent.first()).toBeVisible();
          |                                         ^
      259 |
      260 |       // Navigation might be in a hamburger menu
      261 |       const hamburger = page
        at /mnt/nas/projects/one-ai-chat/tests/e2e/dashboard.e2e.ts:258:41

    attachment #1: screenshot (image/png) ──────────────────────────────────────────────────────────
    ../../test-results/dashboard.e2e.ts-Dashboard-f31fc-ld-adapt-to-mobile-viewport-chromium-dark/test-failed-1.png
    ────────────────────────────────────────────────────────────────────────────────────────────────

    attachment #2: video (video/webm) ──────────────────────────────────────────────────────────────
    ../../test-results/dashboard.e2e.ts-Dashboard-f31fc-ld-adapt-to-mobile-viewport-chromium-dark/video.webm
    ────────────────────────────────────────────────────────────────────────────────────────────────

    Error Context: ../../test-results/dashboard.e2e.ts-Dashboard-f31fc-ld-adapt-to-mobile-viewport-chromium-dark/error-context.md

    attachment #4: trace (application/zip) ─────────────────────────────────────────────────────────
    ../../test-results/dashboard.e2e.ts-Dashboard-f31fc-ld-adapt-to-mobile-viewport-chromium-dark/trace.zip
    Usage:

        pnpm exec playwright show-trace ../../test-results/dashboard.e2e.ts-Dashboard-f31fc-ld-adapt-to-mobile-viewport-chromium-dark/trace.zip

    ────────────────────────────────────────────────────────────────────────────────────────────────
]]>
</failure>
<system-out>
<![CDATA[
[[ATTACHMENT|../../test-results/dashboard.e2e.ts-Dashboard-f31fc-ld-adapt-to-mobile-viewport-chromium-dark/test-failed-1.png]]

[[ATTACHMENT|../../test-results/dashboard.e2e.ts-Dashboard-f31fc-ld-adapt-to-mobile-viewport-chromium-dark/video.webm]]

[[ATTACHMENT|../../test-results/dashboard.e2e.ts-Dashboard-f31fc-ld-adapt-to-mobile-viewport-chromium-dark/error-context.md]]

[[ATTACHMENT|../../test-results/dashboard.e2e.ts-Dashboard-f31fc-ld-adapt-to-mobile-viewport-chromium-dark/trace.zip]]
]]>
</system-out>
</testcase>
<testcase name="Dashboard › Responsive Design › should adapt to tablet viewport" classname="dashboard.e2e.ts" time="12.41">
<failure message="dashboard.e2e.ts:273:5 should adapt to tablet viewport" type="FAILURE">
<![CDATA[  [chromium-dark] › dashboard.e2e.ts:273:5 › Dashboard › Responsive Design › should adapt to tablet viewport 

    Error: expect(locator).toBeVisible() failed

    Locator: locator('main').or(locator('[data-testid="dashboard"]')).first()
    Expected: visible
    Timeout: 10000ms
    Error: element(s) not found

    Call log:
      - Expect "toBeVisible" with timeout 10000ms
      - waiting for locator('main').or(locator('[data-testid="dashboard"]')).first()


      275 |
      276 |       const mainContent = page.locator('main').or(page.locator('[data-testid="dashboard"]'));
    > 277 |       await expect(mainContent.first()).toBeVisible();
          |                                         ^
      278 |     });
      279 |   });
      280 | });
        at /mnt/nas/projects/one-ai-chat/tests/e2e/dashboard.e2e.ts:277:41

    attachment #1: screenshot (image/png) ──────────────────────────────────────────────────────────
    ../../test-results/dashboard.e2e.ts-Dashboard-cd298-ld-adapt-to-tablet-viewport-chromium-dark/test-failed-1.png
    ────────────────────────────────────────────────────────────────────────────────────────────────

    attachment #2: video (video/webm) ──────────────────────────────────────────────────────────────
    ../../test-results/dashboard.e2e.ts-Dashboard-cd298-ld-adapt-to-tablet-viewport-chromium-dark/video.webm
    ────────────────────────────────────────────────────────────────────────────────────────────────

    Error Context: ../../test-results/dashboard.e2e.ts-Dashboard-cd298-ld-adapt-to-tablet-viewport-chromium-dark/error-context.md

    attachment #4: trace (application/zip) ─────────────────────────────────────────────────────────
    ../../test-results/dashboard.e2e.ts-Dashboard-cd298-ld-adapt-to-tablet-viewport-chromium-dark/trace.zip
    Usage:

        pnpm exec playwright show-trace ../../test-results/dashboard.e2e.ts-Dashboard-cd298-ld-adapt-to-tablet-viewport-chromium-dark/trace.zip

    ────────────────────────────────────────────────────────────────────────────────────────────────
]]>
</failure>
<system-out>
<![CDATA[
[[ATTACHMENT|../../test-results/dashboard.e2e.ts-Dashboard-cd298-ld-adapt-to-tablet-viewport-chromium-dark/test-failed-1.png]]

[[ATTACHMENT|../../test-results/dashboard.e2e.ts-Dashboard-cd298-ld-adapt-to-tablet-viewport-chromium-dark/video.webm]]

[[ATTACHMENT|../../test-results/dashboard.e2e.ts-Dashboard-cd298-ld-adapt-to-tablet-viewport-chromium-dark/error-context.md]]

[[ATTACHMENT|../../test-results/dashboard.e2e.ts-Dashboard-cd298-ld-adapt-to-tablet-viewport-chromium-dark/trace.zip]]
]]>
</system-out>
</testcase>
</testsuite>
</testsuites>